=== REPOSITORY TEST SUMMARY ===
Timestamp: Thu Sep 25 14:49:38 PDT 2025
Status: PASS
Total Tests Executed: 3229
Passed: 3197
Failed: 20
Skipped: 10
Tests without explicit status: 2
Test Functions Discovered: 1425
Duration: s

=== FAILED TESTS ===
No failed tests details found

=== FAILED PACKAGES ===
No failed packages found

=== PACKAGE TEST SUMMARY ===
