=== REPOSITORY TEST SUMMARY ===
Timestamp: Thu Sep 25 13:17:23 PDT 2025
Status: PASS
Total Tests Executed: 3203
Passed: 3164
Failed: 23
Skipped: 10
Tests without explicit status: 6
Test Functions Discovered: 1425
Duration: s

=== FAILED TESTS ===
No failed tests details found

=== FAILED PACKAGES ===
No failed packages found

=== PACKAGE TEST SUMMARY ===
