=== REPOSITORY TEST SUMMARY ===
Timestamp: Thu Sep 25 14:23:29 PDT 2025
Status: PASS
Total Tests Executed: 3210
Passed: 3176
Failed: 21
Skipped: 10
Tests without explicit status: 3
Test Functions Discovered: 1425
Duration: s

=== FAILED TESTS ===
No failed tests details found

=== FAILED PACKAGES ===
No failed packages found

=== PACKAGE TEST SUMMARY ===
