mode: set
github.com/poiley/mcp-bridge/services/router/internal/config/config.go:144.47,151.22 3 1
github.com/poiley/mcp-bridge/services/router/internal/config/config.go:151.22,153.3 1 1
github.com/poiley/mcp-bridge/services/router/internal/config/config.go:153.8,162.3 6 1
github.com/poiley/mcp-bridge/services/router/internal/config/config.go:165.2,179.41 11 1
github.com/poiley/mcp-bridge/services/router/internal/config/config.go:179.41,181.56 1 1
github.com/poiley/mcp-bridge/services/router/internal/config/config.go:181.56,183.4 1 1
github.com/poiley/mcp-bridge/services/router/internal/config/config.go:187.2,188.42 2 1
github.com/poiley/mcp-bridge/services/router/internal/config/config.go:188.42,190.3 1 0
github.com/poiley/mcp-bridge/services/router/internal/config/config.go:193.2,193.39 1 1
github.com/poiley/mcp-bridge/services/router/internal/config/config.go:193.39,195.3 1 1
github.com/poiley/mcp-bridge/services/router/internal/config/config.go:198.2,198.44 1 1
github.com/poiley/mcp-bridge/services/router/internal/config/config.go:198.44,200.3 1 0
github.com/poiley/mcp-bridge/services/router/internal/config/config.go:202.2,202.18 1 1
github.com/poiley/mcp-bridge/services/router/internal/config/config.go:205.34,284.2 65 1
github.com/poiley/mcp-bridge/services/router/internal/config/config.go:286.34,287.41 1 1
github.com/poiley/mcp-bridge/services/router/internal/config/config.go:287.41,289.3 1 1
github.com/poiley/mcp-bridge/services/router/internal/config/config.go:292.2,292.53 1 1
github.com/poiley/mcp-bridge/services/router/internal/config/config.go:292.53,293.25 1 1
github.com/poiley/mcp-bridge/services/router/internal/config/config.go:293.25,295.4 1 0
github.com/poiley/mcp-bridge/services/router/internal/config/config.go:297.3,297.31 1 1
github.com/poiley/mcp-bridge/services/router/internal/config/config.go:297.31,299.4 1 0
github.com/poiley/mcp-bridge/services/router/internal/config/config.go:301.3,301.29 1 1
github.com/poiley/mcp-bridge/services/router/internal/config/config.go:302.17,302.17 0 1
github.com/poiley/mcp-bridge/services/router/internal/config/config.go:304.15,305.71 1 1
github.com/poiley/mcp-bridge/services/router/internal/config/config.go:305.71,307.5 1 1
github.com/poiley/mcp-bridge/services/router/internal/config/config.go:308.17,309.73 1 1
github.com/poiley/mcp-bridge/services/router/internal/config/config.go:309.73,311.5 1 1
github.com/poiley/mcp-bridge/services/router/internal/config/config.go:312.11,313.89 1 1
github.com/poiley/mcp-bridge/services/router/internal/config/config.go:317.3,317.27 1 1
github.com/poiley/mcp-bridge/services/router/internal/config/config.go:317.27,319.4 1 1
github.com/poiley/mcp-bridge/services/router/internal/config/config.go:321.3,321.29 1 1
github.com/poiley/mcp-bridge/services/router/internal/config/config.go:321.29,323.4 1 1
github.com/poiley/mcp-bridge/services/router/internal/config/config.go:325.3,325.30 1 1
github.com/poiley/mcp-bridge/services/router/internal/config/config.go:325.30,327.4 1 1
github.com/poiley/mcp-bridge/services/router/internal/config/config.go:330.2,330.12 1 1
github.com/poiley/mcp-bridge/services/router/internal/config/config.go:333.39,336.16 2 1
github.com/poiley/mcp-bridge/services/router/internal/config/config.go:336.16,339.3 1 0
github.com/poiley/mcp-bridge/services/router/internal/config/config.go:342.2,342.53 1 1
github.com/poiley/mcp-bridge/services/router/internal/config/config.go:342.53,343.29 1 1
github.com/poiley/mcp-bridge/services/router/internal/config/config.go:344.17,346.18 2 1
github.com/poiley/mcp-bridge/services/router/internal/config/config.go:346.18,348.5 1 0
github.com/poiley/mcp-bridge/services/router/internal/config/config.go:350.4,350.51 1 1
github.com/poiley/mcp-bridge/services/router/internal/config/config.go:352.17,353.94 1 1
github.com/poiley/mcp-bridge/services/router/internal/config/config.go:353.94,355.5 1 0
github.com/poiley/mcp-bridge/services/router/internal/config/config.go:359.2,359.12 1 1
github.com/poiley/mcp-bridge/services/router/internal/config/config.go:362.107,364.47 1 1
github.com/poiley/mcp-bridge/services/router/internal/config/config.go:364.47,365.68 1 0
github.com/poiley/mcp-bridge/services/router/internal/config/config.go:365.68,367.4 1 0
github.com/poiley/mcp-bridge/services/router/internal/config/config.go:371.2,371.25 1 1
github.com/poiley/mcp-bridge/services/router/internal/config/config.go:371.25,372.53 1 1
github.com/poiley/mcp-bridge/services/router/internal/config/config.go:372.53,374.49 1 1
github.com/poiley/mcp-bridge/services/router/internal/config/config.go:374.49,376.5 1 0
github.com/poiley/mcp-bridge/services/router/internal/config/config.go:378.4,378.21 1 1
github.com/poiley/mcp-bridge/services/router/internal/config/config.go:383.2,383.26 1 1
github.com/poiley/mcp-bridge/services/router/internal/config/config.go:383.26,387.17 3 1
github.com/poiley/mcp-bridge/services/router/internal/config/config.go:387.17,389.4 1 0
github.com/poiley/mcp-bridge/services/router/internal/config/config.go:391.3,393.48 2 1
github.com/poiley/mcp-bridge/services/router/internal/config/config.go:393.48,395.4 1 0
github.com/poiley/mcp-bridge/services/router/internal/config/config.go:397.3,397.20 1 1
github.com/poiley/mcp-bridge/services/router/internal/config/config.go:401.2,401.55 1 1
github.com/poiley/mcp-bridge/services/router/internal/config/config.go:401.55,403.48 1 1
github.com/poiley/mcp-bridge/services/router/internal/config/config.go:403.48,406.4 2 1
github.com/poiley/mcp-bridge/services/router/internal/config/config.go:408.3,408.20 1 1
github.com/poiley/mcp-bridge/services/router/internal/config/config.go:411.2,411.117 1 0
github.com/poiley/mcp-bridge/services/router/internal/config/config.go:414.103,426.34 2 1
github.com/poiley/mcp-bridge/services/router/internal/config/config.go:426.34,436.26 2 0
github.com/poiley/mcp-bridge/services/router/internal/config/config.go:436.26,438.4 1 0
github.com/poiley/mcp-bridge/services/router/internal/config/config.go:442.2,442.26 1 1
github.com/poiley/mcp-bridge/services/router/internal/config/config.go:442.26,444.3 1 1
github.com/poiley/mcp-bridge/services/router/internal/config/config.go:446.2,446.12 1 1
github.com/poiley/mcp-bridge/services/router/internal/config/config.go:460.70,462.41 1 1
github.com/poiley/mcp-bridge/services/router/internal/config/config.go:462.41,463.62 1 0
github.com/poiley/mcp-bridge/services/router/internal/config/config.go:463.62,467.4 2 0
github.com/poiley/mcp-bridge/services/router/internal/config/config.go:471.2,471.48 1 1
github.com/poiley/mcp-bridge/services/router/internal/config/config.go:471.48,472.50 1 0
github.com/poiley/mcp-bridge/services/router/internal/config/config.go:472.50,475.43 2 0
github.com/poiley/mcp-bridge/services/router/internal/config/config.go:475.43,477.5 1 0
github.com/poiley/mcp-bridge/services/router/internal/config/config.go:479.4,479.10 1 0
github.com/poiley/mcp-bridge/services/router/internal/config/config.go:484.2,484.55 1 1
github.com/poiley/mcp-bridge/services/router/internal/config/config.go:484.55,485.57 1 1
github.com/poiley/mcp-bridge/services/router/internal/config/config.go:485.57,488.20 2 0
github.com/poiley/mcp-bridge/services/router/internal/config/config.go:488.20,490.45 2 0
github.com/poiley/mcp-bridge/services/router/internal/config/config.go:490.45,492.6 1 0
github.com/poiley/mcp-bridge/services/router/internal/config/config.go:494.5,494.18 1 0
github.com/poiley/mcp-bridge/services/router/internal/config/config.go:494.18,496.6 1 0
github.com/poiley/mcp-bridge/services/router/internal/config/config.go:502.37,503.16 1 1
github.com/poiley/mcp-bridge/services/router/internal/config/config.go:503.16,505.3 1 1
github.com/poiley/mcp-bridge/services/router/internal/config/config.go:507.2,507.20 1 1
github.com/poiley/mcp-bridge/services/router/internal/config/config.go:507.20,510.3 2 1
github.com/poiley/mcp-bridge/services/router/internal/config/config.go:512.2,512.13 1 1
github.com/poiley/mcp-bridge/services/router/internal/config/config.go:515.52,517.2 1 1
github.com/poiley/mcp-bridge/services/router/internal/config/config.go:520.44,522.2 1 0
github.com/poiley/mcp-bridge/services/router/internal/config/config.go:525.58,527.2 1 1
github.com/poiley/mcp-bridge/services/router/internal/config/config.go:530.61,533.27 2 1
github.com/poiley/mcp-bridge/services/router/internal/config/config.go:533.27,535.3 1 0
github.com/poiley/mcp-bridge/services/router/internal/config/config.go:537.2,537.33 1 1
github.com/poiley/mcp-bridge/services/router/internal/config/config.go:537.33,539.3 1 0
github.com/poiley/mcp-bridge/services/router/internal/config/config.go:541.2,541.28 1 1
github.com/poiley/mcp-bridge/services/router/internal/config/config.go:541.28,543.3 1 0
github.com/poiley/mcp-bridge/services/router/internal/config/config.go:545.2,545.15 1 1
github.com/poiley/mcp-bridge/services/router/internal/config/config.go:549.69,552.33 2 0
github.com/poiley/mcp-bridge/services/router/internal/config/config.go:552.33,554.3 1 0
github.com/poiley/mcp-bridge/services/router/internal/config/config.go:556.2,556.37 1 0
github.com/poiley/mcp-bridge/services/router/internal/config/config.go:556.37,558.3 1 0
github.com/poiley/mcp-bridge/services/router/internal/config/config.go:560.2,560.36 1 0
github.com/poiley/mcp-bridge/services/router/internal/config/config.go:560.36,562.3 1 0
github.com/poiley/mcp-bridge/services/router/internal/config/config.go:564.2,564.34 1 0
github.com/poiley/mcp-bridge/services/router/internal/config/config.go:564.34,566.3 1 0
github.com/poiley/mcp-bridge/services/router/internal/config/config.go:568.2,568.15 1 0
github.com/poiley/mcp-bridge/services/router/internal/config/config.go:572.65,575.34 2 1
github.com/poiley/mcp-bridge/services/router/internal/config/config.go:575.34,577.3 1 0
github.com/poiley/mcp-bridge/services/router/internal/config/config.go:579.2,579.33 1 1
github.com/poiley/mcp-bridge/services/router/internal/config/config.go:579.33,581.3 1 0
github.com/poiley/mcp-bridge/services/router/internal/config/config.go:583.2,583.34 1 1
github.com/poiley/mcp-bridge/services/router/internal/config/config.go:583.34,585.3 1 0
github.com/poiley/mcp-bridge/services/router/internal/config/config.go:587.2,587.33 1 1
github.com/poiley/mcp-bridge/services/router/internal/config/config.go:587.33,589.3 1 0
github.com/poiley/mcp-bridge/services/router/internal/config/config.go:591.2,591.34 1 1
github.com/poiley/mcp-bridge/services/router/internal/config/config.go:591.34,593.3 1 0
github.com/poiley/mcp-bridge/services/router/internal/config/config.go:595.2,595.15 1 1
github.com/poiley/mcp-bridge/services/router/internal/config/config.go:599.69,601.2 1 0
github.com/poiley/mcp-bridge/services/router/internal/config/config.go:604.56,606.2 1 0
github.com/poiley/mcp-bridge/services/router/internal/config/config.go:610.38,613.2 1 0
github.com/poiley/mcp-bridge/services/router/internal/health/checker.go:50.76,55.2 1 1
github.com/poiley/mcp-bridge/services/router/internal/health/checker.go:58.68,64.2 4 1
github.com/poiley/mcp-bridge/services/router/internal/health/checker.go:67.75,71.37 3 1
github.com/poiley/mcp-bridge/services/router/internal/health/checker.go:71.37,72.50 1 1
github.com/poiley/mcp-bridge/services/router/internal/health/checker.go:72.50,77.4 3 1
github.com/poiley/mcp-bridge/services/router/internal/health/checker.go:80.2,80.14 1 1
github.com/poiley/mcp-bridge/services/router/internal/health/checker.go:84.87,95.35 7 1
github.com/poiley/mcp-bridge/services/router/internal/health/checker.go:95.35,98.40 2 1
github.com/poiley/mcp-bridge/services/router/internal/health/checker.go:98.40,102.4 2 1
github.com/poiley/mcp-bridge/services/router/internal/health/checker.go:105.2,107.16 2 1
github.com/poiley/mcp-bridge/services/router/internal/health/checker.go:111.90,129.33 6 1
github.com/poiley/mcp-bridge/services/router/internal/health/checker.go:129.33,138.26 2 1
github.com/poiley/mcp-bridge/services/router/internal/health/checker.go:138.26,140.4 1 0
github.com/poiley/mcp-bridge/services/router/internal/health/checker.go:142.3,147.24 2 1
github.com/poiley/mcp-bridge/services/router/internal/health/checker.go:148.28,149.18 1 1
github.com/poiley/mcp-bridge/services/router/internal/health/checker.go:150.29,151.19 1 1
github.com/poiley/mcp-bridge/services/router/internal/health/checker.go:152.30,153.20 1 1
github.com/poiley/mcp-bridge/services/router/internal/health/checker.go:157.2,162.24 4 1
github.com/poiley/mcp-bridge/services/router/internal/health/checker.go:162.24,166.3 2 1
github.com/poiley/mcp-bridge/services/router/internal/health/checker.go:166.8,166.30 1 1
github.com/poiley/mcp-bridge/services/router/internal/health/checker.go:166.30,170.3 2 1
github.com/poiley/mcp-bridge/services/router/internal/health/checker.go:170.8,170.30 1 1
github.com/poiley/mcp-bridge/services/router/internal/health/checker.go:170.30,173.3 2 1
github.com/poiley/mcp-bridge/services/router/internal/health/checker.go:175.2,175.22 1 1
github.com/poiley/mcp-bridge/services/router/internal/health/checker.go:190.29,195.2 1 1
github.com/poiley/mcp-bridge/services/router/internal/health/checker.go:198.87,206.15 3 1
github.com/poiley/mcp-bridge/services/router/internal/health/checker.go:206.15,208.3 1 1
github.com/poiley/mcp-bridge/services/router/internal/health/checker.go:210.2,214.53 4 1
github.com/poiley/mcp-bridge/services/router/internal/health/checker.go:214.53,216.3 1 1
github.com/poiley/mcp-bridge/services/router/internal/health/checker.go:218.2,218.57 1 1
github.com/poiley/mcp-bridge/services/router/internal/health/checker.go:218.57,220.3 1 1
github.com/poiley/mcp-bridge/services/router/internal/health/checker.go:222.2,228.72 2 1
github.com/poiley/mcp-bridge/services/router/internal/health/checker.go:228.72,230.3 1 0
github.com/poiley/mcp-bridge/services/router/internal/health/checker.go:232.2,232.25 1 1
github.com/poiley/mcp-bridge/services/router/internal/health/checker.go:232.25,235.3 2 1
github.com/poiley/mcp-bridge/services/router/internal/health/checker.go:235.8,235.34 1 1
github.com/poiley/mcp-bridge/services/router/internal/health/checker.go:235.34,238.3 2 1
github.com/poiley/mcp-bridge/services/router/internal/health/checker.go:238.8,238.46 1 1
github.com/poiley/mcp-bridge/services/router/internal/health/checker.go:238.46,241.3 2 1
github.com/poiley/mcp-bridge/services/router/internal/health/checker.go:241.8,244.3 2 1
github.com/poiley/mcp-bridge/services/router/internal/health/checker.go:246.2,246.15 1 1
github.com/poiley/mcp-bridge/services/router/internal/health/checker.go:250.62,252.2 1 0
github.com/poiley/mcp-bridge/services/router/internal/health/checker.go:268.35,273.2 1 1
github.com/poiley/mcp-bridge/services/router/internal/health/checker.go:276.93,284.15 3 1
github.com/poiley/mcp-bridge/services/router/internal/health/checker.go:284.15,286.3 1 1
github.com/poiley/mcp-bridge/services/router/internal/health/checker.go:288.2,297.18 5 1
github.com/poiley/mcp-bridge/services/router/internal/health/checker.go:298.19,300.44 2 1
github.com/poiley/mcp-bridge/services/router/internal/health/checker.go:301.36,303.67 2 1
github.com/poiley/mcp-bridge/services/router/internal/health/checker.go:304.15,306.47 2 1
github.com/poiley/mcp-bridge/services/router/internal/health/checker.go:307.18,309.49 2 1
github.com/poiley/mcp-bridge/services/router/internal/health/checker.go:310.10,312.73 2 0
github.com/poiley/mcp-bridge/services/router/internal/health/checker.go:316.2,316.21 1 1
github.com/poiley/mcp-bridge/services/router/internal/health/checker.go:316.21,319.3 2 1
github.com/poiley/mcp-bridge/services/router/internal/health/checker.go:321.2,321.15 1 1
github.com/poiley/mcp-bridge/services/router/internal/health/checker.go:325.68,327.2 1 0
github.com/poiley/mcp-bridge/services/router/internal/health/checker.go:341.25,346.2 1 0
github.com/poiley/mcp-bridge/services/router/internal/health/checker.go:349.83,357.15 3 0
github.com/poiley/mcp-bridge/services/router/internal/health/checker.go:357.15,359.3 1 0
github.com/poiley/mcp-bridge/services/router/internal/health/checker.go:361.2,365.84 3 0
github.com/poiley/mcp-bridge/services/router/internal/health/checker.go:365.84,368.3 2 0
github.com/poiley/mcp-bridge/services/router/internal/health/checker.go:368.8,371.3 2 0
github.com/poiley/mcp-bridge/services/router/internal/health/checker.go:374.2,374.63 1 0
github.com/poiley/mcp-bridge/services/router/internal/health/checker.go:374.63,375.81 1 0
github.com/poiley/mcp-bridge/services/router/internal/health/checker.go:375.81,379.22 3 0
github.com/poiley/mcp-bridge/services/router/internal/health/checker.go:379.22,382.5 2 0
github.com/poiley/mcp-bridge/services/router/internal/health/checker.go:386.2,386.15 1 0
github.com/poiley/mcp-bridge/services/router/internal/health/checker.go:390.58,392.2 1 0
github.com/poiley/mcp-bridge/services/router/internal/health/checker.go:401.127,406.2 1 1
github.com/poiley/mcp-bridge/services/router/internal/health/checker.go:409.82,411.2 1 1
github.com/poiley/mcp-bridge/services/router/internal/health/checker.go:414.57,416.2 1 1
github.com/poiley/mcp-bridge/services/router/internal/metrics/prometheus.go:171.85,189.2 5 1
github.com/poiley/mcp-bridge/services/router/internal/metrics/prometheus.go:192.51,196.23 3 1
github.com/poiley/mcp-bridge/services/router/internal/metrics/prometheus.go:196.23,198.3 1 1
github.com/poiley/mcp-bridge/services/router/internal/metrics/prometheus.go:200.2,200.22 1 0
github.com/poiley/mcp-bridge/services/router/internal/metrics/prometheus.go:204.73,206.2 1 1
github.com/poiley/mcp-bridge/services/router/internal/metrics/prometheus.go:209.63,211.16 2 1
github.com/poiley/mcp-bridge/services/router/internal/metrics/prometheus.go:211.16,213.3 1 1
github.com/poiley/mcp-bridge/services/router/internal/metrics/prometheus.go:215.2,223.12 5 1
github.com/poiley/mcp-bridge/services/router/internal/metrics/prometheus.go:223.12,229.56 4 1
github.com/poiley/mcp-bridge/services/router/internal/metrics/prometheus.go:229.56,231.4 1 0
github.com/poiley/mcp-bridge/services/router/internal/metrics/prometheus.go:234.2,234.80 1 1
github.com/poiley/mcp-bridge/services/router/internal/metrics/prometheus.go:234.80,236.3 1 0
github.com/poiley/mcp-bridge/services/router/internal/metrics/prometheus.go:238.2,238.12 1 1
github.com/poiley/mcp-bridge/services/router/internal/metrics/prometheus.go:242.85,252.28 4 1
github.com/poiley/mcp-bridge/services/router/internal/metrics/prometheus.go:252.28,254.21 2 1
github.com/poiley/mcp-bridge/services/router/internal/metrics/prometheus.go:254.21,258.4 3 1
github.com/poiley/mcp-bridge/services/router/internal/metrics/prometheus.go:268.68,282.35 2 1
github.com/poiley/mcp-bridge/services/router/internal/metrics/prometheus.go:282.35,284.21 2 1
github.com/poiley/mcp-bridge/services/router/internal/metrics/prometheus.go:284.21,286.4 1 1
github.com/poiley/mcp-bridge/services/router/internal/metrics/prometheus.go:288.3,288.68 1 1
github.com/poiley/mcp-bridge/services/router/internal/metrics/prometheus.go:288.68,290.4 1 0
github.com/poiley/mcp-bridge/services/router/internal/metrics/prometheus.go:292.3,292.56 1 1
github.com/poiley/mcp-bridge/services/router/internal/metrics/prometheus.go:292.56,294.4 1 0
github.com/poiley/mcp-bridge/services/router/internal/metrics/prometheus.go:299.72,300.39 1 1
github.com/poiley/mcp-bridge/services/router/internal/metrics/prometheus.go:300.39,302.3 1 1
github.com/poiley/mcp-bridge/services/router/internal/metrics/prometheus.go:304.2,304.110 1 1
github.com/poiley/mcp-bridge/services/router/internal/metrics/prometheus.go:304.110,306.3 1 0
github.com/poiley/mcp-bridge/services/router/internal/metrics/prometheus.go:308.2,310.57 2 1
github.com/poiley/mcp-bridge/services/router/internal/metrics/prometheus.go:310.57,314.66 3 1
github.com/poiley/mcp-bridge/services/router/internal/metrics/prometheus.go:314.66,316.4 1 0
github.com/poiley/mcp-bridge/services/router/internal/metrics/prometheus.go:318.3,318.60 1 1
github.com/poiley/mcp-bridge/services/router/internal/metrics/prometheus.go:318.60,320.4 1 0
github.com/poiley/mcp-bridge/services/router/internal/metrics/prometheus.go:325.76,326.37 1 1
github.com/poiley/mcp-bridge/services/router/internal/metrics/prometheus.go:326.37,328.3 1 1
github.com/poiley/mcp-bridge/services/router/internal/metrics/prometheus.go:330.2,330.100 1 1
github.com/poiley/mcp-bridge/services/router/internal/metrics/prometheus.go:330.100,332.3 1 0
github.com/poiley/mcp-bridge/services/router/internal/metrics/prometheus.go:334.2,338.53 4 1
github.com/poiley/mcp-bridge/services/router/internal/metrics/prometheus.go:338.53,340.3 1 0
github.com/poiley/mcp-bridge/services/router/internal/metrics/prometheus.go:342.2,342.59 1 1
github.com/poiley/mcp-bridge/services/router/internal/metrics/prometheus.go:342.59,344.3 1 0
github.com/poiley/mcp-bridge/services/router/internal/metrics/prometheus.go:348.47,349.81 1 1
github.com/poiley/mcp-bridge/services/router/internal/metrics/prometheus.go:349.81,351.3 1 0
github.com/poiley/mcp-bridge/services/router/internal/metrics/prometheus.go:353.2,353.39 1 1
github.com/poiley/mcp-bridge/services/router/internal/metrics/prometheus.go:358.79,359.75 1 1
github.com/poiley/mcp-bridge/services/router/internal/metrics/prometheus.go:359.75,361.3 1 0
github.com/poiley/mcp-bridge/services/router/internal/metrics/prometheus.go:363.2,363.81 1 1
github.com/poiley/mcp-bridge/services/router/internal/metrics/prometheus.go:363.81,365.3 1 0
github.com/poiley/mcp-bridge/services/router/internal/metrics/prometheus.go:367.2,367.13 1 1
github.com/poiley/mcp-bridge/services/router/internal/metrics/prometheus.go:370.74,374.2 2 1
github.com/poiley/mcp-bridge/services/router/internal/metrics/prometheus.go:376.115,378.39 2 1
github.com/poiley/mcp-bridge/services/router/internal/metrics/prometheus.go:378.39,380.3 1 1
github.com/poiley/mcp-bridge/services/router/internal/metrics/prometheus.go:382.2,382.30 1 1
github.com/poiley/mcp-bridge/services/router/internal/metrics/prometheus.go:382.30,384.40 2 1
github.com/poiley/mcp-bridge/services/router/internal/metrics/prometheus.go:384.40,385.28 1 1
github.com/poiley/mcp-bridge/services/router/internal/metrics/prometheus.go:385.28,387.5 1 1
github.com/poiley/mcp-bridge/services/router/internal/metrics/prometheus.go:391.2,391.16 1 1
github.com/poiley/mcp-bridge/services/router/internal/metrics/prometheus.go:394.81,396.30 2 1
github.com/poiley/mcp-bridge/services/router/internal/metrics/prometheus.go:396.30,398.3 1 1
github.com/poiley/mcp-bridge/services/router/internal/metrics/prometheus.go:400.2,400.12 1 1
github.com/poiley/mcp-bridge/services/router/internal/metrics/prometheus.go:403.113,404.39 1 1
github.com/poiley/mcp-bridge/services/router/internal/metrics/prometheus.go:404.39,407.42 2 1
github.com/poiley/mcp-bridge/services/router/internal/metrics/prometheus.go:407.42,409.4 1 0
github.com/poiley/mcp-bridge/services/router/internal/metrics/prometheus.go:412.2,412.13 1 1
github.com/poiley/mcp-bridge/services/router/internal/metrics/prometheus.go:415.90,417.30 1 1
github.com/poiley/mcp-bridge/services/router/internal/metrics/prometheus.go:417.30,419.3 1 0
github.com/poiley/mcp-bridge/services/router/internal/metrics/prometheus.go:421.2,422.28 1 1
github.com/poiley/mcp-bridge/services/router/internal/metrics/prometheus.go:422.28,424.3 1 0
github.com/poiley/mcp-bridge/services/router/internal/metrics/prometheus.go:426.2,427.30 1 1
github.com/poiley/mcp-bridge/services/router/internal/metrics/prometheus.go:427.30,429.3 1 0
github.com/poiley/mcp-bridge/services/router/internal/metrics/prometheus.go:431.2,431.13 1 1
github.com/poiley/mcp-bridge/services/router/internal/metrics/prometheus.go:434.83,436.39 2 1
github.com/poiley/mcp-bridge/services/router/internal/metrics/prometheus.go:436.39,438.3 1 1
github.com/poiley/mcp-bridge/services/router/internal/metrics/prometheus.go:440.2,440.29 1 1
github.com/poiley/mcp-bridge/services/router/internal/metrics/prometheus.go:440.29,441.40 1 1
github.com/poiley/mcp-bridge/services/router/internal/metrics/prometheus.go:441.40,442.25 1 1
github.com/poiley/mcp-bridge/services/router/internal/metrics/prometheus.go:442.25,444.5 1 1
github.com/poiley/mcp-bridge/services/router/internal/metrics/prometheus.go:448.2,448.16 1 1
github.com/poiley/mcp-bridge/services/router/internal/metrics/prometheus.go:451.59,453.29 2 1
github.com/poiley/mcp-bridge/services/router/internal/metrics/prometheus.go:453.29,455.3 1 1
github.com/poiley/mcp-bridge/services/router/internal/metrics/prometheus.go:457.2,457.12 1 1
github.com/poiley/mcp-bridge/services/router/internal/metrics/prometheus.go:460.86,461.39 1 1
github.com/poiley/mcp-bridge/services/router/internal/metrics/prometheus.go:461.39,463.121 2 1
github.com/poiley/mcp-bridge/services/router/internal/metrics/prometheus.go:463.121,465.4 1 0
github.com/poiley/mcp-bridge/services/router/internal/metrics/prometheus.go:468.2,468.13 1 1
github.com/poiley/mcp-bridge/services/router/internal/metrics/prometheus.go:471.63,472.111 1 1
github.com/poiley/mcp-bridge/services/router/internal/metrics/prometheus.go:472.111,474.3 1 0
github.com/poiley/mcp-bridge/services/router/internal/metrics/prometheus.go:476.2,476.93 1 1
github.com/poiley/mcp-bridge/services/router/internal/metrics/prometheus.go:476.93,478.3 1 0
github.com/poiley/mcp-bridge/services/router/internal/metrics/prometheus.go:480.2,480.97 1 1
github.com/poiley/mcp-bridge/services/router/internal/metrics/prometheus.go:480.97,482.3 1 0
github.com/poiley/mcp-bridge/services/router/internal/metrics/prometheus.go:484.2,484.13 1 1
github.com/poiley/mcp-bridge/services/router/internal/metrics/prometheus.go:488.84,492.67 3 1
github.com/poiley/mcp-bridge/services/router/internal/metrics/prometheus.go:492.67,495.3 1 0
github.com/poiley/mcp-bridge/services/router/test/testutil/testutil.go:15.47,19.2 2 0
github.com/poiley/mcp-bridge/services/router/test/testutil/testutil.go:22.80,26.16 3 0
github.com/poiley/mcp-bridge/services/router/test/testutil/testutil.go:26.16,28.3 1 0
github.com/poiley/mcp-bridge/services/router/test/testutil/testutil.go:30.2,30.56 1 0
github.com/poiley/mcp-bridge/services/router/test/testutil/testutil.go:30.56,35.3 3 0
github.com/poiley/mcp-bridge/services/router/test/testutil/testutil.go:37.2,39.19 2 0
github.com/poiley/mcp-bridge/services/router/test/testutil/testutil.go:39.19,41.3 1 0
github.com/poiley/mcp-bridge/services/router/test/testutil/testutil.go:43.2,43.32 1 0
github.com/poiley/mcp-bridge/services/router/test/testutil/testutil.go:47.68,54.15 4 0
github.com/poiley/mcp-bridge/services/router/test/testutil/testutil.go:54.15,57.3 2 0
github.com/poiley/mcp-bridge/services/router/test/testutil/testutil.go:60.2,61.16 2 0
github.com/poiley/mcp-bridge/services/router/test/testutil/testutil.go:61.16,63.3 1 0
github.com/poiley/mcp-bridge/services/router/test/testutil/testutil.go:65.2,66.16 2 0
github.com/poiley/mcp-bridge/services/router/test/testutil/testutil.go:66.16,68.3 1 0
github.com/poiley/mcp-bridge/services/router/test/testutil/testutil.go:71.2,87.41 9 0
github.com/poiley/mcp-bridge/services/router/test/testutil/testutil.go:98.45,102.2 1 0
github.com/poiley/mcp-bridge/services/router/test/testutil/testutil.go:104.56,105.18 1 0
github.com/poiley/mcp-bridge/services/router/test/testutil/testutil.go:105.18,107.3 1 0
github.com/poiley/mcp-bridge/services/router/test/testutil/testutil.go:109.2,109.26 1 0
github.com/poiley/mcp-bridge/services/router/test/testutil/testutil.go:109.26,111.3 1 0
github.com/poiley/mcp-bridge/services/router/test/testutil/testutil.go:113.2,116.15 3 0
github.com/poiley/mcp-bridge/services/router/test/testutil/testutil.go:120.42,122.2 1 0
github.com/poiley/mcp-bridge/services/router/test/testutil/testutil.go:131.34,133.2 1 0
github.com/poiley/mcp-bridge/services/router/test/testutil/testutil.go:135.57,136.18 1 0
github.com/poiley/mcp-bridge/services/router/test/testutil/testutil.go:136.18,138.3 1 0
github.com/poiley/mcp-bridge/services/router/test/testutil/testutil.go:140.2,140.23 1 0
github.com/poiley/mcp-bridge/services/router/test/testutil/testutil.go:143.38,145.2 1 0
github.com/poiley/mcp-bridge/services/router/test/testutil/testutil.go:148.42,150.2 1 0
github.com/poiley/mcp-bridge/services/router/test/testutil/testutil.go:153.78,156.17 2 0
github.com/poiley/mcp-bridge/services/router/test/testutil/testutil.go:156.17,157.17 1 0
github.com/poiley/mcp-bridge/services/router/test/testutil/testutil.go:157.17,159.4 1 0
github.com/poiley/mcp-bridge/services/router/test/testutil/testutil.go:161.3,161.63 1 0
github.com/poiley/mcp-bridge/services/router/test/testutil/testutil.go:161.63,163.4 1 0
github.com/poiley/mcp-bridge/services/router/test/testutil/testutil.go:164.8,164.23 1 0
github.com/poiley/mcp-bridge/services/router/test/testutil/testutil.go:164.23,166.3 1 0
github.com/poiley/mcp-bridge/services/router/test/testutil/testutil.go:169.44,172.2 1 0
github.com/poiley/mcp-bridge/services/router/test/testutil/testutil.go:182.54,188.2 1 0
github.com/poiley/mcp-bridge/services/router/test/testutil/testutil.go:191.40,195.2 2 0
github.com/poiley/mcp-bridge/services/router/test/testutil/testutil.go:198.42,200.2 1 0
github.com/poiley/mcp-bridge/services/router/internal/pool/generic_connection.go:25.76,31.2 1 1
github.com/poiley/mcp-bridge/services/router/internal/pool/generic_connection.go:35.44,37.37 1 1
github.com/poiley/mcp-bridge/services/router/internal/pool/generic_connection.go:37.37,39.3 1 1
github.com/poiley/mcp-bridge/services/router/internal/pool/generic_connection.go:42.2,42.21 1 1
github.com/poiley/mcp-bridge/services/router/internal/pool/generic_connection.go:42.21,44.3 1 1
github.com/poiley/mcp-bridge/services/router/internal/pool/generic_connection.go:47.2,47.31 1 0
github.com/poiley/mcp-bridge/services/router/internal/pool/generic_connection.go:51.43,54.21 2 1
github.com/poiley/mcp-bridge/services/router/internal/pool/generic_connection.go:54.21,56.3 1 1
github.com/poiley/mcp-bridge/services/router/internal/pool/generic_connection.go:58.2,58.25 1 0
github.com/poiley/mcp-bridge/services/router/internal/pool/generic_connection.go:62.44,64.2 1 1
github.com/poiley/mcp-bridge/services/router/internal/pool/generic_connection.go:68.63,70.2 1 1
github.com/poiley/mcp-bridge/services/router/internal/pool/generic_connection.go:94.19,101.2 1 1
github.com/poiley/mcp-bridge/services/router/internal/pool/generic_connection.go:104.74,106.16 2 1
github.com/poiley/mcp-bridge/services/router/internal/pool/generic_connection.go:106.16,108.3 1 0
github.com/poiley/mcp-bridge/services/router/internal/pool/generic_connection.go:111.2,111.44 1 1
github.com/poiley/mcp-bridge/services/router/internal/pool/generic_connection.go:111.44,113.3 1 1
github.com/poiley/mcp-bridge/services/router/internal/pool/generic_connection.go:115.2,122.18 3 0
github.com/poiley/mcp-bridge/services/router/internal/pool/generic_connection.go:126.58,129.9 2 1
github.com/poiley/mcp-bridge/services/router/internal/pool/generic_connection.go:129.9,131.3 1 1
github.com/poiley/mcp-bridge/services/router/internal/pool/generic_connection.go:134.2,134.28 1 1
github.com/poiley/mcp-bridge/services/router/internal/pool/generic_connection.go:134.28,136.3 1 1
github.com/poiley/mcp-bridge/services/router/internal/pool/generic_connection.go:139.2,140.19 2 0
github.com/poiley/mcp-bridge/services/router/internal/pool/generic_connection.go:140.19,142.3 1 0
github.com/poiley/mcp-bridge/services/router/internal/pool/generic_connection.go:144.2,144.42 1 0
github.com/poiley/mcp-bridge/services/router/internal/pool/generic_connection.go:144.42,146.3 1 0
github.com/poiley/mcp-bridge/services/router/internal/pool/generic_connection.go:148.2,148.12 1 0
github.com/poiley/mcp-bridge/services/router/internal/pool/manager.go:28.129,30.16 2 1
github.com/poiley/mcp-bridge/services/router/internal/pool/manager.go:30.16,32.3 1 1
github.com/poiley/mcp-bridge/services/router/internal/pool/manager.go:34.2,38.18 2 1
github.com/poiley/mcp-bridge/services/router/internal/pool/manager.go:39.19,43.17 3 1
github.com/poiley/mcp-bridge/services/router/internal/pool/manager.go:43.17,45.4 1 0
github.com/poiley/mcp-bridge/services/router/internal/pool/manager.go:47.3,47.20 1 1
github.com/poiley/mcp-bridge/services/router/internal/pool/manager.go:49.32,53.17 3 1
github.com/poiley/mcp-bridge/services/router/internal/pool/manager.go:53.17,55.4 1 0
github.com/poiley/mcp-bridge/services/router/internal/pool/manager.go:57.3,57.21 1 1
github.com/poiley/mcp-bridge/services/router/internal/pool/manager.go:59.10,60.65 1 1
github.com/poiley/mcp-bridge/services/router/internal/pool/manager.go:63.2,63.17 1 1
github.com/poiley/mcp-bridge/services/router/internal/pool/manager.go:67.90,68.19 1 1
github.com/poiley/mcp-bridge/services/router/internal/pool/manager.go:68.19,72.17 3 1
github.com/poiley/mcp-bridge/services/router/internal/pool/manager.go:72.17,78.4 2 1
github.com/poiley/mcp-bridge/services/router/internal/pool/manager.go:80.3,84.19 2 0
github.com/poiley/mcp-bridge/services/router/internal/pool/manager.go:87.2,90.16 3 0
github.com/poiley/mcp-bridge/services/router/internal/pool/manager.go:90.16,96.3 2 0
github.com/poiley/mcp-bridge/services/router/internal/pool/manager.go:98.2,102.18 2 0
github.com/poiley/mcp-bridge/services/router/internal/pool/manager.go:106.51,110.22 3 1
github.com/poiley/mcp-bridge/services/router/internal/pool/manager.go:110.22,112.3 1 1
github.com/poiley/mcp-bridge/services/router/internal/pool/manager.go:114.2,120.19 3 0
github.com/poiley/mcp-bridge/services/router/internal/pool/manager.go:120.19,122.3 1 0
github.com/poiley/mcp-bridge/services/router/internal/pool/manager.go:122.8,124.3 1 0
github.com/poiley/mcp-bridge/services/router/internal/pool/manager.go:126.2,126.16 1 0
github.com/poiley/mcp-bridge/services/router/internal/pool/manager.go:126.16,131.3 1 0
github.com/poiley/mcp-bridge/services/router/internal/pool/manager.go:133.2,133.17 1 0
github.com/poiley/mcp-bridge/services/router/internal/pool/manager.go:137.66,142.22 3 1
github.com/poiley/mcp-bridge/services/router/internal/pool/manager.go:142.22,144.3 1 0
github.com/poiley/mcp-bridge/services/router/internal/pool/manager.go:146.2,147.16 2 1
github.com/poiley/mcp-bridge/services/router/internal/pool/manager.go:147.16,149.3 1 1
github.com/poiley/mcp-bridge/services/router/internal/pool/manager.go:151.2,158.12 3 0
github.com/poiley/mcp-bridge/services/router/internal/pool/manager.go:162.67,167.17 4 1
github.com/poiley/mcp-bridge/services/router/internal/pool/manager.go:167.17,170.40 2 1
github.com/poiley/mcp-bridge/services/router/internal/pool/manager.go:170.40,172.4 1 1
github.com/poiley/mcp-bridge/services/router/internal/pool/manager.go:174.3,176.16 3 0
github.com/poiley/mcp-bridge/services/router/internal/pool/manager.go:180.2,183.32 3 0
github.com/poiley/mcp-bridge/services/router/internal/pool/manager.go:187.72,192.17 4 1
github.com/poiley/mcp-bridge/services/router/internal/pool/manager.go:192.17,194.3 1 1
github.com/poiley/mcp-bridge/services/router/internal/pool/manager.go:197.2,200.33 3 0
github.com/poiley/mcp-bridge/services/router/internal/pool/manager.go:204.48,209.17 4 1
github.com/poiley/mcp-bridge/services/router/internal/pool/manager.go:209.17,211.3 1 1
github.com/poiley/mcp-bridge/services/router/internal/pool/manager.go:214.2,217.26 3 0
github.com/poiley/mcp-bridge/services/router/internal/pool/manager.go:221.45,224.21 2 1
github.com/poiley/mcp-bridge/services/router/internal/pool/manager.go:224.21,226.3 1 1
github.com/poiley/mcp-bridge/services/router/internal/pool/manager.go:228.2,228.22 1 1
github.com/poiley/mcp-bridge/services/router/internal/pool/manager.go:228.22,230.3 1 1
github.com/poiley/mcp-bridge/services/router/internal/pool/manager.go:232.2,232.12 1 0
github.com/poiley/mcp-bridge/services/router/internal/pool/manager.go:236.50,241.2 3 1
github.com/poiley/mcp-bridge/services/router/internal/pool/manager.go:244.45,245.21 1 1
github.com/poiley/mcp-bridge/services/router/internal/pool/manager.go:245.21,247.3 1 1
github.com/poiley/mcp-bridge/services/router/internal/pool/manager.go:249.2,249.22 1 1
github.com/poiley/mcp-bridge/services/router/internal/pool/manager.go:249.22,251.3 1 1
github.com/poiley/mcp-bridge/services/router/internal/pool/manager.go:253.2,253.16 1 0
github.com/poiley/mcp-bridge/services/router/internal/pool/pool.go:176.29,185.2 1 1
github.com/poiley/mcp-bridge/services/router/internal/pool/pool.go:218.81,219.24 1 1
github.com/poiley/mcp-bridge/services/router/internal/pool/pool.go:219.24,221.3 1 1
github.com/poiley/mcp-bridge/services/router/internal/pool/pool.go:223.2,223.25 1 1
github.com/poiley/mcp-bridge/services/router/internal/pool/pool.go:223.25,225.3 1 1
github.com/poiley/mcp-bridge/services/router/internal/pool/pool.go:227.2,227.37 1 1
github.com/poiley/mcp-bridge/services/router/internal/pool/pool.go:227.37,229.3 1 1
github.com/poiley/mcp-bridge/services/router/internal/pool/pool.go:231.2,231.29 1 1
github.com/poiley/mcp-bridge/services/router/internal/pool/pool.go:231.29,233.3 1 1
github.com/poiley/mcp-bridge/services/router/internal/pool/pool.go:235.2,235.29 1 1
github.com/poiley/mcp-bridge/services/router/internal/pool/pool.go:235.29,237.3 1 1
github.com/poiley/mcp-bridge/services/router/internal/pool/pool.go:239.2,239.32 1 1
github.com/poiley/mcp-bridge/services/router/internal/pool/pool.go:239.32,241.3 1 1
github.com/poiley/mcp-bridge/services/router/internal/pool/pool.go:243.2,243.37 1 1
github.com/poiley/mcp-bridge/services/router/internal/pool/pool.go:243.37,245.3 1 1
github.com/poiley/mcp-bridge/services/router/internal/pool/pool.go:247.2,266.38 7 1
github.com/poiley/mcp-bridge/services/router/internal/pool/pool.go:266.38,268.17 2 1
github.com/poiley/mcp-bridge/services/router/internal/pool/pool.go:268.17,274.12 2 1
github.com/poiley/mcp-bridge/services/router/internal/pool/pool.go:276.3,277.47 2 1
github.com/poiley/mcp-bridge/services/router/internal/pool/pool.go:280.2,287.15 2 1
github.com/poiley/mcp-bridge/services/router/internal/pool/pool.go:291.65,292.38 1 1
github.com/poiley/mcp-bridge/services/router/internal/pool/pool.go:292.38,294.3 1 1
github.com/poiley/mcp-bridge/services/router/internal/pool/pool.go:296.2,300.15 3 1
github.com/poiley/mcp-bridge/services/router/internal/pool/pool.go:300.15,303.3 2 1
github.com/poiley/mcp-bridge/services/router/internal/pool/pool.go:306.2,306.9 1 1
github.com/poiley/mcp-bridge/services/router/internal/pool/pool.go:307.24,308.32 1 1
github.com/poiley/mcp-bridge/services/router/internal/pool/pool.go:308.32,315.4 5 1
github.com/poiley/mcp-bridge/services/router/internal/pool/pool.go:317.3,317.27 1 0
github.com/poiley/mcp-bridge/services/router/internal/pool/pool.go:318.10,318.10 0 1
github.com/poiley/mcp-bridge/services/router/internal/pool/pool.go:323.2,327.35 4 1
github.com/poiley/mcp-bridge/services/router/internal/pool/pool.go:327.35,329.17 2 1
github.com/poiley/mcp-bridge/services/router/internal/pool/pool.go:329.17,331.4 1 1
github.com/poiley/mcp-bridge/services/router/internal/pool/pool.go:333.3,335.19 2 1
github.com/poiley/mcp-bridge/services/router/internal/pool/pool.go:339.2,341.9 2 1
github.com/poiley/mcp-bridge/services/router/internal/pool/pool.go:342.27,342.27 0 1
github.com/poiley/mcp-bridge/services/router/internal/pool/pool.go:344.20,345.24 1 0
github.com/poiley/mcp-bridge/services/router/internal/pool/pool.go:346.45,347.29 1 0
github.com/poiley/mcp-bridge/services/router/internal/pool/pool.go:350.2,350.9 1 1
github.com/poiley/mcp-bridge/services/router/internal/pool/pool.go:351.24,352.18 1 1
github.com/poiley/mcp-bridge/services/router/internal/pool/pool.go:352.18,354.4 1 0
github.com/poiley/mcp-bridge/services/router/internal/pool/pool.go:356.3,360.19 4 1
github.com/poiley/mcp-bridge/services/router/internal/pool/pool.go:361.20,362.24 1 0
github.com/poiley/mcp-bridge/services/router/internal/pool/pool.go:363.45,364.29 1 1
github.com/poiley/mcp-bridge/services/router/internal/pool/pool.go:369.47,370.38 1 1
github.com/poiley/mcp-bridge/services/router/internal/pool/pool.go:370.38,372.3 1 0
github.com/poiley/mcp-bridge/services/router/internal/pool/pool.go:374.2,375.25 2 1
github.com/poiley/mcp-bridge/services/router/internal/pool/pool.go:375.25,377.3 1 0
github.com/poiley/mcp-bridge/services/router/internal/pool/pool.go:379.2,382.30 2 1
github.com/poiley/mcp-bridge/services/router/internal/pool/pool.go:382.30,386.3 2 1
github.com/poiley/mcp-bridge/services/router/internal/pool/pool.go:389.2,389.9 1 1
github.com/poiley/mcp-bridge/services/router/internal/pool/pool.go:390.29,393.13 2 1
github.com/poiley/mcp-bridge/services/router/internal/pool/pool.go:394.10,394.10 0 1
github.com/poiley/mcp-bridge/services/router/internal/pool/pool.go:399.2,399.9 1 1
github.com/poiley/mcp-bridge/services/router/internal/pool/pool.go:400.20,403.13 2 1
github.com/poiley/mcp-bridge/services/router/internal/pool/pool.go:404.10,408.13 2 1
github.com/poiley/mcp-bridge/services/router/internal/pool/pool.go:413.30,414.50 1 1
github.com/poiley/mcp-bridge/services/router/internal/pool/pool.go:414.50,416.3 1 1
github.com/poiley/mcp-bridge/services/router/internal/pool/pool.go:418.2,420.24 2 1
github.com/poiley/mcp-bridge/services/router/internal/pool/pool.go:420.24,429.33 4 1
github.com/poiley/mcp-bridge/services/router/internal/pool/pool.go:429.33,431.4 1 0
github.com/poiley/mcp-bridge/services/router/internal/pool/pool.go:434.3,436.28 2 1
github.com/poiley/mcp-bridge/services/router/internal/pool/pool.go:436.28,437.49 1 1
github.com/poiley/mcp-bridge/services/router/internal/pool/pool.go:437.49,439.5 1 0
github.com/poiley/mcp-bridge/services/router/internal/pool/pool.go:443.3,444.38 2 1
github.com/poiley/mcp-bridge/services/router/internal/pool/pool.go:444.38,445.49 1 1
github.com/poiley/mcp-bridge/services/router/internal/pool/pool.go:445.49,447.5 1 0
github.com/poiley/mcp-bridge/services/router/internal/pool/pool.go:450.3,456.4 3 1
github.com/poiley/mcp-bridge/services/router/internal/pool/pool.go:459.2,459.12 1 1
github.com/poiley/mcp-bridge/services/router/internal/pool/pool.go:463.30,479.2 5 1
github.com/poiley/mcp-bridge/services/router/internal/pool/pool.go:482.75,484.16 2 1
github.com/poiley/mcp-bridge/services/router/internal/pool/pool.go:484.16,488.3 2 1
github.com/poiley/mcp-bridge/services/router/internal/pool/pool.go:490.2,511.16 9 1
github.com/poiley/mcp-bridge/services/router/internal/pool/pool.go:515.49,524.35 7 1
github.com/poiley/mcp-bridge/services/router/internal/pool/pool.go:524.35,529.3 1 0
github.com/poiley/mcp-bridge/services/router/internal/pool/pool.go:531.2,534.3 1 1
github.com/poiley/mcp-bridge/services/router/internal/pool/pool.go:538.55,543.19 3 1
github.com/poiley/mcp-bridge/services/router/internal/pool/pool.go:543.19,545.3 1 1
github.com/poiley/mcp-bridge/services/router/internal/pool/pool.go:548.2,548.53 1 1
github.com/poiley/mcp-bridge/services/router/internal/pool/pool.go:548.53,550.3 1 0
github.com/poiley/mcp-bridge/services/router/internal/pool/pool.go:553.2,553.54 1 1
github.com/poiley/mcp-bridge/services/router/internal/pool/pool.go:553.54,555.3 1 1
github.com/poiley/mcp-bridge/services/router/internal/pool/pool.go:558.2,558.58 1 1
github.com/poiley/mcp-bridge/services/router/internal/pool/pool.go:558.58,560.3 1 1
github.com/poiley/mcp-bridge/services/router/internal/pool/pool.go:562.2,562.13 1 1
github.com/poiley/mcp-bridge/services/router/internal/pool/pool.go:566.29,571.6 4 1
github.com/poiley/mcp-bridge/services/router/internal/pool/pool.go:571.6,572.10 1 1
github.com/poiley/mcp-bridge/services/router/internal/pool/pool.go:573.19,574.16 1 0
github.com/poiley/mcp-bridge/services/router/internal/pool/pool.go:575.20,576.10 1 1
github.com/poiley/mcp-bridge/services/router/internal/pool/pool.go:582.27,587.37 4 1
github.com/poiley/mcp-bridge/services/router/internal/pool/pool.go:587.37,589.3 1 0
github.com/poiley/mcp-bridge/services/router/internal/pool/pool.go:591.2,595.30 4 1
github.com/poiley/mcp-bridge/services/router/internal/pool/pool.go:595.30,597.17 2 1
github.com/poiley/mcp-bridge/services/router/internal/pool/pool.go:597.17,602.12 2 0
github.com/poiley/mcp-bridge/services/router/internal/pool/pool.go:605.3,605.10 1 1
github.com/poiley/mcp-bridge/services/router/internal/pool/pool.go:606.23,607.48 1 1
github.com/poiley/mcp-bridge/services/router/internal/pool/pool.go:608.11,610.28 1 0
github.com/poiley/mcp-bridge/services/router/internal/pool/pool.go:616.32,621.6 4 1
github.com/poiley/mcp-bridge/services/router/internal/pool/pool.go:621.6,622.10 1 1
github.com/poiley/mcp-bridge/services/router/internal/pool/pool.go:623.19,624.19 1 1
github.com/poiley/mcp-bridge/services/router/internal/pool/pool.go:625.20,626.10 1 1
github.com/poiley/mcp-bridge/services/router/internal/pool/pool.go:632.30,634.9 1 1
github.com/poiley/mcp-bridge/services/router/internal/pool/pool.go:635.19,636.9 1 0
github.com/poiley/mcp-bridge/services/router/internal/pool/pool.go:637.10,637.10 0 1
github.com/poiley/mcp-bridge/services/router/internal/pool/pool.go:641.2,645.6 3 1
github.com/poiley/mcp-bridge/services/router/internal/pool/pool.go:645.6,646.10 1 1
github.com/poiley/mcp-bridge/services/router/internal/pool/pool.go:647.25,649.21 2 1
github.com/poiley/mcp-bridge/services/router/internal/pool/pool.go:650.11,651.14 1 1
github.com/poiley/mcp-bridge/services/router/internal/pool/pool.go:657.2,662.29 4 1
github.com/poiley/mcp-bridge/services/router/internal/pool/pool.go:662.29,663.32 1 1
github.com/poiley/mcp-bridge/services/router/internal/pool/pool.go:663.32,664.11 1 1
github.com/poiley/mcp-bridge/services/router/internal/pool/pool.go:665.24,668.17 2 1
github.com/poiley/mcp-bridge/services/router/internal/pool/pool.go:669.21,673.19 2 0
github.com/poiley/mcp-bridge/services/router/internal/pool/pool.go:674.12,678.19 2 0
github.com/poiley/mcp-bridge/services/router/internal/pool/pool.go:680.9,684.4 2 1
github.com/poiley/mcp-bridge/services/router/internal/pool/pool.go:688.2,688.22 1 1
github.com/poiley/mcp-bridge/services/router/internal/pool/pool.go:688.22,690.3 1 1
github.com/poiley/mcp-bridge/services/router/internal/pool/pool.go:692.2,692.29 1 1
github.com/poiley/mcp-bridge/services/router/internal/pool/pool.go:692.29,698.3 1 1
github.com/poiley/mcp-bridge/services/router/internal/pool/tcp_pool.go:11.99,13.2 1 1
github.com/poiley/mcp-bridge/services/router/internal/pool/tcp_pool.go:16.102,20.2 2 1
github.com/poiley/mcp-bridge/services/router/internal/pool/websocket_pool.go:11.105,13.2 1 1
github.com/poiley/mcp-bridge/services/router/internal/pool/websocket_pool.go:16.108,20.2 2 1
github.com/poiley/mcp-bridge/services/router/internal/tracing/tracing.go:38.74,39.18 1 1
github.com/poiley/mcp-bridge/services/router/internal/tracing/tracing.go:39.18,45.44 2 1
github.com/poiley/mcp-bridge/services/router/internal/tracing/tracing.go:45.44,45.58 1 1
github.com/poiley/mcp-bridge/services/router/internal/tracing/tracing.go:50.2,57.16 2 1
github.com/poiley/mcp-bridge/services/router/internal/tracing/tracing.go:57.16,59.3 1 0
github.com/poiley/mcp-bridge/services/router/internal/tracing/tracing.go:62.2,63.16 2 1
github.com/poiley/mcp-bridge/services/router/internal/tracing/tracing.go:63.16,65.3 1 0
github.com/poiley/mcp-bridge/services/router/internal/tracing/tracing.go:68.2,100.47 7 1
github.com/poiley/mcp-bridge/services/router/internal/tracing/tracing.go:100.47,102.4 1 1
github.com/poiley/mcp-bridge/services/router/internal/tracing/tracing.go:107.98,108.26 1 1
github.com/poiley/mcp-bridge/services/router/internal/tracing/tracing.go:109.18,113.23 2 1
github.com/poiley/mcp-bridge/services/router/internal/tracing/tracing.go:113.23,115.4 1 1
github.com/poiley/mcp-bridge/services/router/internal/tracing/tracing.go:117.3,117.58 1 1
github.com/poiley/mcp-bridge/services/router/internal/tracing/tracing.go:119.16,120.56 1 1
github.com/poiley/mcp-bridge/services/router/internal/tracing/tracing.go:122.10,125.56 2 1
github.com/poiley/mcp-bridge/services/router/internal/tracing/tracing.go:130.63,131.25 1 1
github.com/poiley/mcp-bridge/services/router/internal/tracing/tracing.go:132.23,133.33 1 1
github.com/poiley/mcp-bridge/services/router/internal/tracing/tracing.go:134.20,135.32 1 0
github.com/poiley/mcp-bridge/services/router/internal/tracing/tracing.go:136.22,137.54 1 1
github.com/poiley/mcp-bridge/services/router/internal/tracing/tracing.go:138.10,139.33 1 0
github.com/poiley/mcp-bridge/services/router/internal/tracing/tracing.go:144.123,145.21 1 1
github.com/poiley/mcp-bridge/services/router/internal/tracing/tracing.go:145.21,147.3 1 1
github.com/poiley/mcp-bridge/services/router/internal/tracing/tracing.go:149.2,149.43 1 1
github.com/poiley/mcp-bridge/services/router/internal/tracing/tracing.go:153.121,155.2 1 1
github.com/poiley/mcp-bridge/services/router/internal/tracing/tracing.go:158.96,159.21 1 1
github.com/poiley/mcp-bridge/services/router/internal/tracing/tracing.go:159.21,161.3 1 0
github.com/poiley/mcp-bridge/services/router/internal/tracing/tracing.go:163.2,165.68 2 1
github.com/poiley/mcp-bridge/services/router/internal/tracing/tracing.go:169.79,170.21 1 1
github.com/poiley/mcp-bridge/services/router/internal/tracing/tracing.go:170.21,172.3 1 0
github.com/poiley/mcp-bridge/services/router/internal/tracing/tracing.go:174.2,175.60 2 1
github.com/poiley/mcp-bridge/services/router/internal/tracing/tracing.go:179.109,180.21 1 1
github.com/poiley/mcp-bridge/services/router/internal/tracing/tracing.go:180.21,182.3 1 0
github.com/poiley/mcp-bridge/services/router/internal/tracing/tracing.go:185.2,186.28 2 1
github.com/poiley/mcp-bridge/services/router/internal/tracing/tracing.go:186.28,188.3 1 1
github.com/poiley/mcp-bridge/services/router/internal/tracing/tracing.go:190.2,190.48 1 1
github.com/poiley/mcp-bridge/services/router/internal/tracing/tracing.go:194.90,195.21 1 1
github.com/poiley/mcp-bridge/services/router/internal/tracing/tracing.go:195.21,197.3 1 0
github.com/poiley/mcp-bridge/services/router/internal/tracing/tracing.go:200.2,201.28 2 1
github.com/poiley/mcp-bridge/services/router/internal/tracing/tracing.go:201.28,203.3 1 0
github.com/poiley/mcp-bridge/services/router/internal/tracing/tracing.go:205.2,208.29 2 1
github.com/poiley/mcp-bridge/services/router/internal/tracing/tracing.go:208.29,210.3 1 1
github.com/poiley/mcp-bridge/services/router/internal/tracing/tracing.go:214.98,216.40 2 1
github.com/poiley/mcp-bridge/services/router/internal/tracing/tracing.go:216.40,218.3 1 1
github.com/poiley/mcp-bridge/services/router/internal/tracing/tracing.go:220.2,220.36 1 1
github.com/poiley/mcp-bridge/services/router/internal/tracing/tracing.go:224.86,226.40 2 1
github.com/poiley/mcp-bridge/services/router/internal/tracing/tracing.go:226.40,228.3 1 1
github.com/poiley/mcp-bridge/services/router/internal/tracing/tracing.go:230.2,230.30 1 1
github.com/poiley/mcp-bridge/services/router/internal/tracing/tracing.go:234.89,236.54 2 1
github.com/poiley/mcp-bridge/services/router/internal/tracing/tracing.go:236.54,238.3 1 1
github.com/poiley/mcp-bridge/services/router/internal/tracing/tracing.go:240.2,241.42 2 1
github.com/poiley/mcp-bridge/services/router/internal/tracing/tracing.go:245.57,247.17 2 1
github.com/poiley/mcp-bridge/services/router/internal/tracing/tracing.go:247.17,249.3 1 0
github.com/poiley/mcp-bridge/services/router/internal/tracing/tracing.go:251.2,252.24 2 1
github.com/poiley/mcp-bridge/services/router/internal/tracing/tracing.go:252.24,254.3 1 1
github.com/poiley/mcp-bridge/services/router/internal/tracing/tracing.go:256.2,256.35 1 1
github.com/poiley/mcp-bridge/services/router/internal/tracing/tracing.go:260.56,262.17 2 1
github.com/poiley/mcp-bridge/services/router/internal/tracing/tracing.go:262.17,264.3 1 0
github.com/poiley/mcp-bridge/services/router/internal/tracing/tracing.go:266.2,267.24 2 1
github.com/poiley/mcp-bridge/services/router/internal/tracing/tracing.go:267.24,269.3 1 1
github.com/poiley/mcp-bridge/services/router/internal/tracing/tracing.go:271.2,271.34 1 1
github.com/poiley/mcp-bridge/services/router/internal/tracing/tracing.go:275.35,277.2 1 1
github.com/poiley/mcp-bridge/services/router/internal/tracing/tracing.go:280.54,281.25 1 1
github.com/poiley/mcp-bridge/services/router/internal/tracing/tracing.go:281.25,283.3 1 0
github.com/poiley/mcp-bridge/services/router/internal/tracing/tracing.go:286.2,291.34 4 1
github.com/poiley/mcp-bridge/services/router/internal/tracing/tracing.go:295.43,307.2 1 0
github.com/poiley/mcp-bridge/services/router/internal/tracing/tracing.go:310.62,311.16 1 1
github.com/poiley/mcp-bridge/services/router/internal/tracing/tracing.go:311.16,313.3 1 1
github.com/poiley/mcp-bridge/services/router/internal/tracing/tracing.go:315.2,318.3 1 1
github.com/poiley/mcp-bridge/services/router/internal/tracing/tracing.go:322.75,325.22 2 1
github.com/poiley/mcp-bridge/services/router/internal/tracing/tracing.go:325.22,326.26 1 1
github.com/poiley/mcp-bridge/services/router/internal/tracing/tracing.go:327.15,328.51 1 1
github.com/poiley/mcp-bridge/services/router/internal/tracing/tracing.go:329.12,330.57 1 1
github.com/poiley/mcp-bridge/services/router/internal/tracing/tracing.go:331.14,332.50 1 1
github.com/poiley/mcp-bridge/services/router/internal/tracing/tracing.go:333.16,334.52 1 1
github.com/poiley/mcp-bridge/services/router/internal/tracing/tracing.go:335.13,336.49 1 1
github.com/poiley/mcp-bridge/services/router/internal/tracing/tracing.go:337.11,338.70 1 1
github.com/poiley/mcp-bridge/services/router/internal/tracing/tracing.go:342.2,342.14 1 1
github.com/poiley/mcp-bridge/services/router/pkg/mcp/types.go:133.65,140.2 1 1
github.com/poiley/mcp-bridge/services/router/pkg/mcp/types.go:143.52,149.2 1 1
github.com/poiley/mcp-bridge/services/router/pkg/mcp/types.go:152.81,162.2 1 1
github.com/poiley/mcp-bridge/services/router/internal/secure/credential_store_other.go:11.61,13.2 1 0
github.com/poiley/mcp-bridge/services/router/internal/secure/credential_store_other.go:16.64,16.78 1 0
github.com/poiley/mcp-bridge/services/router/internal/secure/credential_store_other.go:17.64,17.82 1 0
github.com/poiley/mcp-bridge/services/router/internal/secure/credential_store_other.go:18.64,18.78 1 0
github.com/poiley/mcp-bridge/services/router/internal/secure/credential_store_other.go:19.64,19.83 1 0
github.com/poiley/mcp-bridge/services/router/internal/secure/encrypted_file_store.go:32.64,35.16 2 1
github.com/poiley/mcp-bridge/services/router/internal/secure/encrypted_file_store.go:35.16,38.21 2 0
github.com/poiley/mcp-bridge/services/router/internal/secure/encrypted_file_store.go:38.21,40.4 1 0
github.com/poiley/mcp-bridge/services/router/internal/secure/encrypted_file_store.go:42.3,42.48 1 0
github.com/poiley/mcp-bridge/services/router/internal/secure/encrypted_file_store.go:46.2,47.51 2 1
github.com/poiley/mcp-bridge/services/router/internal/secure/encrypted_file_store.go:47.51,49.3 1 0
github.com/poiley/mcp-bridge/services/router/internal/secure/encrypted_file_store.go:51.2,62.19 4 1
github.com/poiley/mcp-bridge/services/router/internal/secure/encrypted_file_store.go:66.41,72.2 2 1
github.com/poiley/mcp-bridge/services/router/internal/secure/encrypted_file_store.go:75.61,81.16 4 1
github.com/poiley/mcp-bridge/services/router/internal/secure/encrypted_file_store.go:81.16,83.3 1 0
github.com/poiley/mcp-bridge/services/router/internal/secure/encrypted_file_store.go:86.2,89.27 2 1
github.com/poiley/mcp-bridge/services/router/internal/secure/encrypted_file_store.go:93.67,98.16 4 1
github.com/poiley/mcp-bridge/services/router/internal/secure/encrypted_file_store.go:98.16,100.3 1 0
github.com/poiley/mcp-bridge/services/router/internal/secure/encrypted_file_store.go:102.2,103.13 2 1
github.com/poiley/mcp-bridge/services/router/internal/secure/encrypted_file_store.go:103.13,105.3 1 0
github.com/poiley/mcp-bridge/services/router/internal/secure/encrypted_file_store.go:107.2,107.19 1 1
github.com/poiley/mcp-bridge/services/router/internal/secure/encrypted_file_store.go:111.55,116.16 4 1
github.com/poiley/mcp-bridge/services/router/internal/secure/encrypted_file_store.go:116.16,118.3 1 0
github.com/poiley/mcp-bridge/services/router/internal/secure/encrypted_file_store.go:120.2,122.27 2 1
github.com/poiley/mcp-bridge/services/router/internal/secure/encrypted_file_store.go:126.55,131.16 4 1
github.com/poiley/mcp-bridge/services/router/internal/secure/encrypted_file_store.go:131.16,133.3 1 0
github.com/poiley/mcp-bridge/services/router/internal/secure/encrypted_file_store.go:135.2,136.31 2 1
github.com/poiley/mcp-bridge/services/router/internal/secure/encrypted_file_store.go:136.31,138.3 1 1
github.com/poiley/mcp-bridge/services/router/internal/secure/encrypted_file_store.go:140.2,140.18 1 1
github.com/poiley/mcp-bridge/services/router/internal/secure/encrypted_file_store.go:144.63,146.55 1 1
github.com/poiley/mcp-bridge/services/router/internal/secure/encrypted_file_store.go:146.55,148.3 1 1
github.com/poiley/mcp-bridge/services/router/internal/secure/encrypted_file_store.go:151.2,152.16 2 1
github.com/poiley/mcp-bridge/services/router/internal/secure/encrypted_file_store.go:152.16,154.3 1 0
github.com/poiley/mcp-bridge/services/router/internal/secure/encrypted_file_store.go:157.2,157.29 1 1
github.com/poiley/mcp-bridge/services/router/internal/secure/encrypted_file_store.go:157.29,159.3 1 0
github.com/poiley/mcp-bridge/services/router/internal/secure/encrypted_file_store.go:162.2,163.16 2 1
github.com/poiley/mcp-bridge/services/router/internal/secure/encrypted_file_store.go:163.16,165.3 1 0
github.com/poiley/mcp-bridge/services/router/internal/secure/encrypted_file_store.go:168.2,169.61 2 1
github.com/poiley/mcp-bridge/services/router/internal/secure/encrypted_file_store.go:169.61,171.3 1 0
github.com/poiley/mcp-bridge/services/router/internal/secure/encrypted_file_store.go:174.2,174.24 1 1
github.com/poiley/mcp-bridge/services/router/internal/secure/encrypted_file_store.go:174.24,176.3 1 0
github.com/poiley/mcp-bridge/services/router/internal/secure/encrypted_file_store.go:178.2,178.19 1 1
github.com/poiley/mcp-bridge/services/router/internal/secure/encrypted_file_store.go:182.64,185.16 2 1
github.com/poiley/mcp-bridge/services/router/internal/secure/encrypted_file_store.go:185.16,187.3 1 0
github.com/poiley/mcp-bridge/services/router/internal/secure/encrypted_file_store.go:190.2,191.16 2 1
github.com/poiley/mcp-bridge/services/router/internal/secure/encrypted_file_store.go:191.16,193.3 1 0
github.com/poiley/mcp-bridge/services/router/internal/secure/encrypted_file_store.go:196.2,196.55 1 1
github.com/poiley/mcp-bridge/services/router/internal/secure/encrypted_file_store.go:200.67,202.16 2 1
github.com/poiley/mcp-bridge/services/router/internal/secure/encrypted_file_store.go:202.16,204.3 1 0
github.com/poiley/mcp-bridge/services/router/internal/secure/encrypted_file_store.go:206.2,207.16 2 1
github.com/poiley/mcp-bridge/services/router/internal/secure/encrypted_file_store.go:207.16,209.3 1 0
github.com/poiley/mcp-bridge/services/router/internal/secure/encrypted_file_store.go:211.2,212.59 2 1
github.com/poiley/mcp-bridge/services/router/internal/secure/encrypted_file_store.go:212.59,214.3 1 0
github.com/poiley/mcp-bridge/services/router/internal/secure/encrypted_file_store.go:216.2,218.24 2 1
github.com/poiley/mcp-bridge/services/router/internal/secure/encrypted_file_store.go:222.67,224.16 2 1
github.com/poiley/mcp-bridge/services/router/internal/secure/encrypted_file_store.go:224.16,226.3 1 0
github.com/poiley/mcp-bridge/services/router/internal/secure/encrypted_file_store.go:228.2,229.16 2 1
github.com/poiley/mcp-bridge/services/router/internal/secure/encrypted_file_store.go:229.16,231.3 1 0
github.com/poiley/mcp-bridge/services/router/internal/secure/encrypted_file_store.go:233.2,234.27 2 1
github.com/poiley/mcp-bridge/services/router/internal/secure/encrypted_file_store.go:234.27,236.3 1 0
github.com/poiley/mcp-bridge/services/router/internal/secure/encrypted_file_store.go:238.2,241.16 3 1
github.com/poiley/mcp-bridge/services/router/internal/secure/encrypted_file_store.go:241.16,243.3 1 0
github.com/poiley/mcp-bridge/services/router/internal/secure/encrypted_file_store.go:245.2,245.23 1 1
github.com/poiley/mcp-bridge/services/router/internal/secure/keychain_store_darwin.go:17.59,19.53 1 1
github.com/poiley/mcp-bridge/services/router/internal/secure/keychain_store_darwin.go:19.53,21.3 1 0
github.com/poiley/mcp-bridge/services/router/internal/secure/keychain_store_darwin.go:23.2,25.8 1 1
github.com/poiley/mcp-bridge/services/router/internal/secure/keychain_store_darwin.go:29.56,39.34 3 1
github.com/poiley/mcp-bridge/services/router/internal/secure/keychain_store_darwin.go:39.34,41.3 1 0
github.com/poiley/mcp-bridge/services/router/internal/secure/keychain_store_darwin.go:43.2,43.12 1 1
github.com/poiley/mcp-bridge/services/router/internal/secure/keychain_store_darwin.go:47.62,56.16 4 1
github.com/poiley/mcp-bridge/services/router/internal/secure/keychain_store_darwin.go:56.16,57.58 1 1
github.com/poiley/mcp-bridge/services/router/internal/secure/keychain_store_darwin.go:57.58,59.4 1 0
github.com/poiley/mcp-bridge/services/router/internal/secure/keychain_store_darwin.go:61.3,61.75 1 1
github.com/poiley/mcp-bridge/services/router/internal/secure/keychain_store_darwin.go:65.2,67.19 2 1
github.com/poiley/mcp-bridge/services/router/internal/secure/keychain_store_darwin.go:71.50,78.34 3 1
github.com/poiley/mcp-bridge/services/router/internal/secure/keychain_store_darwin.go:78.34,81.79 1 1
github.com/poiley/mcp-bridge/services/router/internal/secure/keychain_store_darwin.go:81.79,83.4 1 1
github.com/poiley/mcp-bridge/services/router/internal/secure/keychain_store_darwin.go:85.3,85.58 1 0
github.com/poiley/mcp-bridge/services/router/internal/secure/keychain_store_darwin.go:85.58,87.4 1 0
github.com/poiley/mcp-bridge/services/router/internal/secure/keychain_store_darwin.go:89.3,89.69 1 0
github.com/poiley/mcp-bridge/services/router/internal/secure/keychain_store_darwin.go:92.2,92.12 1 1
github.com/poiley/mcp-bridge/services/router/internal/secure/keychain_store_darwin.go:96.50,100.2 1 1
github.com/poiley/mcp-bridge/services/router/internal/secure/keychain_store_darwin.go:103.46,105.2 1 1
github.com/poiley/mcp-bridge/services/router/internal/secure/secret_service_store_other.go:11.64,13.2 1 0
github.com/poiley/mcp-bridge/services/router/internal/secure/secret_service_store_other.go:16.67,16.81 1 0
github.com/poiley/mcp-bridge/services/router/internal/secure/secret_service_store_other.go:17.67,17.85 1 0
github.com/poiley/mcp-bridge/services/router/internal/secure/secret_service_store_other.go:18.67,18.81 1 0
github.com/poiley/mcp-bridge/services/router/internal/secure/secret_service_store_other.go:19.67,19.86 1 0
github.com/poiley/mcp-bridge/services/router/internal/secure/token_store.go:30.56,31.22 1 1
github.com/poiley/mcp-bridge/services/router/internal/secure/token_store.go:32.16,34.58 1 1
github.com/poiley/mcp-bridge/services/router/internal/secure/token_store.go:34.58,36.4 1 1
github.com/poiley/mcp-bridge/services/router/internal/secure/token_store.go:38.3,38.40 1 0
github.com/poiley/mcp-bridge/services/router/internal/secure/token_store.go:40.17,42.60 1 0
github.com/poiley/mcp-bridge/services/router/internal/secure/token_store.go:42.60,44.4 1 0
github.com/poiley/mcp-bridge/services/router/internal/secure/token_store.go:46.3,46.40 1 0
github.com/poiley/mcp-bridge/services/router/internal/secure/token_store.go:48.15,50.63 1 0
github.com/poiley/mcp-bridge/services/router/internal/secure/token_store.go:50.63,52.4 1 0
github.com/poiley/mcp-bridge/services/router/internal/secure/token_store.go:54.3,54.40 1 0
github.com/poiley/mcp-bridge/services/router/internal/secure/token_store.go:56.10,58.40 1 0
github.com/poiley/mcp-bridge/services/router/internal/stdio/handler.go:24.97,32.2 1 1
github.com/poiley/mcp-bridge/services/router/internal/stdio/handler.go:35.64,45.2 4 1
github.com/poiley/mcp-bridge/services/router/internal/stdio/handler.go:48.72,54.6 4 1
github.com/poiley/mcp-bridge/services/router/internal/stdio/handler.go:54.6,55.10 1 1
github.com/poiley/mcp-bridge/services/router/internal/stdio/handler.go:56.21,59.10 2 0
github.com/poiley/mcp-bridge/services/router/internal/stdio/handler.go:60.11,61.31 1 1
github.com/poiley/mcp-bridge/services/router/internal/stdio/handler.go:61.31,63.5 1 1
github.com/poiley/mcp-bridge/services/router/internal/stdio/handler.go:69.61,71.16 2 1
github.com/poiley/mcp-bridge/services/router/internal/stdio/handler.go:71.16,73.3 1 1
github.com/poiley/mcp-bridge/services/router/internal/stdio/handler.go:75.2,76.29 2 1
github.com/poiley/mcp-bridge/services/router/internal/stdio/handler.go:76.29,78.3 1 1
github.com/poiley/mcp-bridge/services/router/internal/stdio/handler.go:80.2,85.44 2 1
github.com/poiley/mcp-bridge/services/router/internal/stdio/handler.go:89.85,90.19 1 1
github.com/poiley/mcp-bridge/services/router/internal/stdio/handler.go:90.19,92.20 1 1
github.com/poiley/mcp-bridge/services/router/internal/stdio/handler.go:92.20,94.30 2 1
github.com/poiley/mcp-bridge/services/router/internal/stdio/handler.go:94.30,97.5 2 1
github.com/poiley/mcp-bridge/services/router/internal/stdio/handler.go:100.3,102.15 2 1
github.com/poiley/mcp-bridge/services/router/internal/stdio/handler.go:105.2,107.14 2 1
github.com/poiley/mcp-bridge/services/router/internal/stdio/handler.go:111.49,113.48 1 1
github.com/poiley/mcp-bridge/services/router/internal/stdio/handler.go:113.48,115.3 1 1
github.com/poiley/mcp-bridge/services/router/internal/stdio/handler.go:117.2,117.48 1 1
github.com/poiley/mcp-bridge/services/router/internal/stdio/handler.go:117.48,119.3 1 1
github.com/poiley/mcp-bridge/services/router/internal/stdio/handler.go:121.2,121.13 1 1
github.com/poiley/mcp-bridge/services/router/internal/stdio/handler.go:125.72,126.9 1 1
github.com/poiley/mcp-bridge/services/router/internal/stdio/handler.go:127.27,128.14 1 1
github.com/poiley/mcp-bridge/services/router/internal/stdio/handler.go:129.20,132.15 2 0
github.com/poiley/mcp-bridge/services/router/internal/stdio/handler.go:137.73,142.6 3 1
github.com/poiley/mcp-bridge/services/router/internal/stdio/handler.go:142.6,143.10 1 1
github.com/poiley/mcp-bridge/services/router/internal/stdio/handler.go:144.21,147.43 2 1
github.com/poiley/mcp-bridge/services/router/internal/stdio/handler.go:147.43,149.5 1 1
github.com/poiley/mcp-bridge/services/router/internal/stdio/handler.go:151.4,151.10 1 1
github.com/poiley/mcp-bridge/services/router/internal/stdio/handler.go:152.31,153.19 1 1
github.com/poiley/mcp-bridge/services/router/internal/stdio/handler.go:153.19,154.13 1 1
github.com/poiley/mcp-bridge/services/router/internal/stdio/handler.go:157.4,163.50 2 1
github.com/poiley/mcp-bridge/services/router/internal/stdio/handler.go:163.50,166.13 2 0
github.com/poiley/mcp-bridge/services/router/internal/stdio/handler.go:170.4,170.58 1 1
github.com/poiley/mcp-bridge/services/router/internal/stdio/handler.go:170.58,173.13 2 0
github.com/poiley/mcp-bridge/services/router/internal/stdio/handler.go:177.4,177.43 1 1
github.com/poiley/mcp-bridge/services/router/internal/stdio/handler.go:177.43,179.5 1 1
github.com/poiley/mcp-bridge/services/router/internal/stdio/handler.go:185.66,188.2 2 1
github.com/poiley/mcp-bridge/services/router/internal/router/connection_manager.go:36.118,51.2 3 1
github.com/poiley/mcp-bridge/services/router/internal/router/connection_manager.go:54.38,57.2 2 1
github.com/poiley/mcp-bridge/services/router/internal/router/connection_manager.go:60.37,66.2 5 1
github.com/poiley/mcp-bridge/services/router/internal/router/connection_manager.go:69.57,74.2 3 1
github.com/poiley/mcp-bridge/services/router/internal/router/connection_manager.go:77.62,84.23 5 1
github.com/poiley/mcp-bridge/services/router/internal/router/connection_manager.go:84.23,88.10 2 1
github.com/poiley/mcp-bridge/services/router/internal/router/connection_manager.go:89.36,89.36 0 1
github.com/poiley/mcp-bridge/services/router/internal/router/connection_manager.go:91.11,94.41 1 0
github.com/poiley/mcp-bridge/services/router/internal/router/connection_manager.go:100.74,102.2 1 1
github.com/poiley/mcp-bridge/services/router/internal/router/connection_manager.go:105.53,107.2 1 0
github.com/poiley/mcp-bridge/services/router/internal/router/connection_manager.go:110.51,118.6 6 1
github.com/poiley/mcp-bridge/services/router/internal/router/connection_manager.go:118.6,119.10 1 1
github.com/poiley/mcp-bridge/services/router/internal/router/connection_manager.go:120.24,123.10 2 1
github.com/poiley/mcp-bridge/services/router/internal/router/connection_manager.go:124.11,131.39 3 1
github.com/poiley/mcp-bridge/services/router/internal/router/connection_manager.go:131.39,141.51 5 0
github.com/poiley/mcp-bridge/services/router/internal/router/connection_manager.go:141.51,145.6 2 0
github.com/poiley/mcp-bridge/services/router/internal/router/connection_manager.go:148.5,151.29 3 0
github.com/poiley/mcp-bridge/services/router/internal/router/connection_manager.go:151.29,153.6 1 0
github.com/poiley/mcp-bridge/services/router/internal/router/connection_manager.go:155.5,157.13 2 0
github.com/poiley/mcp-bridge/services/router/internal/router/connection_manager.go:161.4,168.25 5 1
github.com/poiley/mcp-bridge/services/router/internal/router/connection_manager.go:174.46,179.2 3 1
github.com/poiley/mcp-bridge/services/router/internal/router/connection_manager.go:182.49,184.28 2 1
github.com/poiley/mcp-bridge/services/router/internal/router/connection_manager.go:184.28,186.7 1 0
github.com/poiley/mcp-bridge/services/router/internal/router/connection_manager.go:186.7,187.11 1 0
github.com/poiley/mcp-bridge/services/router/internal/router/connection_manager.go:188.25,189.11 1 0
github.com/poiley/mcp-bridge/services/router/internal/router/connection_manager.go:190.52,192.43 1 0
github.com/poiley/mcp-bridge/services/router/internal/router/connection_manager.go:192.43,194.6 1 0
github.com/poiley/mcp-bridge/services/router/internal/router/connection_manager.go:199.2,202.6 3 1
github.com/poiley/mcp-bridge/services/router/internal/router/connection_manager.go:202.6,203.10 1 1
github.com/poiley/mcp-bridge/services/router/internal/router/connection_manager.go:204.24,205.10 1 1
github.com/poiley/mcp-bridge/services/router/internal/router/connection_manager.go:206.19,208.39 1 0
github.com/poiley/mcp-bridge/services/router/internal/router/connection_manager.go:208.39,210.5 1 0
github.com/poiley/mcp-bridge/services/router/internal/router/connection_manager.go:212.4,212.49 1 0
github.com/poiley/mcp-bridge/services/router/internal/router/connection_manager.go:212.49,217.5 3 0
github.com/poiley/mcp-bridge/services/router/internal/router/connection_manager.go:218.51,220.42 1 1
github.com/poiley/mcp-bridge/services/router/internal/router/connection_manager.go:220.42,222.5 1 0
github.com/poiley/mcp-bridge/services/router/internal/router/message_router.go:57.18,62.51 3 1
github.com/poiley/mcp-bridge/services/router/internal/router/message_router.go:62.51,64.3 1 0
github.com/poiley/mcp-bridge/services/router/internal/router/message_router.go:66.2,79.3 1 1
github.com/poiley/mcp-bridge/services/router/internal/router/message_router.go:83.34,88.2 4 1
github.com/poiley/mcp-bridge/services/router/internal/router/message_router.go:91.33,99.57 4 1
github.com/poiley/mcp-bridge/services/router/internal/router/message_router.go:99.57,100.47 1 1
github.com/poiley/mcp-bridge/services/router/internal/router/message_router.go:100.47,102.62 1 1
github.com/poiley/mcp-bridge/services/router/internal/router/message_router.go:102.62,104.5 1 1
github.com/poiley/mcp-bridge/services/router/internal/router/message_router.go:107.3,107.14 1 1
github.com/poiley/mcp-bridge/services/router/internal/router/message_router.go:111.2,111.37 1 1
github.com/poiley/mcp-bridge/services/router/internal/router/message_router.go:111.37,113.3 1 1
github.com/poiley/mcp-bridge/services/router/internal/router/message_router.go:115.2,115.14 1 1
github.com/poiley/mcp-bridge/services/router/internal/router/message_router.go:119.57,128.6 4 1
github.com/poiley/mcp-bridge/services/router/internal/router/message_router.go:128.6,129.10 1 1
github.com/poiley/mcp-bridge/services/router/internal/router/message_router.go:130.24,134.10 2 1
github.com/poiley/mcp-bridge/services/router/internal/router/message_router.go:136.42,137.11 1 1
github.com/poiley/mcp-bridge/services/router/internal/router/message_router.go:137.11,140.5 1 1
github.com/poiley/mcp-bridge/services/router/internal/router/message_router.go:143.4,143.65 1 1
github.com/poiley/mcp-bridge/services/router/internal/router/message_router.go:143.65,146.5 2 1
github.com/poiley/mcp-bridge/services/router/internal/router/message_router.go:149.4,149.65 1 1
github.com/poiley/mcp-bridge/services/router/internal/router/message_router.go:149.65,151.5 1 1
github.com/poiley/mcp-bridge/services/router/internal/router/message_router.go:153.4,153.24 1 1
github.com/poiley/mcp-bridge/services/router/internal/router/message_router.go:159.50,161.24 2 1
github.com/poiley/mcp-bridge/services/router/internal/router/message_router.go:161.24,163.3 1 1
github.com/poiley/mcp-bridge/services/router/internal/router/message_router.go:165.2,167.30 2 0
github.com/poiley/mcp-bridge/services/router/internal/router/message_router.go:167.30,169.30 1 0
github.com/poiley/mcp-bridge/services/router/internal/router/message_router.go:169.30,173.12 3 0
github.com/poiley/mcp-bridge/services/router/internal/router/message_router.go:177.3,180.10 2 0
github.com/poiley/mcp-bridge/services/router/internal/router/message_router.go:181.27,181.27 0 0
github.com/poiley/mcp-bridge/services/router/internal/router/message_router.go:182.11,182.11 0 0
github.com/poiley/mcp-bridge/services/router/internal/router/message_router.go:184.3,184.21 1 0
github.com/poiley/mcp-bridge/services/router/internal/router/message_router.go:189.44,192.6 2 1
github.com/poiley/mcp-bridge/services/router/internal/router/message_router.go:192.6,193.10 1 1
github.com/poiley/mcp-bridge/services/router/internal/router/message_router.go:194.24,195.10 1 1
github.com/poiley/mcp-bridge/services/router/internal/router/message_router.go:196.31,197.55 1 1
github.com/poiley/mcp-bridge/services/router/internal/router/message_router.go:197.55,203.5 2 1
github.com/poiley/mcp-bridge/services/router/internal/router/message_router.go:209.45,212.6 2 1
github.com/poiley/mcp-bridge/services/router/internal/router/message_router.go:212.6,213.10 1 1
github.com/poiley/mcp-bridge/services/router/internal/router/message_router.go:214.24,215.10 1 0
github.com/poiley/mcp-bridge/services/router/internal/router/message_router.go:216.11,217.47 1 1
github.com/poiley/mcp-bridge/services/router/internal/router/message_router.go:217.47,219.12 1 1
github.com/poiley/mcp-bridge/services/router/internal/router/message_router.go:220.26,221.12 1 1
github.com/poiley/mcp-bridge/services/router/internal/router/message_router.go:222.53,223.14 1 1
github.com/poiley/mcp-bridge/services/router/internal/router/message_router.go:228.4,229.18 2 1
github.com/poiley/mcp-bridge/services/router/internal/router/message_router.go:229.18,231.12 1 1
github.com/poiley/mcp-bridge/services/router/internal/router/message_router.go:232.26,233.12 1 1
github.com/poiley/mcp-bridge/services/router/internal/router/message_router.go:234.13,234.13 0 0
github.com/poiley/mcp-bridge/services/router/internal/router/message_router.go:238.5,238.35 1 0
github.com/poiley/mcp-bridge/services/router/internal/router/message_router.go:238.35,241.13 3 0
github.com/poiley/mcp-bridge/services/router/internal/router/message_router.go:242.27,243.13 1 0
github.com/poiley/mcp-bridge/services/router/internal/router/message_router.go:244.54,245.15 1 0
github.com/poiley/mcp-bridge/services/router/internal/router/message_router.go:250.5,250.29 1 0
github.com/poiley/mcp-bridge/services/router/internal/router/message_router.go:250.29,252.6 1 0
github.com/poiley/mcp-bridge/services/router/internal/router/message_router.go:253.5,253.12 1 0
github.com/poiley/mcp-bridge/services/router/internal/router/message_router.go:254.26,255.12 1 0
github.com/poiley/mcp-bridge/services/router/internal/router/message_router.go:256.48,257.14 1 0
github.com/poiley/mcp-bridge/services/router/internal/router/message_router.go:259.10,261.20 1 1
github.com/poiley/mcp-bridge/services/router/internal/router/message_router.go:261.20,263.6 1 1
github.com/poiley/mcp-bridge/services/router/internal/router/message_router.go:270.65,273.51 2 1
github.com/poiley/mcp-bridge/services/router/internal/router/message_router.go:273.51,275.3 1 1
github.com/poiley/mcp-bridge/services/router/internal/router/message_router.go:278.2,278.52 1 1
github.com/poiley/mcp-bridge/services/router/internal/router/message_router.go:278.52,287.3 3 0
github.com/poiley/mcp-bridge/services/router/internal/router/message_router.go:290.2,290.45 1 1
github.com/poiley/mcp-bridge/services/router/internal/router/message_router.go:290.45,304.17 6 0
github.com/poiley/mcp-bridge/services/router/internal/router/message_router.go:304.17,308.4 2 0
github.com/poiley/mcp-bridge/services/router/internal/router/message_router.go:311.3,311.10 1 0
github.com/poiley/mcp-bridge/services/router/internal/router/message_router.go:312.33,313.25 1 0
github.com/poiley/mcp-bridge/services/router/internal/router/message_router.go:313.25,317.5 2 0
github.com/poiley/mcp-bridge/services/router/internal/router/message_router.go:319.4,319.14 1 0
github.com/poiley/mcp-bridge/services/router/internal/router/message_router.go:320.21,323.53 2 0
github.com/poiley/mcp-bridge/services/router/internal/router/message_router.go:328.2,328.43 1 1
github.com/poiley/mcp-bridge/services/router/internal/router/message_router.go:333.81,335.29 1 1
github.com/poiley/mcp-bridge/services/router/internal/router/message_router.go:335.29,337.3 1 1
github.com/poiley/mcp-bridge/services/router/internal/router/message_router.go:340.2,343.66 2 1
github.com/poiley/mcp-bridge/services/router/internal/router/message_router.go:343.66,344.27 1 1
github.com/poiley/mcp-bridge/services/router/internal/router/message_router.go:344.27,346.4 1 1
github.com/poiley/mcp-bridge/services/router/internal/router/message_router.go:350.2,350.65 1 1
github.com/poiley/mcp-bridge/services/router/internal/router/message_router.go:350.65,351.27 1 1
github.com/poiley/mcp-bridge/services/router/internal/router/message_router.go:351.27,353.4 1 1
github.com/poiley/mcp-bridge/services/router/internal/router/message_router.go:357.2,357.30 1 1
github.com/poiley/mcp-bridge/services/router/internal/router/message_router.go:357.30,359.21 1 1
github.com/poiley/mcp-bridge/services/router/internal/router/message_router.go:360.36,362.21 1 1
github.com/poiley/mcp-bridge/services/router/internal/router/message_router.go:363.102,365.20 1 1
github.com/poiley/mcp-bridge/services/router/internal/router/message_router.go:366.11,368.45 1 1
github.com/poiley/mcp-bridge/services/router/internal/router/message_router.go:373.2,373.19 1 0
github.com/poiley/mcp-bridge/services/router/internal/router/message_router.go:376.71,381.51 3 1
github.com/poiley/mcp-bridge/services/router/internal/router/message_router.go:381.51,383.3 1 0
github.com/poiley/mcp-bridge/services/router/internal/router/message_router.go:386.2,396.16 4 1
github.com/poiley/mcp-bridge/services/router/internal/router/message_router.go:396.16,404.3 3 0
github.com/poiley/mcp-bridge/services/router/internal/router/message_router.go:406.2,406.15 1 1
github.com/poiley/mcp-bridge/services/router/internal/router/message_router.go:406.15,409.3 1 0
github.com/poiley/mcp-bridge/services/router/internal/router/message_router.go:409.8,412.3 1 1
github.com/poiley/mcp-bridge/services/router/internal/router/message_router.go:418.111,422.36 2 1
github.com/poiley/mcp-bridge/services/router/internal/router/message_router.go:422.36,424.3 1 1
[...]
github.com/poiley/mcp-bridge/services/router/internal/direct/types.go:119.17,121.3 1 1
github.com/poiley/mcp-bridge/services/router/internal/direct/types.go:122.2,122.102 1 1
github.com/poiley/mcp-bridge/services/router/internal/direct/types.go:125.92,127.2 1 0
github.com/poiley/mcp-bridge/services/router/internal/direct/types.go:129.91,131.2 1 1
github.com/poiley/mcp-bridge/services/router/internal/direct/types.go:133.90,135.2 1 1
github.com/poiley/mcp-bridge/services/router/internal/direct/types.go:137.90,139.2 1 1
github.com/poiley/mcp-bridge/services/router/internal/direct/types.go:141.91,143.2 1 1
github.com/poiley/mcp-bridge/services/router/internal/direct/types.go:145.92,147.2 1 0
github.com/poiley/mcp-bridge/services/router/internal/direct/types.go:149.92,151.2 1 1
github.com/poiley/mcp-bridge/services/router/internal/direct/types.go:153.93,155.2 1 0
github.com/poiley/mcp-bridge/services/router/internal/direct/types.go:187.42,188.11 1 1
github.com/poiley/mcp-bridge/services/router/internal/direct/types.go:189.25,190.24 1 1
github.com/poiley/mcp-bridge/services/router/internal/direct/types.go:191.23,192.22 1 1
github.com/poiley/mcp-bridge/services/router/internal/direct/types.go:193.22,194.21 1 1
github.com/poiley/mcp-bridge/services/router/internal/direct/types.go:195.20,196.19 1 1
github.com/poiley/mcp-bridge/services/router/internal/direct/types.go:197.22,198.21 1 1
github.com/poiley/mcp-bridge/services/router/internal/direct/types.go:199.20,200.19 1 1
github.com/poiley/mcp-bridge/services/router/internal/direct/types.go:201.19,202.18 1 1
github.com/poiley/mcp-bridge/services/router/internal/direct/types.go:203.18,204.17 1 1
github.com/poiley/mcp-bridge/services/router/internal/direct/types.go:205.10,206.19 1 1
github.com/poiley/mcp-bridge/services/router/internal/direct/websocket_client.go:111.125,113.22 1 1
github.com/poiley/mcp-bridge/services/router/internal/direct/websocket_client.go:113.22,115.3 1 1
github.com/poiley/mcp-bridge/services/router/internal/direct/websocket_client.go:118.2,119.16 2 1
github.com/poiley/mcp-bridge/services/router/internal/direct/websocket_client.go:119.16,121.3 1 0
github.com/poiley/mcp-bridge/services/router/internal/direct/websocket_client.go:123.2,123.59 1 1
github.com/poiley/mcp-bridge/services/router/internal/direct/websocket_client.go:123.59,125.3 1 1
github.com/poiley/mcp-bridge/services/router/internal/direct/websocket_client.go:128.2,128.34 1 1
github.com/poiley/mcp-bridge/services/router/internal/direct/websocket_client.go:128.34,130.3 1 1
github.com/poiley/mcp-bridge/services/router/internal/direct/websocket_client.go:131.2,131.30 1 1
github.com/poiley/mcp-bridge/services/router/internal/direct/websocket_client.go:131.30,133.3 1 1
github.com/poiley/mcp-bridge/services/router/internal/direct/websocket_client.go:134.2,134.29 1 1
github.com/poiley/mcp-bridge/services/router/internal/direct/websocket_client.go:134.29,136.3 1 1
github.com/poiley/mcp-bridge/services/router/internal/direct/websocket_client.go:137.2,137.32 1 1
github.com/poiley/mcp-bridge/services/router/internal/direct/websocket_client.go:137.32,139.3 1 1
github.com/poiley/mcp-bridge/services/router/internal/direct/websocket_client.go:140.2,140.25 1 1
github.com/poiley/mcp-bridge/services/router/internal/direct/websocket_client.go:140.25,142.3 1 1
github.com/poiley/mcp-bridge/services/router/internal/direct/websocket_client.go:143.2,143.38 1 1
github.com/poiley/mcp-bridge/services/router/internal/direct/websocket_client.go:143.38,145.3 1 1
github.com/poiley/mcp-bridge/services/router/internal/direct/websocket_client.go:146.2,146.37 1 1
github.com/poiley/mcp-bridge/services/router/internal/direct/websocket_client.go:146.37,148.3 1 1
github.com/poiley/mcp-bridge/services/router/internal/direct/websocket_client.go:149.2,149.49 1 1
github.com/poiley/mcp-bridge/services/router/internal/direct/websocket_client.go:149.49,151.3 1 1
github.com/poiley/mcp-bridge/services/router/internal/direct/websocket_client.go:152.2,152.43 1 1
github.com/poiley/mcp-bridge/services/router/internal/direct/websocket_client.go:152.43,154.3 1 1
github.com/poiley/mcp-bridge/services/router/internal/direct/websocket_client.go:155.2,155.43 1 1
github.com/poiley/mcp-bridge/services/router/internal/direct/websocket_client.go:155.43,157.3 1 1
github.com/poiley/mcp-bridge/services/router/internal/direct/websocket_client.go:158.2,158.44 1 1
github.com/poiley/mcp-bridge/services/router/internal/direct/websocket_client.go:158.44,160.3 1 1
github.com/poiley/mcp-bridge/services/router/internal/direct/websocket_client.go:163.2,163.47 1 1
github.com/poiley/mcp-bridge/services/router/internal/direct/websocket_client.go:163.47,165.3 1 1
github.com/poiley/mcp-bridge/services/router/internal/direct/websocket_client.go:167.2,167.42 1 1
github.com/poiley/mcp-bridge/services/router/internal/direct/websocket_client.go:167.42,169.3 1 1
github.com/poiley/mcp-bridge/services/router/internal/direct/websocket_client.go:170.2,170.46 1 1
github.com/poiley/mcp-bridge/services/router/internal/direct/websocket_client.go:170.46,172.3 1 1
github.com/poiley/mcp-bridge/services/router/internal/direct/websocket_client.go:173.2,173.46 1 1
github.com/poiley/mcp-bridge/services/router/internal/direct/websocket_client.go:173.46,175.3 1 1
github.com/poiley/mcp-bridge/services/router/internal/direct/websocket_client.go:176.2,176.47 1 1
github.com/poiley/mcp-bridge/services/router/internal/direct/websocket_client.go:176.47,178.3 1 1
github.com/poiley/mcp-bridge/services/router/internal/direct/websocket_client.go:181.2,181.27 1 1
github.com/poiley/mcp-bridge/services/router/internal/direct/websocket_client.go:181.27,183.3 1 1
github.com/poiley/mcp-bridge/services/router/internal/direct/websocket_client.go:185.2,197.8 1 1
github.com/poiley/mcp-bridge/services/router/internal/direct/websocket_client.go:201.62,205.58 3 1
github.com/poiley/mcp-bridge/services/router/internal/direct/websocket_client.go:205.58,207.3 1 1
github.com/poiley/mcp-bridge/services/router/internal/direct/websocket_client.go:209.2,211.39 2 1
github.com/poiley/mcp-bridge/services/router/internal/direct/websocket_client.go:211.39,214.3 2 1
github.com/poiley/mcp-bridge/services/router/internal/direct/websocket_client.go:216.2,219.41 4 1
github.com/poiley/mcp-bridge/services/router/internal/direct/websocket_client.go:219.41,222.3 2 1
github.com/poiley/mcp-bridge/services/router/internal/direct/websocket_client.go:225.2,231.34 5 1
github.com/poiley/mcp-bridge/services/router/internal/direct/websocket_client.go:231.34,234.3 2 1
github.com/poiley/mcp-bridge/services/router/internal/direct/websocket_client.go:236.2,239.12 2 1
github.com/poiley/mcp-bridge/services/router/internal/direct/websocket_client.go:243.62,254.43 3 1
github.com/poiley/mcp-bridge/services/router/internal/direct/websocket_client.go:254.43,256.3 1 1
github.com/poiley/mcp-bridge/services/router/internal/direct/websocket_client.go:259.2,260.16 2 1
github.com/poiley/mcp-bridge/services/router/internal/direct/websocket_client.go:260.16,261.18 1 1
github.com/poiley/mcp-bridge/services/router/internal/direct/websocket_client.go:261.18,263.4 1 0
github.com/poiley/mcp-bridge/services/router/internal/direct/websocket_client.go:264.3,264.60 1 1
github.com/poiley/mcp-bridge/services/router/internal/direct/websocket_client.go:268.2,271.49 2 1
github.com/poiley/mcp-bridge/services/router/internal/direct/websocket_client.go:271.49,274.3 2 0
github.com/poiley/mcp-bridge/services/router/internal/direct/websocket_client.go:277.2,277.57 1 1
github.com/poiley/mcp-bridge/services/router/internal/direct/websocket_client.go:277.57,283.56 3 0
github.com/poiley/mcp-bridge/services/router/internal/direct/websocket_client.go:283.56,285.4 1 0
github.com/poiley/mcp-bridge/services/router/internal/direct/websocket_client.go:286.3,288.42 2 0
github.com/poiley/mcp-bridge/services/router/internal/direct/websocket_client.go:288.42,290.4 1 0
github.com/poiley/mcp-bridge/services/router/internal/direct/websocket_client.go:292.3,292.13 1 0
github.com/poiley/mcp-bridge/services/router/internal/direct/websocket_client.go:295.2,299.12 4 1
github.com/poiley/mcp-bridge/services/router/internal/direct/websocket_client.go:303.101,305.58 2 1
github.com/poiley/mcp-bridge/services/router/internal/direct/websocket_client.go:305.58,308.3 2 1
github.com/poiley/mcp-bridge/services/router/internal/direct/websocket_client.go:309.2,313.35 3 1
github.com/poiley/mcp-bridge/services/router/internal/direct/websocket_client.go:313.35,316.3 2 0
github.com/poiley/mcp-bridge/services/router/internal/direct/websocket_client.go:316.8,319.10 3 1
github.com/poiley/mcp-bridge/services/router/internal/direct/websocket_client.go:319.10,321.4 1 0
github.com/poiley/mcp-bridge/services/router/internal/direct/websocket_client.go:325.2,331.15 5 1
github.com/poiley/mcp-bridge/services/router/internal/direct/websocket_client.go:331.15,336.3 4 1
github.com/poiley/mcp-bridge/services/router/internal/direct/websocket_client.go:339.2,344.17 5 1
github.com/poiley/mcp-bridge/services/router/internal/direct/websocket_client.go:344.17,345.42 1 0
github.com/poiley/mcp-bridge/services/router/internal/direct/websocket_client.go:345.42,347.4 1 0
github.com/poiley/mcp-bridge/services/router/internal/direct/websocket_client.go:348.3,348.97 1 0
github.com/poiley/mcp-bridge/services/router/internal/direct/websocket_client.go:351.2,351.44 1 1
github.com/poiley/mcp-bridge/services/router/internal/direct/websocket_client.go:351.44,352.42 1 0
github.com/poiley/mcp-bridge/services/router/internal/direct/websocket_client.go:352.42,354.4 1 0
github.com/poiley/mcp-bridge/services/router/internal/direct/websocket_client.go:356.3,359.81 4 0
github.com/poiley/mcp-bridge/services/router/internal/direct/websocket_client.go:363.2,364.40 2 1
github.com/poiley/mcp-bridge/services/router/internal/direct/websocket_client.go:364.40,365.61 1 1
github.com/poiley/mcp-bridge/services/router/internal/direct/websocket_client.go:365.61,367.4 1 1
github.com/poiley/mcp-bridge/services/router/internal/direct/websocket_client.go:370.2,370.9 1 1
github.com/poiley/mcp-bridge/services/router/internal/direct/websocket_client.go:371.24,373.42 2 1
github.com/poiley/mcp-bridge/services/router/internal/direct/websocket_client.go:373.42,377.27 3 1
github.com/poiley/mcp-bridge/services/router/internal/direct/websocket_client.go:377.27,379.5 1 1
github.com/poiley/mcp-bridge/services/router/internal/direct/websocket_client.go:379.10,381.5 1 1
github.com/poiley/mcp-bridge/services/router/internal/direct/websocket_client.go:383.3,383.19 1 1
github.com/poiley/mcp-bridge/services/router/internal/direct/websocket_client.go:384.29,385.42 1 1
github.com/poiley/mcp-bridge/services/router/internal/direct/websocket_client.go:385.42,387.4 1 1
github.com/poiley/mcp-bridge/services/router/internal/direct/websocket_client.go:388.3,388.64 1 1
github.com/poiley/mcp-bridge/services/router/internal/direct/websocket_client.go:389.20,390.42 1 0
github.com/poiley/mcp-bridge/services/router/internal/direct/websocket_client.go:390.42,392.4 1 0
github.com/poiley/mcp-bridge/services/router/internal/direct/websocket_client.go:393.3,393.24 1 0
github.com/poiley/mcp-bridge/services/router/internal/direct/websocket_client.go:394.22,395.83 1 1
github.com/poiley/mcp-bridge/services/router/internal/direct/websocket_client.go:400.42,404.6 3 1
github.com/poiley/mcp-bridge/services/router/internal/direct/websocket_client.go:404.6,405.10 1 1
github.com/poiley/mcp-bridge/services/router/internal/direct/websocket_client.go:406.23,407.10 1 0
github.com/poiley/mcp-bridge/services/router/internal/direct/websocket_client.go:408.11,408.11 0 1
github.com/poiley/mcp-bridge/services/router/internal/direct/websocket_client.go:411.3,415.18 4 1
github.com/poiley/mcp-bridge/services/router/internal/direct/websocket_client.go:415.18,418.4 2 0
github.com/poiley/mcp-bridge/services/router/internal/direct/websocket_client.go:420.3,421.50 2 1
github.com/poiley/mcp-bridge/services/router/internal/direct/websocket_client.go:421.50,422.103 1 1
github.com/poiley/mcp-bridge/services/router/internal/direct/websocket_client.go:422.103,424.5 1 0
github.com/poiley/mcp-bridge/services/router/internal/direct/websocket_client.go:424.10,426.5 1 1
github.com/poiley/mcp-bridge/services/router/internal/direct/websocket_client.go:428.4,429.57 2 1
github.com/poiley/mcp-bridge/services/router/internal/direct/websocket_client.go:429.57,431.5 1 1
github.com/poiley/mcp-bridge/services/router/internal/direct/websocket_client.go:432.4,434.43 2 1
github.com/poiley/mcp-bridge/services/router/internal/direct/websocket_client.go:434.43,437.5 2 1
github.com/poiley/mcp-bridge/services/router/internal/direct/websocket_client.go:440.4,440.27 1 1
github.com/poiley/mcp-bridge/services/router/internal/direct/websocket_client.go:440.27,442.5 1 1
github.com/poiley/mcp-bridge/services/router/internal/direct/websocket_client.go:444.4,444.10 1 1
github.com/poiley/mcp-bridge/services/router/internal/direct/websocket_client.go:448.3,449.49 2 1
github.com/poiley/mcp-bridge/services/router/internal/direct/websocket_client.go:449.49,450.54 1 1
github.com/poiley/mcp-bridge/services/router/internal/direct/websocket_client.go:450.54,451.12 1 1
github.com/poiley/mcp-bridge/services/router/internal/direct/websocket_client.go:452.26,452.26 0 1
github.com/poiley/mcp-bridge/services/router/internal/direct/websocket_client.go:453.13,456.41 1 0
github.com/poiley/mcp-bridge/services/router/internal/direct/websocket_client.go:458.10,461.5 1 0
github.com/poiley/mcp-bridge/services/router/internal/direct/websocket_client.go:462.9,465.4 1 0
github.com/poiley/mcp-bridge/services/router/internal/direct/websocket_client.go:466.3,466.27 1 1
github.com/poiley/mcp-bridge/services/router/internal/direct/websocket_client.go:471.38,477.6 4 1
github.com/poiley/mcp-bridge/services/router/internal/direct/websocket_client.go:477.6,478.10 1 1
github.com/poiley/mcp-bridge/services/router/internal/direct/websocket_client.go:479.23,480.10 1 1
github.com/poiley/mcp-bridge/services/router/internal/direct/websocket_client.go:481.19,486.19 4 0
github.com/poiley/mcp-bridge/services/router/internal/direct/websocket_client.go:486.19,488.5 1 0
github.com/poiley/mcp-bridge/services/router/internal/direct/websocket_client.go:490.4,494.17 4 0
github.com/poiley/mcp-bridge/services/router/internal/direct/websocket_client.go:494.17,495.110 1 0
github.com/poiley/mcp-bridge/services/router/internal/direct/websocket_client.go:495.110,500.45 5 0
github.com/poiley/mcp-bridge/services/router/internal/direct/websocket_client.go:500.45,502.7 1 0
github.com/poiley/mcp-bridge/services/router/internal/direct/websocket_client.go:510.61,515.54 4 1
github.com/poiley/mcp-bridge/services/router/internal/direct/websocket_client.go:515.54,516.42 1 1
github.com/poiley/mcp-bridge/services/router/internal/direct/websocket_client.go:516.42,519.4 2 1
github.com/poiley/mcp-bridge/services/router/internal/direct/websocket_client.go:520.3,520.91 1 1
github.com/poiley/mcp-bridge/services/router/internal/direct/websocket_client.go:523.2,527.17 4 1
github.com/poiley/mcp-bridge/services/router/internal/direct/websocket_client.go:527.17,528.42 1 0
github.com/poiley/mcp-bridge/services/router/internal/direct/websocket_client.go:528.42,531.4 2 0
github.com/poiley/mcp-bridge/services/router/internal/direct/websocket_client.go:532.3,532.88 1 0
github.com/poiley/mcp-bridge/services/router/internal/direct/websocket_client.go:536.2,536.34 1 1
github.com/poiley/mcp-bridge/services/router/internal/direct/websocket_client.go:536.34,547.17 5 1
github.com/poiley/mcp-bridge/services/router/internal/direct/websocket_client.go:547.17,551.43 4 1
github.com/poiley/mcp-bridge/services/router/internal/direct/websocket_client.go:551.43,554.5 2 1
github.com/poiley/mcp-bridge/services/router/internal/direct/websocket_client.go:555.4,555.78 1 1
github.com/poiley/mcp-bridge/services/router/internal/direct/websocket_client.go:559.2,562.41 4 1
github.com/poiley/mcp-bridge/services/router/internal/direct/websocket_client.go:562.41,565.3 2 1
github.com/poiley/mcp-bridge/services/router/internal/direct/websocket_client.go:567.2,567.12 1 1
github.com/poiley/mcp-bridge/services/router/internal/direct/websocket_client.go:571.45,577.6 4 1
github.com/poiley/mcp-bridge/services/router/internal/direct/websocket_client.go:577.6,578.10 1 1
github.com/poiley/mcp-bridge/services/router/internal/direct/websocket_client.go:579.23,580.10 1 1
github.com/poiley/mcp-bridge/services/router/internal/direct/websocket_client.go:581.19,583.40 2 1
github.com/poiley/mcp-bridge/services/router/internal/direct/websocket_client.go:583.40,586.28 2 1
github.com/poiley/mcp-bridge/services/router/internal/direct/websocket_client.go:586.28,588.6 1 1
github.com/poiley/mcp-bridge/services/router/internal/direct/websocket_client.go:590.4,590.12 1 1
github.com/poiley/mcp-bridge/services/router/internal/direct/websocket_client.go:596.50,602.2 3 1
github.com/poiley/mcp-bridge/services/router/internal/direct/websocket_client.go:605.39,625.39 12 1
github.com/poiley/mcp-bridge/services/router/internal/direct/websocket_client.go:625.39,631.3 5 0
github.com/poiley/mcp-bridge/services/router/internal/direct/websocket_client.go:633.2,638.41 5 0
github.com/poiley/mcp-bridge/services/router/internal/direct/websocket_client.go:638.41,641.3 2 0
github.com/poiley/mcp-bridge/services/router/internal/direct/websocket_client.go:643.2,643.53 1 0
github.com/poiley/mcp-bridge/services/router/internal/direct/websocket_client.go:647.60,651.55 3 1
github.com/poiley/mcp-bridge/services/router/internal/direct/websocket_client.go:651.55,653.3 1 1
github.com/poiley/mcp-bridge/services/router/internal/direct/websocket_client.go:655.2,659.9 3 1
github.com/poiley/mcp-bridge/services/router/internal/direct/websocket_client.go:660.22,660.22 0 0
github.com/poiley/mcp-bridge/services/router/internal/direct/websocket_client.go:662.10,663.22 1 1
github.com/poiley/mcp-bridge/services/router/internal/direct/websocket_client.go:667.2,668.19 2 1
github.com/poiley/mcp-bridge/services/router/internal/direct/websocket_client.go:668.19,673.17 2 1
github.com/poiley/mcp-bridge/services/router/internal/direct/websocket_client.go:673.17,675.4 1 0
github.com/poiley/mcp-bridge/services/router/internal/direct/websocket_client.go:678.3,679.15 2 1
github.com/poiley/mcp-bridge/services/router/internal/direct/websocket_client.go:681.2,685.12 3 1
github.com/poiley/mcp-bridge/services/router/internal/direct/websocket_client.go:685.12,688.3 2 1
github.com/poiley/mcp-bridge/services/router/internal/direct/websocket_client.go:690.2,690.9 1 1
github.com/poiley/mcp-bridge/services/router/internal/direct/websocket_client.go:691.18,692.53 1 1
github.com/poiley/mcp-bridge/services/router/internal/direct/websocket_client.go:693.37,694.86 1 1
github.com/poiley/mcp-bridge/services/router/internal/direct/websocket_client.go:695.20,697.19 2 0
github.com/poiley/mcp-bridge/services/router/internal/direct/websocket_client.go:700.2,701.41 2 1
github.com/poiley/mcp-bridge/services/router/internal/direct/websocket_client.go:701.41,703.3 1 1
github.com/poiley/mcp-bridge/services/router/internal/direct/websocket_client.go:705.2,706.12 2 1
github.com/poiley/mcp-bridge/services/router/internal/direct/websocket_client.go:710.44,712.2 1 1
github.com/poiley/mcp-bridge/services/router/internal/direct/websocket_client.go:715.48,717.2 1 1
github.com/poiley/mcp-bridge/services/router/internal/direct/websocket_client.go:720.54,724.2 3 1
github.com/poiley/mcp-bridge/services/router/internal/direct/websocket_client.go:727.72,731.2 3 1
github.com/poiley/mcp-bridge/services/router/internal/direct/websocket_client.go:734.54,738.2 3 1
github.com/poiley/mcp-bridge/services/router/internal/direct/websocket_client.go:741.58,786.2 7 1
github.com/poiley/mcp-bridge/services/router/internal/direct/websocket_client.go:789.43,791.2 1 1
