mode: set
github.com/actual-software/mcp-bridge/services/gateway/internal/discovery/consul.go:47.130,51.29 2 1
github.com/actual-software/mcp-bridge/services/gateway/internal/discovery/consul.go:51.29,53.3 1 1
github.com/actual-software/mcp-bridge/services/gateway/internal/discovery/consul.go:54.2,54.32 1 1
github.com/actual-software/mcp-bridge/services/gateway/internal/discovery/consul.go:54.32,56.3 1 1
github.com/actual-software/mcp-bridge/services/gateway/internal/discovery/consul.go:57.2,57.27 1 1
github.com/actual-software/mcp-bridge/services/gateway/internal/discovery/consul.go:57.27,59.3 1 1
github.com/actual-software/mcp-bridge/services/gateway/internal/discovery/consul.go:62.2,62.26 1 1
github.com/actual-software/mcp-bridge/services/gateway/internal/discovery/consul.go:62.26,64.30 2 1
github.com/actual-software/mcp-bridge/services/gateway/internal/discovery/consul.go:64.30,66.4 1 1
github.com/actual-software/mcp-bridge/services/gateway/internal/discovery/consul.go:69.2,70.16 2 1
github.com/actual-software/mcp-bridge/services/gateway/internal/discovery/consul.go:70.16,72.3 1 0
github.com/actual-software/mcp-bridge/services/gateway/internal/discovery/consul.go:74.2,83.8 2 1
github.com/actual-software/mcp-bridge/services/gateway/internal/discovery/consul.go:87.58,91.45 2 0
github.com/actual-software/mcp-bridge/services/gateway/internal/discovery/consul.go:91.45,93.3 1 0
github.com/actual-software/mcp-bridge/services/gateway/internal/discovery/consul.go:96.2,103.12 5 0
github.com/actual-software/mcp-bridge/services/gateway/internal/discovery/consul.go:107.34,115.2 3 1
github.com/actual-software/mcp-bridge/services/gateway/internal/discovery/consul.go:118.52,126.16 4 0
github.com/actual-software/mcp-bridge/services/gateway/internal/discovery/consul.go:126.16,128.3 1 0
github.com/actual-software/mcp-bridge/services/gateway/internal/discovery/consul.go:130.2,136.42 4 0
github.com/actual-software/mcp-bridge/services/gateway/internal/discovery/consul.go:136.42,138.53 1 0
github.com/actual-software/mcp-bridge/services/gateway/internal/discovery/consul.go:138.53,139.12 1 0
github.com/actual-software/mcp-bridge/services/gateway/internal/discovery/consul.go:143.3,143.29 1 0
github.com/actual-software/mcp-bridge/services/gateway/internal/discovery/consul.go:143.29,144.12 1 0
github.com/actual-software/mcp-bridge/services/gateway/internal/discovery/consul.go:148.3,149.17 2 0
github.com/actual-software/mcp-bridge/services/gateway/internal/discovery/consul.go:149.17,153.12 2 0
github.com/actual-software/mcp-bridge/services/gateway/internal/discovery/consul.go:156.3,156.40 1 0
github.com/actual-software/mcp-bridge/services/gateway/internal/discovery/consul.go:156.40,158.18 2 0
github.com/actual-software/mcp-bridge/services/gateway/internal/discovery/consul.go:158.18,162.13 2 0
github.com/actual-software/mcp-bridge/services/gateway/internal/discovery/consul.go:165.4,165.32 1 0
github.com/actual-software/mcp-bridge/services/gateway/internal/discovery/consul.go:165.32,167.5 1 0
github.com/actual-software/mcp-bridge/services/gateway/internal/discovery/consul.go:172.2,173.35 2 0
github.com/actual-software/mcp-bridge/services/gateway/internal/discovery/consul.go:173.35,178.3 2 0
github.com/actual-software/mcp-bridge/services/gateway/internal/discovery/consul.go:180.2,182.12 2 0
github.com/actual-software/mcp-bridge/services/gateway/internal/discovery/consul.go:186.123,191.37 3 1
github.com/actual-software/mcp-bridge/services/gateway/internal/discovery/consul.go:191.37,193.50 1 1
github.com/actual-software/mcp-bridge/services/gateway/internal/discovery/consul.go:193.50,195.4 1 1
github.com/actual-software/mcp-bridge/services/gateway/internal/discovery/consul.go:195.9,197.4 1 1
github.com/actual-software/mcp-bridge/services/gateway/internal/discovery/consul.go:201.2,204.37 3 1
github.com/actual-software/mcp-bridge/services/gateway/internal/discovery/consul.go:204.37,206.3 1 0
github.com/actual-software/mcp-bridge/services/gateway/internal/discovery/consul.go:206.8,206.80 1 1
github.com/actual-software/mcp-bridge/services/gateway/internal/discovery/consul.go:206.80,208.36 2 1
github.com/actual-software/mcp-bridge/services/gateway/internal/discovery/consul.go:208.36,210.4 1 1
github.com/actual-software/mcp-bridge/services/gateway/internal/discovery/consul.go:214.2,215.52 2 1
github.com/actual-software/mcp-bridge/services/gateway/internal/discovery/consul.go:215.52,216.67 1 1
github.com/actual-software/mcp-bridge/services/gateway/internal/discovery/consul.go:216.67,220.4 1 0
github.com/actual-software/mcp-bridge/services/gateway/internal/discovery/consul.go:224.2,225.53 2 1
github.com/actual-software/mcp-bridge/services/gateway/internal/discovery/consul.go:225.53,226.52 1 1
github.com/actual-software/mcp-bridge/services/gateway/internal/discovery/consul.go:226.52,228.4 1 1
github.com/actual-software/mcp-bridge/services/gateway/internal/discovery/consul.go:232.2,233.43 2 1
github.com/actual-software/mcp-bridge/services/gateway/internal/discovery/consul.go:233.43,235.3 1 1
github.com/actual-software/mcp-bridge/services/gateway/internal/discovery/consul.go:237.2,256.33 2 1
github.com/actual-software/mcp-bridge/services/gateway/internal/discovery/consul.go:256.33,258.3 1 1
github.com/actual-software/mcp-bridge/services/gateway/internal/discovery/consul.go:260.2,260.22 1 1
github.com/actual-software/mcp-bridge/services/gateway/internal/discovery/consul.go:264.43,269.6 3 0
github.com/actual-software/mcp-bridge/services/gateway/internal/discovery/consul.go:269.6,270.10 1 0
github.com/actual-software/mcp-bridge/services/gateway/internal/discovery/consul.go:271.23,272.10 1 0
github.com/actual-software/mcp-bridge/services/gateway/internal/discovery/consul.go:273.11,273.11 0 0
github.com/actual-software/mcp-bridge/services/gateway/internal/discovery/consul.go:277.3,283.17 3 0
github.com/actual-software/mcp-bridge/services/gateway/internal/discovery/consul.go:283.17,286.12 3 0
github.com/actual-software/mcp-bridge/services/gateway/internal/discovery/consul.go:290.3,293.38 2 0
github.com/actual-software/mcp-bridge/services/gateway/internal/discovery/consul.go:293.38,295.47 2 0
github.com/actual-software/mcp-bridge/services/gateway/internal/discovery/consul.go:295.47,297.5 1 0
github.com/actual-software/mcp-bridge/services/gateway/internal/discovery/consul.go:303.49,309.6 4 0
github.com/actual-software/mcp-bridge/services/gateway/internal/discovery/consul.go:309.6,310.10 1 0
github.com/actual-software/mcp-bridge/services/gateway/internal/discovery/consul.go:311.23,312.10 1 0
github.com/actual-software/mcp-bridge/services/gateway/internal/discovery/consul.go:313.19,314.49 1 0
github.com/actual-software/mcp-bridge/services/gateway/internal/discovery/consul.go:314.49,316.5 1 0
github.com/actual-software/mcp-bridge/services/gateway/internal/discovery/consul.go:322.54,328.48 4 0
github.com/actual-software/mcp-bridge/services/gateway/internal/discovery/consul.go:328.48,329.28 1 0
github.com/actual-software/mcp-bridge/services/gateway/internal/discovery/consul.go:329.28,334.44 3 0
github.com/actual-software/mcp-bridge/services/gateway/internal/discovery/consul.go:334.44,336.5 1 0
github.com/actual-software/mcp-bridge/services/gateway/internal/discovery/consul.go:338.4,339.18 2 0
github.com/actual-software/mcp-bridge/services/gateway/internal/discovery/consul.go:339.18,343.13 2 0
github.com/actual-software/mcp-bridge/services/gateway/internal/discovery/consul.go:347.4,348.41 2 0
github.com/actual-software/mcp-bridge/services/gateway/internal/discovery/consul.go:348.41,349.89 1 0
github.com/actual-software/mcp-bridge/services/gateway/internal/discovery/consul.go:349.89,351.11 2 0
github.com/actual-software/mcp-bridge/services/gateway/internal/discovery/consul.go:355.4,355.35 1 0
github.com/actual-software/mcp-bridge/services/gateway/internal/discovery/consul.go:355.35,360.5 2 0
github.com/actual-software/mcp-bridge/services/gateway/internal/discovery/consul.go:364.2,364.12 1 0
github.com/actual-software/mcp-bridge/services/gateway/internal/discovery/consul.go:368.66,369.25 1 1
github.com/actual-software/mcp-bridge/services/gateway/internal/discovery/consul.go:369.25,370.32 1 1
github.com/actual-software/mcp-bridge/services/gateway/internal/discovery/consul.go:370.32,372.4 1 1
github.com/actual-software/mcp-bridge/services/gateway/internal/discovery/consul.go:374.2,374.14 1 1
github.com/actual-software/mcp-bridge/services/gateway/internal/discovery/consul.go:378.73,379.37 1 1
github.com/actual-software/mcp-bridge/services/gateway/internal/discovery/consul.go:379.37,380.46 1 1
github.com/actual-software/mcp-bridge/services/gateway/internal/discovery/consul.go:380.46,382.4 1 1
github.com/actual-software/mcp-bridge/services/gateway/internal/discovery/consul.go:384.2,384.13 1 1
github.com/actual-software/mcp-bridge/services/gateway/internal/discovery/consul.go:388.81,390.54 1 1
github.com/actual-software/mcp-bridge/services/gateway/internal/discovery/consul.go:390.54,392.3 1 1
github.com/actual-software/mcp-bridge/services/gateway/internal/discovery/consul.go:395.2,395.35 1 1
github.com/actual-software/mcp-bridge/services/gateway/internal/discovery/consul.go:395.35,396.31 1 1
github.com/actual-software/mcp-bridge/services/gateway/internal/discovery/consul.go:397.26,398.22 1 1
github.com/actual-software/mcp-bridge/services/gateway/internal/discovery/consul.go:399.36,400.16 1 1
github.com/actual-software/mcp-bridge/services/gateway/internal/discovery/consul.go:401.27,402.18 1 1
github.com/actual-software/mcp-bridge/services/gateway/internal/discovery/consul.go:403.23,404.17 1 1
github.com/actual-software/mcp-bridge/services/gateway/internal/discovery/consul.go:409.2,409.15 1 1
github.com/actual-software/mcp-bridge/services/gateway/internal/discovery/consul.go:413.69,423.2 6 1
github.com/actual-software/mcp-bridge/services/gateway/internal/discovery/consul.go:426.67,433.32 4 1
github.com/actual-software/mcp-bridge/services/gateway/internal/discovery/consul.go:433.32,437.3 3 1
github.com/actual-software/mcp-bridge/services/gateway/internal/discovery/consul.go:439.2,439.15 1 1
github.com/actual-software/mcp-bridge/services/gateway/internal/discovery/consul.go:443.53,448.30 4 1
github.com/actual-software/mcp-bridge/services/gateway/internal/discovery/consul.go:448.30,450.3 1 1
github.com/actual-software/mcp-bridge/services/gateway/internal/discovery/consul.go:452.2,452.19 1 1
github.com/actual-software/mcp-bridge/services/gateway/internal/discovery/factory.go:13.107,16.38 2 1
github.com/actual-software/mcp-bridge/services/gateway/internal/discovery/factory.go:16.38,18.3 1 1
github.com/actual-software/mcp-bridge/services/gateway/internal/discovery/factory.go:21.2,21.20 1 1
github.com/actual-software/mcp-bridge/services/gateway/internal/discovery/factory.go:21.20,23.3 1 1
github.com/actual-software/mcp-bridge/services/gateway/internal/discovery/factory.go:25.2,27.18 2 1
github.com/actual-software/mcp-bridge/services/gateway/internal/discovery/factory.go:28.20,29.45 1 1
github.com/actual-software/mcp-bridge/services/gateway/internal/discovery/factory.go:30.16,31.41 1 1
github.com/actual-software/mcp-bridge/services/gateway/internal/discovery/factory.go:32.15,33.46 1 1
github.com/actual-software/mcp-bridge/services/gateway/internal/discovery/factory.go:34.25,35.54 1 1
github.com/actual-software/mcp-bridge/services/gateway/internal/discovery/factory.go:36.35,37.42 1 1
github.com/actual-software/mcp-bridge/services/gateway/internal/discovery/factory.go:38.10,39.81 1 1
github.com/actual-software/mcp-bridge/services/gateway/internal/discovery/kubernetes.go:38.114,41.16 2 1
github.com/actual-software/mcp-bridge/services/gateway/internal/discovery/kubernetes.go:41.16,43.3 1 1
github.com/actual-software/mcp-bridge/services/gateway/internal/discovery/kubernetes.go:45.2,46.16 2 0
github.com/actual-software/mcp-bridge/services/gateway/internal/discovery/kubernetes.go:46.16,48.3 1 0
github.com/actual-software/mcp-bridge/services/gateway/internal/discovery/kubernetes.go:50.2,59.8 2 0
github.com/actual-software/mcp-bridge/services/gateway/internal/discovery/kubernetes.go:63.62,70.45 2 1
github.com/actual-software/mcp-bridge/services/gateway/internal/discovery/kubernetes.go:70.45,72.3 1 0
github.com/actual-software/mcp-bridge/services/gateway/internal/discovery/kubernetes.go:75.2,75.55 1 1
github.com/actual-software/mcp-bridge/services/gateway/internal/discovery/kubernetes.go:75.55,76.53 1 1
github.com/actual-software/mcp-bridge/services/gateway/internal/discovery/kubernetes.go:76.53,78.4 1 0
github.com/actual-software/mcp-bridge/services/gateway/internal/discovery/kubernetes.go:82.2,85.12 3 1
github.com/actual-software/mcp-bridge/services/gateway/internal/discovery/kubernetes.go:89.38,96.37 3 1
github.com/actual-software/mcp-bridge/services/gateway/internal/discovery/kubernetes.go:96.37,98.3 1 1
github.com/actual-software/mcp-bridge/services/gateway/internal/discovery/kubernetes.go:101.2,101.13 1 1
github.com/actual-software/mcp-bridge/services/gateway/internal/discovery/kubernetes.go:105.56,113.55 4 1
github.com/actual-software/mcp-bridge/services/gateway/internal/discovery/kubernetes.go:113.55,121.31 5 1
github.com/actual-software/mcp-bridge/services/gateway/internal/discovery/kubernetes.go:121.31,123.18 2 1
github.com/actual-software/mcp-bridge/services/gateway/internal/discovery/kubernetes.go:123.18,132.32 3 0
github.com/actual-software/mcp-bridge/services/gateway/internal/discovery/kubernetes.go:132.32,136.14 2 0
github.com/actual-software/mcp-bridge/services/gateway/internal/discovery/kubernetes.go:140.5,145.13 2 0
github.com/actual-software/mcp-bridge/services/gateway/internal/discovery/kubernetes.go:148.4,148.9 1 1
github.com/actual-software/mcp-bridge/services/gateway/internal/discovery/kubernetes.go:152.3,152.32 1 1
github.com/actual-software/mcp-bridge/services/gateway/internal/discovery/kubernetes.go:152.32,154.4 1 1
github.com/actual-software/mcp-bridge/services/gateway/internal/discovery/kubernetes.go:156.3,156.25 1 1
github.com/actual-software/mcp-bridge/services/gateway/internal/discovery/kubernetes.go:156.25,161.4 1 1
github.com/actual-software/mcp-bridge/services/gateway/internal/discovery/kubernetes.go:164.2,164.12 1 1
github.com/actual-software/mcp-bridge/services/gateway/internal/discovery/kubernetes.go:168.95,175.16 3 1
github.com/actual-software/mcp-bridge/services/gateway/internal/discovery/kubernetes.go:175.16,177.3 1 0
github.com/actual-software/mcp-bridge/services/gateway/internal/discovery/kubernetes.go:179.2,181.37 2 1
github.com/actual-software/mcp-bridge/services/gateway/internal/discovery/kubernetes.go:181.37,183.54 1 1
github.com/actual-software/mcp-bridge/services/gateway/internal/discovery/kubernetes.go:183.54,184.12 1 1
github.com/actual-software/mcp-bridge/services/gateway/internal/discovery/kubernetes.go:188.3,189.25 2 1
github.com/actual-software/mcp-bridge/services/gateway/internal/discovery/kubernetes.go:189.25,195.12 2 1
github.com/actual-software/mcp-bridge/services/gateway/internal/discovery/kubernetes.go:199.3,200.72 2 1
github.com/actual-software/mcp-bridge/services/gateway/internal/discovery/kubernetes.go:200.72,201.68 1 1
github.com/actual-software/mcp-bridge/services/gateway/internal/discovery/kubernetes.go:201.68,206.5 1 1
github.com/actual-software/mcp-bridge/services/gateway/internal/discovery/kubernetes.go:210.3,211.17 2 1
github.com/actual-software/mcp-bridge/services/gateway/internal/discovery/kubernetes.go:211.17,217.12 2 0
github.com/actual-software/mcp-bridge/services/gateway/internal/discovery/kubernetes.go:221.3,221.47 1 1
github.com/actual-software/mcp-bridge/services/gateway/internal/discovery/kubernetes.go:221.47,222.42 1 1
github.com/actual-software/mcp-bridge/services/gateway/internal/discovery/kubernetes.go:222.42,223.39 1 1
github.com/actual-software/mcp-bridge/services/gateway/internal/discovery/kubernetes.go:223.39,224.28 1 1
github.com/actual-software/mcp-bridge/services/gateway/internal/discovery/kubernetes.go:224.28,225.15 1 1
github.com/actual-software/mcp-bridge/services/gateway/internal/discovery/kubernetes.go:228.6,243.70 2 1
github.com/actual-software/mcp-bridge/services/gateway/internal/discovery/kubernetes.go:243.70,244.75 1 1
github.com/actual-software/mcp-bridge/services/gateway/internal/discovery/kubernetes.go:244.75,247.8 1 0
github.com/actual-software/mcp-bridge/services/gateway/internal/discovery/kubernetes.go:250.6,250.45 1 1
github.com/actual-software/mcp-bridge/services/gateway/internal/discovery/kubernetes.go:256.2,256.23 1 1
github.com/actual-software/mcp-bridge/services/gateway/internal/discovery/kubernetes.go:260.70,267.16 3 1
github.com/actual-software/mcp-bridge/services/gateway/internal/discovery/kubernetes.go:267.16,269.3 1 0
github.com/actual-software/mcp-bridge/services/gateway/internal/discovery/kubernetes.go:271.2,277.16 3 1
github.com/actual-software/mcp-bridge/services/gateway/internal/discovery/kubernetes.go:277.16,279.3 1 0
github.com/actual-software/mcp-bridge/services/gateway/internal/discovery/kubernetes.go:281.2,286.12 3 1
github.com/actual-software/mcp-bridge/services/gateway/internal/discovery/kubernetes.go:286.12,289.3 2 1
github.com/actual-software/mcp-bridge/services/gateway/internal/discovery/kubernetes.go:292.2,294.12 2 1
github.com/actual-software/mcp-bridge/services/gateway/internal/discovery/kubernetes.go:294.12,297.3 2 1
github.com/actual-software/mcp-bridge/services/gateway/internal/discovery/kubernetes.go:299.2,299.12 1 1
github.com/actual-software/mcp-bridge/services/gateway/internal/discovery/kubernetes.go:303.96,304.6 1 1
github.com/actual-software/mcp-bridge/services/gateway/internal/discovery/kubernetes.go:304.6,305.10 1 1
github.com/actual-software/mcp-bridge/services/gateway/internal/discovery/kubernetes.go:306.23,307.10 1 1
github.com/actual-software/mcp-bridge/services/gateway/internal/discovery/kubernetes.go:308.30,309.11 1 1
github.com/actual-software/mcp-bridge/services/gateway/internal/discovery/kubernetes.go:309.11,313.5 2 0
github.com/actual-software/mcp-bridge/services/gateway/internal/discovery/kubernetes.go:315.4,315.22 1 1
github.com/actual-software/mcp-bridge/services/gateway/internal/discovery/kubernetes.go:316.52,319.19 2 1
github.com/actual-software/mcp-bridge/services/gateway/internal/discovery/kubernetes.go:319.19,325.14 2 0
github.com/actual-software/mcp-bridge/services/gateway/internal/discovery/kubernetes.go:328.5,329.27 2 1
github.com/actual-software/mcp-bridge/services/gateway/internal/discovery/kubernetes.go:329.27,331.6 1 0
github.com/actual-software/mcp-bridge/services/gateway/internal/discovery/kubernetes.go:331.11,333.6 1 1
github.com/actual-software/mcp-bridge/services/gateway/internal/discovery/kubernetes.go:334.5,340.6 2 1
github.com/actual-software/mcp-bridge/services/gateway/internal/discovery/kubernetes.go:347.97,348.6 1 1
github.com/actual-software/mcp-bridge/services/gateway/internal/discovery/kubernetes.go:348.6,349.10 1 1
github.com/actual-software/mcp-bridge/services/gateway/internal/discovery/kubernetes.go:350.23,351.10 1 1
github.com/actual-software/mcp-bridge/services/gateway/internal/discovery/kubernetes.go:352.30,353.11 1 0
github.com/actual-software/mcp-bridge/services/gateway/internal/discovery/kubernetes.go:353.11,357.5 2 0
github.com/actual-software/mcp-bridge/services/gateway/internal/discovery/kubernetes.go:360.4,360.96 1 0
github.com/actual-software/mcp-bridge/services/gateway/internal/discovery/kubernetes.go:360.96,362.19 2 0
github.com/actual-software/mcp-bridge/services/gateway/internal/discovery/kubernetes.go:362.19,368.14 2 0
github.com/actual-software/mcp-bridge/services/gateway/internal/discovery/kubernetes.go:371.5,372.27 2 0
github.com/actual-software/mcp-bridge/services/gateway/internal/discovery/kubernetes.go:372.27,374.6 1 0
github.com/actual-software/mcp-bridge/services/gateway/internal/discovery/kubernetes.go:374.11,376.6 1 0
github.com/actual-software/mcp-bridge/services/gateway/internal/discovery/kubernetes.go:377.5,377.18 1 0
github.com/actual-software/mcp-bridge/services/gateway/internal/discovery/kubernetes.go:384.48,390.6 4 1
github.com/actual-software/mcp-bridge/services/gateway/internal/discovery/kubernetes.go:390.6,391.10 1 1
github.com/actual-software/mcp-bridge/services/gateway/internal/discovery/kubernetes.go:392.23,393.10 1 1
github.com/actual-software/mcp-bridge/services/gateway/internal/discovery/kubernetes.go:394.19,400.32 4 0
github.com/actual-software/mcp-bridge/services/gateway/internal/discovery/kubernetes.go:400.32,401.48 1 0
github.com/actual-software/mcp-bridge/services/gateway/internal/discovery/kubernetes.go:401.48,409.33 3 0
github.com/actual-software/mcp-bridge/services/gateway/internal/discovery/kubernetes.go:409.33,413.15 2 0
github.com/actual-software/mcp-bridge/services/gateway/internal/discovery/kubernetes.go:417.6,417.76 1 0
github.com/actual-software/mcp-bridge/services/gateway/internal/discovery/kubernetes.go:420.5,420.10 1 0
github.com/actual-software/mcp-bridge/services/gateway/internal/discovery/kubernetes.go:427.73,437.2 6 1
github.com/actual-software/mcp-bridge/services/gateway/internal/discovery/kubernetes.go:440.71,447.32 4 1
github.com/actual-software/mcp-bridge/services/gateway/internal/discovery/kubernetes.go:447.32,451.3 3 1
github.com/actual-software/mcp-bridge/services/gateway/internal/discovery/kubernetes.go:453.2,453.15 1 1
github.com/actual-software/mcp-bridge/services/gateway/internal/discovery/kubernetes.go:457.57,462.30 4 1
github.com/actual-software/mcp-bridge/services/gateway/internal/discovery/kubernetes.go:462.30,464.3 1 1
github.com/actual-software/mcp-bridge/services/gateway/internal/discovery/kubernetes.go:466.2,466.19 1 1
github.com/actual-software/mcp-bridge/services/gateway/internal/discovery/sse_discovery.go:25.99,27.30 2 1
github.com/actual-software/mcp-bridge/services/gateway/internal/discovery/sse_discovery.go:27.30,31.26 2 1
github.com/actual-software/mcp-bridge/services/gateway/internal/discovery/sse_discovery.go:31.26,33.4 1 1
github.com/actual-software/mcp-bridge/services/gateway/internal/discovery/sse_discovery.go:34.3,34.30 1 1
github.com/actual-software/mcp-bridge/services/gateway/internal/discovery/sse_discovery.go:34.30,36.4 1 1
github.com/actual-software/mcp-bridge/services/gateway/internal/discovery/sse_discovery.go:37.3,37.35 1 1
github.com/actual-software/mcp-bridge/services/gateway/internal/discovery/sse_discovery.go:37.35,39.4 1 1
github.com/actual-software/mcp-bridge/services/gateway/internal/discovery/sse_discovery.go:40.3,40.36 1 1
github.com/actual-software/mcp-bridge/services/gateway/internal/discovery/sse_discovery.go:40.36,42.4 1 1
github.com/actual-software/mcp-bridge/services/gateway/internal/discovery/sse_discovery.go:43.3,43.27 1 1
github.com/actual-software/mcp-bridge/services/gateway/internal/discovery/sse_discovery.go:43.27,45.4 1 1
github.com/actual-software/mcp-bridge/services/gateway/internal/discovery/sse_discovery.go:46.3,46.40 1 1
github.com/actual-software/mcp-bridge/services/gateway/internal/discovery/sse_discovery.go:46.40,48.4 1 1
github.com/actual-software/mcp-bridge/services/gateway/internal/discovery/sse_discovery.go:49.3,49.39 1 1
github.com/actual-software/mcp-bridge/services/gateway/internal/discovery/sse_discovery.go:49.39,51.4 1 1
github.com/actual-software/mcp-bridge/services/gateway/internal/discovery/sse_discovery.go:53.3,53.35 1 1
github.com/actual-software/mcp-bridge/services/gateway/internal/discovery/sse_discovery.go:57.2,66.8 2 1
github.com/actual-software/mcp-bridge/services/gateway/internal/discovery/sse_discovery.go:70.77,73.37 2 1
github.com/actual-software/mcp-bridge/services/gateway/internal/discovery/sse_discovery.go:73.37,75.17 2 1
github.com/actual-software/mcp-bridge/services/gateway/internal/discovery/sse_discovery.go:75.17,80.12 2 0
github.com/actual-software/mcp-bridge/services/gateway/internal/discovery/sse_discovery.go:84.3,85.26 2 1
github.com/actual-software/mcp-bridge/services/gateway/internal/discovery/sse_discovery.go:85.26,87.4 1 1
github.com/actual-software/mcp-bridge/services/gateway/internal/discovery/sse_discovery.go:88.3,88.21 1 1
github.com/actual-software/mcp-bridge/services/gateway/internal/discovery/sse_discovery.go:88.21,89.52 1 1
github.com/actual-software/mcp-bridge/services/gateway/internal/discovery/sse_discovery.go:89.52,91.5 1 1
github.com/actual-software/mcp-bridge/services/gateway/internal/discovery/sse_discovery.go:94.3,107.66 2 1
github.com/actual-software/mcp-bridge/services/gateway/internal/discovery/sse_discovery.go:107.66,113.4 2 1
github.com/actual-software/mcp-bridge/services/gateway/internal/discovery/sse_discovery.go:115.3,115.42 1 1
github.com/actual-software/mcp-bridge/services/gateway/internal/discovery/sse_discovery.go:118.2,119.23 2 1
github.com/actual-software/mcp-bridge/services/gateway/internal/discovery/sse_discovery.go:123.95,125.13 2 0
github.com/actual-software/mcp-bridge/services/gateway/internal/discovery/sse_discovery.go:125.13,127.3 1 0
github.com/actual-software/mcp-bridge/services/gateway/internal/discovery/sse_discovery.go:129.2,130.16 2 0
github.com/actual-software/mcp-bridge/services/gateway/internal/discovery/sse_discovery.go:130.16,132.3 1 0
github.com/actual-software/mcp-bridge/services/gateway/internal/discovery/sse_discovery.go:134.2,135.25 2 0
github.com/actual-software/mcp-bridge/services/gateway/internal/discovery/sse_discovery.go:135.25,137.3 1 0
github.com/actual-software/mcp-bridge/services/gateway/internal/discovery/sse_discovery.go:138.2,138.20 1 0
github.com/actual-software/mcp-bridge/services/gateway/internal/discovery/sse_discovery.go:138.20,139.51 1 0
github.com/actual-software/mcp-bridge/services/gateway/internal/discovery/sse_discovery.go:139.51,141.4 1 0
github.com/actual-software/mcp-bridge/services/gateway/internal/discovery/sse_discovery.go:144.2,157.65 2 0
github.com/actual-software/mcp-bridge/services/gateway/internal/discovery/sse_discovery.go:157.65,159.3 1 0
github.com/actual-software/mcp-bridge/services/gateway/internal/discovery/sse_discovery.go:161.2,161.22 1 0
github.com/actual-software/mcp-bridge/services/gateway/internal/discovery/sse_discovery.go:165.78,168.12 2 0
github.com/actual-software/mcp-bridge/services/gateway/internal/discovery/sse_discovery.go:168.12,175.55 4 0
github.com/actual-software/mcp-bridge/services/gateway/internal/discovery/sse_discovery.go:175.55,176.11 1 0
github.com/actual-software/mcp-bridge/services/gateway/internal/discovery/sse_discovery.go:177.25,177.25 0 0
github.com/actual-software/mcp-bridge/services/gateway/internal/discovery/sse_discovery.go:178.22,179.11 1 0
github.com/actual-software/mcp-bridge/services/gateway/internal/discovery/sse_discovery.go:184.3,184.7 1 0
github.com/actual-software/mcp-bridge/services/gateway/internal/discovery/sse_discovery.go:184.7,185.11 1 0
github.com/actual-software/mcp-bridge/services/gateway/internal/discovery/sse_discovery.go:186.22,187.11 1 0
github.com/actual-software/mcp-bridge/services/gateway/internal/discovery/sse_discovery.go:188.20,189.57 1 0
github.com/actual-software/mcp-bridge/services/gateway/internal/discovery/sse_discovery.go:189.57,190.13 1 0
github.com/actual-software/mcp-bridge/services/gateway/internal/discovery/sse_discovery.go:191.27,191.27 0 0
github.com/actual-software/mcp-bridge/services/gateway/internal/discovery/sse_discovery.go:192.24,193.13 1 0
github.com/actual-software/mcp-bridge/services/gateway/internal/discovery/sse_discovery.go:200.2,200.16 1 0
github.com/actual-software/mcp-bridge/services/gateway/internal/discovery/sse_discovery.go:204.83,207.13 3 0
github.com/actual-software/mcp-bridge/services/gateway/internal/discovery/sse_discovery.go:207.13,209.3 1 0
github.com/actual-software/mcp-bridge/services/gateway/internal/discovery/sse_discovery.go:211.2,211.34 1 0
github.com/actual-software/mcp-bridge/services/gateway/internal/discovery/sse_discovery.go:211.34,213.3 1 0
github.com/actual-software/mcp-bridge/services/gateway/internal/discovery/sse_discovery.go:215.2,215.49 1 0
github.com/actual-software/mcp-bridge/services/gateway/internal/discovery/sse_discovery.go:219.110,229.74 5 1
github.com/actual-software/mcp-bridge/services/gateway/internal/discovery/sse_discovery.go:229.74,231.3 1 1
github.com/actual-software/mcp-bridge/services/gateway/internal/discovery/sse_discovery.go:234.2,234.76 1 0
github.com/actual-software/mcp-bridge/services/gateway/internal/discovery/sse_discovery.go:234.76,236.3 1 0
github.com/actual-software/mcp-bridge/services/gateway/internal/discovery/sse_discovery.go:238.2,238.12 1 0
github.com/actual-software/mcp-bridge/services/gateway/internal/discovery/sse_discovery.go:242.120,244.16 2 1
github.com/actual-software/mcp-bridge/services/gateway/internal/discovery/sse_discovery.go:244.16,246.3 1 0
github.com/actual-software/mcp-bridge/services/gateway/internal/discovery/sse_discovery.go:249.2,253.36 3 1
github.com/actual-software/mcp-bridge/services/gateway/internal/discovery/sse_discovery.go:253.36,255.3 1 1
github.com/actual-software/mcp-bridge/services/gateway/internal/discovery/sse_discovery.go:257.2,258.16 2 1
github.com/actual-software/mcp-bridge/services/gateway/internal/discovery/sse_discovery.go:258.16,260.3 1 1
github.com/actual-software/mcp-bridge/services/gateway/internal/discovery/sse_discovery.go:261.2,261.15 1 0
github.com/actual-software/mcp-bridge/services/gateway/internal/discovery/sse_discovery.go:261.15,262.43 1 0
github.com/actual-software/mcp-bridge/services/gateway/internal/discovery/sse_discovery.go:262.43,264.4 1 0
github.com/actual-software/mcp-bridge/services/gateway/internal/discovery/sse_discovery.go:268.2,268.38 1 0
github.com/actual-software/mcp-bridge/services/gateway/internal/discovery/sse_discovery.go:268.38,270.3 1 0
github.com/actual-software/mcp-bridge/services/gateway/internal/discovery/sse_discovery.go:273.2,274.58 2 0
github.com/actual-software/mcp-bridge/services/gateway/internal/discovery/sse_discovery.go:274.58,276.3 1 0
github.com/actual-software/mcp-bridge/services/gateway/internal/discovery/sse_discovery.go:278.2,278.12 1 0
github.com/actual-software/mcp-bridge/services/gateway/internal/discovery/sse_discovery.go:282.122,285.16 2 0
github.com/actual-software/mcp-bridge/services/gateway/internal/discovery/sse_discovery.go:285.16,287.3 1 0
github.com/actual-software/mcp-bridge/services/gateway/internal/discovery/sse_discovery.go:290.2,290.36 1 0
github.com/actual-software/mcp-bridge/services/gateway/internal/discovery/sse_discovery.go:290.36,292.3 1 0
github.com/actual-software/mcp-bridge/services/gateway/internal/discovery/sse_discovery.go:294.2,295.16 2 0
github.com/actual-software/mcp-bridge/services/gateway/internal/discovery/sse_discovery.go:295.16,297.3 1 0
github.com/actual-software/mcp-bridge/services/gateway/internal/discovery/sse_discovery.go:298.2,298.15 1 0
github.com/actual-software/mcp-bridge/services/gateway/internal/discovery/sse_discovery.go:298.15,299.43 1 0
github.com/actual-software/mcp-bridge/services/gateway/internal/discovery/sse_discovery.go:299.43,301.4 1 0
github.com/actual-software/mcp-bridge/services/gateway/internal/discovery/sse_discovery.go:306.2,306.88 1 0
github.com/actual-software/mcp-bridge/services/gateway/internal/discovery/sse_discovery.go:306.88,308.3 1 0
github.com/actual-software/mcp-bridge/services/gateway/internal/discovery/sse_discovery.go:310.2,310.12 1 0
github.com/actual-software/mcp-bridge/services/gateway/internal/discovery/sse_discovery.go:314.91,318.37 2 1
github.com/actual-software/mcp-bridge/services/gateway/internal/discovery/sse_discovery.go:318.37,320.3 1 1
github.com/actual-software/mcp-bridge/services/gateway/internal/discovery/sse_discovery.go:323.2,331.36 7 1
github.com/actual-software/mcp-bridge/services/gateway/internal/discovery/sse_discovery.go:331.36,337.49 1 1
github.com/actual-software/mcp-bridge/services/gateway/internal/discovery/sse_discovery.go:337.49,339.4 1 1
github.com/actual-software/mcp-bridge/services/gateway/internal/discovery/sse_discovery.go:342.2,342.17 1 1
github.com/actual-software/mcp-bridge/services/gateway/internal/discovery/sse_discovery.go:346.64,349.37 3 1
github.com/actual-software/mcp-bridge/services/gateway/internal/discovery/sse_discovery.go:349.37,351.3 1 1
github.com/actual-software/mcp-bridge/services/gateway/internal/discovery/sse_discovery.go:352.2,352.15 1 1
github.com/actual-software/mcp-bridge/services/gateway/internal/discovery/sse_discovery.go:356.57,358.2 1 1
github.com/actual-software/mcp-bridge/services/gateway/internal/discovery/sse_discovery.go:361.32,362.2 0 1
github.com/actual-software/mcp-bridge/services/gateway/internal/discovery/sse_discovery.go:365.66,368.37 3 1
github.com/actual-software/mcp-bridge/services/gateway/internal/discovery/sse_discovery.go:368.37,369.38 1 1
github.com/actual-software/mcp-bridge/services/gateway/internal/discovery/sse_discovery.go:369.38,371.4 1 1
github.com/actual-software/mcp-bridge/services/gateway/internal/discovery/sse_discovery.go:373.2,373.15 1 1
github.com/actual-software/mcp-bridge/services/gateway/internal/discovery/sse_discovery.go:377.50,380.37 3 1
github.com/actual-software/mcp-bridge/services/gateway/internal/discovery/sse_discovery.go:380.37,382.3 1 1
github.com/actual-software/mcp-bridge/services/gateway/internal/discovery/sse_discovery.go:383.2,384.36 2 1
github.com/actual-software/mcp-bridge/services/gateway/internal/discovery/sse_discovery.go:384.36,386.3 1 1
github.com/actual-software/mcp-bridge/services/gateway/internal/discovery/sse_discovery.go:387.2,387.15 1 1
github.com/actual-software/mcp-bridge/services/gateway/internal/discovery/static.go:24.106,25.33 1 1
github.com/actual-software/mcp-bridge/services/gateway/internal/discovery/static.go:25.33,27.3 1 1
github.com/actual-software/mcp-bridge/services/gateway/internal/discovery/static.go:29.2,36.43 2 1
github.com/actual-software/mcp-bridge/services/gateway/internal/discovery/static.go:36.43,38.3 1 0
github.com/actual-software/mcp-bridge/services/gateway/internal/discovery/static.go:40.2,40.16 1 1
github.com/actual-software/mcp-bridge/services/gateway/internal/discovery/static.go:44.50,48.61 3 1
github.com/actual-software/mcp-bridge/services/gateway/internal/discovery/static.go:48.61,51.31 2 1
github.com/actual-software/mcp-bridge/services/gateway/internal/discovery/static.go:51.31,53.18 2 1
github.com/actual-software/mcp-bridge/services/gateway/internal/discovery/static.go:53.18,59.13 2 1
github.com/actual-software/mcp-bridge/services/gateway/internal/discovery/static.go:62.4,62.43 1 1
github.com/actual-software/mcp-bridge/services/gateway/internal/discovery/static.go:65.3,65.25 1 1
github.com/actual-software/mcp-bridge/services/gateway/internal/discovery/static.go:65.25,70.4 2 1
github.com/actual-software/mcp-bridge/services/gateway/internal/discovery/static.go:73.2,73.12 1 1
github.com/actual-software/mcp-bridge/services/gateway/internal/discovery/static.go:77.108,79.16 2 1
github.com/actual-software/mcp-bridge/services/gateway/internal/discovery/static.go:79.16,81.3 1 1
github.com/actual-software/mcp-bridge/services/gateway/internal/discovery/static.go:84.2,86.28 2 1
github.com/actual-software/mcp-bridge/services/gateway/internal/discovery/static.go:86.28,87.59 1 1
github.com/actual-software/mcp-bridge/services/gateway/internal/discovery/static.go:87.59,89.4 1 1
github.com/actual-software/mcp-bridge/services/gateway/internal/discovery/static.go:90.8,90.40 1 1
github.com/actual-software/mcp-bridge/services/gateway/internal/discovery/static.go:90.40,92.3 1 1
github.com/actual-software/mcp-bridge/services/gateway/internal/discovery/static.go:95.2,97.31 2 1
github.com/actual-software/mcp-bridge/services/gateway/internal/discovery/static.go:97.31,98.30 1 1
github.com/actual-software/mcp-bridge/services/gateway/internal/discovery/static.go:98.30,100.4 1 1
github.com/actual-software/mcp-bridge/services/gateway/internal/discovery/static.go:100.9,102.4 1 0
github.com/actual-software/mcp-bridge/services/gateway/internal/discovery/static.go:105.2,116.8 1 1
github.com/actual-software/mcp-bridge/services/gateway/internal/discovery/static.go:120.59,124.2 2 1
github.com/actual-software/mcp-bridge/services/gateway/internal/discovery/static.go:127.35,130.2 1 1
github.com/actual-software/mcp-bridge/services/gateway/internal/discovery/static.go:133.70,138.13 4 1
github.com/actual-software/mcp-bridge/services/gateway/internal/discovery/static.go:138.13,140.3 1 1
github.com/actual-software/mcp-bridge/services/gateway/internal/discovery/static.go:143.2,146.15 3 1
github.com/actual-software/mcp-bridge/services/gateway/internal/discovery/static.go:150.68,157.49 4 1
github.com/actual-software/mcp-bridge/services/gateway/internal/discovery/static.go:157.49,161.3 3 1
github.com/actual-software/mcp-bridge/services/gateway/internal/discovery/static.go:163.2,163.15 1 1
github.com/actual-software/mcp-bridge/services/gateway/internal/discovery/static.go:167.54,172.38 4 1
github.com/actual-software/mcp-bridge/services/gateway/internal/discovery/static.go:172.38,174.3 1 1
github.com/actual-software/mcp-bridge/services/gateway/internal/discovery/static.go:176.2,176.19 1 1
github.com/actual-software/mcp-bridge/services/gateway/internal/discovery/stdio_discovery.go:23.103,25.30 2 1
github.com/actual-software/mcp-bridge/services/gateway/internal/discovery/stdio_discovery.go:25.30,29.26 2 1
github.com/actual-software/mcp-bridge/services/gateway/internal/discovery/stdio_discovery.go:29.26,31.4 1 1
github.com/actual-software/mcp-bridge/services/gateway/internal/discovery/stdio_discovery.go:32.3,32.30 1 1
github.com/actual-software/mcp-bridge/services/gateway/internal/discovery/stdio_discovery.go:32.30,34.4 1 1
github.com/actual-software/mcp-bridge/services/gateway/internal/discovery/stdio_discovery.go:35.3,35.40 1 1
github.com/actual-software/mcp-bridge/services/gateway/internal/discovery/stdio_discovery.go:35.40,37.4 1 1
github.com/actual-software/mcp-bridge/services/gateway/internal/discovery/stdio_discovery.go:38.3,38.39 1 1
github.com/actual-software/mcp-bridge/services/gateway/internal/discovery/stdio_discovery.go:38.39,40.4 1 1
github.com/actual-software/mcp-bridge/services/gateway/internal/discovery/stdio_discovery.go:42.3,42.35 1 1
github.com/actual-software/mcp-bridge/services/gateway/internal/discovery/stdio_discovery.go:45.2,49.8 1 1
github.com/actual-software/mcp-bridge/services/gateway/internal/discovery/stdio_discovery.go:53.79,56.37 2 1
github.com/actual-software/mcp-bridge/services/gateway/internal/discovery/stdio_discovery.go:56.37,70.31 2 1
github.com/actual-software/mcp-bridge/services/gateway/internal/discovery/stdio_discovery.go:70.31,71.63 1 1
github.com/actual-software/mcp-bridge/services/gateway/internal/discovery/stdio_discovery.go:71.63,77.5 2 0
github.com/actual-software/mcp-bridge/services/gateway/internal/discovery/stdio_discovery.go:80.3,80.42 1 1
github.com/actual-software/mcp-bridge/services/gateway/internal/discovery/stdio_discovery.go:83.2,84.23 2 1
github.com/actual-software/mcp-bridge/services/gateway/internal/discovery/stdio_discovery.go:88.97,90.13 2 0
github.com/actual-software/mcp-bridge/services/gateway/internal/discovery/stdio_discovery.go:90.13,92.3 1 0
github.com/actual-software/mcp-bridge/services/gateway/internal/discovery/stdio_discovery.go:94.2,107.30 2 0
github.com/actual-software/mcp-bridge/services/gateway/internal/discovery/stdio_discovery.go:107.30,108.62 1 0
github.com/actual-software/mcp-bridge/services/gateway/internal/discovery/stdio_discovery.go:108.62,110.4 1 0
github.com/actual-software/mcp-bridge/services/gateway/internal/discovery/stdio_discovery.go:113.2,113.22 1 0
github.com/actual-software/mcp-bridge/services/gateway/internal/discovery/stdio_discovery.go:117.80,122.12 2 0
github.com/actual-software/mcp-bridge/services/gateway/internal/discovery/stdio_discovery.go:122.12,129.55 4 0
github.com/actual-software/mcp-bridge/services/gateway/internal/discovery/stdio_discovery.go:129.55,130.11 1 0
github.com/actual-software/mcp-bridge/services/gateway/internal/discovery/stdio_discovery.go:131.25,131.25 0 0
github.com/actual-software/mcp-bridge/services/gateway/internal/discovery/stdio_discovery.go:132.22,133.11 1 0
github.com/actual-software/mcp-bridge/services/gateway/internal/discovery/stdio_discovery.go:138.3,138.7 1 0
github.com/actual-software/mcp-bridge/services/gateway/internal/discovery/stdio_discovery.go:138.7,139.11 1 0
github.com/actual-software/mcp-bridge/services/gateway/internal/discovery/stdio_discovery.go:140.22,141.11 1 0
github.com/actual-software/mcp-bridge/services/gateway/internal/discovery/stdio_discovery.go:142.20,143.57 1 0
github.com/actual-software/mcp-bridge/services/gateway/internal/discovery/stdio_discovery.go:143.57,144.13 1 0
github.com/actual-software/mcp-bridge/services/gateway/internal/discovery/stdio_discovery.go:145.27,145.27 0 0
github.com/actual-software/mcp-bridge/services/gateway/internal/discovery/stdio_discovery.go:146.24,147.13 1 0
github.com/actual-software/mcp-bridge/services/gateway/internal/discovery/stdio_discovery.go:154.2,154.16 1 0
github.com/actual-software/mcp-bridge/services/gateway/internal/discovery/stdio_discovery.go:158.85,161.13 3 0
github.com/actual-software/mcp-bridge/services/gateway/internal/discovery/stdio_discovery.go:161.13,163.3 1 0
github.com/actual-software/mcp-bridge/services/gateway/internal/discovery/stdio_discovery.go:165.2,165.34 1 0
github.com/actual-software/mcp-bridge/services/gateway/internal/discovery/stdio_discovery.go:165.34,167.3 1 0
github.com/actual-software/mcp-bridge/services/gateway/internal/discovery/stdio_discovery.go:169.2,169.31 1 0
github.com/actual-software/mcp-bridge/services/gateway/internal/discovery/stdio_discovery.go:169.31,171.3 1 0
github.com/actual-software/mcp-bridge/services/gateway/internal/discovery/stdio_discovery.go:174.2,174.61 1 0
github.com/actual-software/mcp-bridge/services/gateway/internal/discovery/stdio_discovery.go:174.61,176.3 1 0
github.com/actual-software/mcp-bridge/services/gateway/internal/discovery/stdio_discovery.go:180.2,180.12 1 0
github.com/actual-software/mcp-bridge/services/gateway/internal/discovery/stdio_discovery.go:184.95,188.37 2 1
github.com/actual-software/mcp-bridge/services/gateway/internal/discovery/stdio_discovery.go:188.37,190.3 1 1
github.com/actual-software/mcp-bridge/services/gateway/internal/discovery/stdio_discovery.go:193.2,199.32 5 1
github.com/actual-software/mcp-bridge/services/gateway/internal/discovery/stdio_discovery.go:199.32,204.49 1 1
github.com/actual-software/mcp-bridge/services/gateway/internal/discovery/stdio_discovery.go:204.49,206.4 1 1
github.com/actual-software/mcp-bridge/services/gateway/internal/discovery/stdio_discovery.go:209.2,209.17 1 1
github.com/actual-software/mcp-bridge/services/gateway/internal/discovery/stdio_discovery.go:213.66,216.37 3 1
github.com/actual-software/mcp-bridge/services/gateway/internal/discovery/stdio_discovery.go:216.37,218.3 1 1
github.com/actual-software/mcp-bridge/services/gateway/internal/discovery/stdio_discovery.go:219.2,219.15 1 1
github.com/actual-software/mcp-bridge/services/gateway/internal/discovery/stdio_discovery.go:223.59,226.2 1 1
github.com/actual-software/mcp-bridge/services/gateway/internal/discovery/stdio_discovery.go:229.34,231.2 0 1
github.com/actual-software/mcp-bridge/services/gateway/internal/discovery/stdio_discovery.go:234.68,237.37 3 1
github.com/actual-software/mcp-bridge/services/gateway/internal/discovery/stdio_discovery.go:237.37,238.38 1 1
github.com/actual-software/mcp-bridge/services/gateway/internal/discovery/stdio_discovery.go:238.38,240.4 1 1
github.com/actual-software/mcp-bridge/services/gateway/internal/discovery/stdio_discovery.go:242.2,242.15 1 1
github.com/actual-software/mcp-bridge/services/gateway/internal/discovery/stdio_discovery.go:246.52,249.37 3 1
github.com/actual-software/mcp-bridge/services/gateway/internal/discovery/stdio_discovery.go:249.37,251.3 1 1
github.com/actual-software/mcp-bridge/services/gateway/internal/discovery/stdio_discovery.go:252.2,253.36 2 1
github.com/actual-software/mcp-bridge/services/gateway/internal/discovery/stdio_discovery.go:253.36,255.3 1 1
github.com/actual-software/mcp-bridge/services/gateway/internal/discovery/stdio_discovery.go:256.2,256.15 1 1
github.com/actual-software/mcp-bridge/services/gateway/internal/discovery/websocket_discovery.go:25.111,27.30 2 1
github.com/actual-software/mcp-bridge/services/gateway/internal/discovery/websocket_discovery.go:27.30,31.26 2 1
github.com/actual-software/mcp-bridge/services/gateway/internal/discovery/websocket_discovery.go:31.26,33.4 1 1
github.com/actual-software/mcp-bridge/services/gateway/internal/discovery/websocket_discovery.go:34.3,34.30 1 1
github.com/actual-software/mcp-bridge/services/gateway/internal/discovery/websocket_discovery.go:34.30,36.4 1 1
github.com/actual-software/mcp-bridge/services/gateway/internal/discovery/websocket_discovery.go:37.3,37.40 1 1
github.com/actual-software/mcp-bridge/services/gateway/internal/discovery/websocket_discovery.go:37.40,39.4 1 1
github.com/actual-software/mcp-bridge/services/gateway/internal/discovery/websocket_discovery.go:40.3,40.39 1 1
github.com/actual-software/mcp-bridge/services/gateway/internal/discovery/websocket_discovery.go:40.39,42.4 1 1
github.com/actual-software/mcp-bridge/services/gateway/internal/discovery/websocket_discovery.go:44.3,44.35 1 1
github.com/actual-software/mcp-bridge/services/gateway/internal/discovery/websocket_discovery.go:47.2,51.8 1 1
github.com/actual-software/mcp-bridge/services/gateway/internal/discovery/websocket_discovery.go:55.83,58.37 2 1
github.com/actual-software/mcp-bridge/services/gateway/internal/discovery/websocket_discovery.go:58.37,60.49 1 1
github.com/actual-software/mcp-bridge/services/gateway/internal/discovery/websocket_discovery.go:60.49,62.18 2 1
github.com/actual-software/mcp-bridge/services/gateway/internal/discovery/websocket_discovery.go:62.18,67.13 2 0
github.com/actual-software/mcp-bridge/services/gateway/internal/discovery/websocket_discovery.go:71.4,72.25 2 1
github.com/actual-software/mcp-bridge/services/gateway/internal/discovery/websocket_discovery.go:72.25,74.5 1 1
github.com/actual-software/mcp-bridge/services/gateway/internal/discovery/websocket_discovery.go:75.4,75.22 1 1
github.com/actual-software/mcp-bridge/services/gateway/internal/discovery/websocket_discovery.go:75.22,76.53 1 1
github.com/actual-software/mcp-bridge/services/gateway/internal/discovery/websocket_discovery.go:76.53,78.6 1 1
github.com/actual-software/mcp-bridge/services/gateway/internal/discovery/websocket_discovery.go:81.4,94.32 2 1
github.com/actual-software/mcp-bridge/services/gateway/internal/discovery/websocket_discovery.go:94.32,95.82 1 1
github.com/actual-software/mcp-bridge/services/gateway/internal/discovery/websocket_discovery.go:95.82,101.6 2 1
github.com/actual-software/mcp-bridge/services/gateway/internal/discovery/websocket_discovery.go:104.4,104.43 1 1
github.com/actual-software/mcp-bridge/services/gateway/internal/discovery/websocket_discovery.go:108.2,109.23 2 1
github.com/actual-software/mcp-bridge/services/gateway/internal/discovery/websocket_discovery.go:113.101,115.13 2 0
github.com/actual-software/mcp-bridge/services/gateway/internal/discovery/websocket_discovery.go:115.13,117.3 1 0
github.com/actual-software/mcp-bridge/services/gateway/internal/discovery/websocket_discovery.go:119.2,119.33 1 0
github.com/actual-software/mcp-bridge/services/gateway/internal/discovery/websocket_discovery.go:119.33,121.3 1 0
github.com/actual-software/mcp-bridge/services/gateway/internal/discovery/websocket_discovery.go:124.2,126.16 3 0
github.com/actual-software/mcp-bridge/services/gateway/internal/discovery/websocket_discovery.go:126.16,128.3 1 0
github.com/actual-software/mcp-bridge/services/gateway/internal/discovery/websocket_discovery.go:130.2,131.23 2 0
github.com/actual-software/mcp-bridge/services/gateway/internal/discovery/websocket_discovery.go:131.23,133.3 1 0
github.com/actual-software/mcp-bridge/services/gateway/internal/discovery/websocket_discovery.go:134.2,134.20 1 0
github.com/actual-software/mcp-bridge/services/gateway/internal/discovery/websocket_discovery.go:134.20,135.51 1 0
github.com/actual-software/mcp-bridge/services/gateway/internal/discovery/websocket_discovery.go:135.51,137.4 1 0
github.com/actual-software/mcp-bridge/services/gateway/internal/discovery/websocket_discovery.go:140.2,153.79 2 0
github.com/actual-software/mcp-bridge/services/gateway/internal/discovery/websocket_discovery.go:153.79,155.3 1 0
github.com/actual-software/mcp-bridge/services/gateway/internal/discovery/websocket_discovery.go:157.2,157.22 1 0
github.com/actual-software/mcp-bridge/services/gateway/internal/discovery/websocket_discovery.go:161.84,164.12 2 0
github.com/actual-software/mcp-bridge/services/gateway/internal/discovery/websocket_discovery.go:164.12,171.55 4 0
github.com/actual-software/mcp-bridge/services/gateway/internal/discovery/websocket_discovery.go:171.55,172.11 1 0
github.com/actual-software/mcp-bridge/services/gateway/internal/discovery/websocket_discovery.go:173.25,173.25 0 0
github.com/actual-software/mcp-bridge/services/gateway/internal/discovery/websocket_discovery.go:174.22,175.11 1 0
github.com/actual-software/mcp-bridge/services/gateway/internal/discovery/websocket_discovery.go:180.3,180.7 1 0
github.com/actual-software/mcp-bridge/services/gateway/internal/discovery/websocket_discovery.go:180.7,181.11 1 0
github.com/actual-software/mcp-bridge/services/gateway/internal/discovery/websocket_discovery.go:182.22,183.11 1 0
github.com/actual-software/mcp-bridge/services/gateway/internal/discovery/websocket_discovery.go:184.20,185.57 1 0
github.com/actual-software/mcp-bridge/services/gateway/internal/discovery/websocket_discovery.go:185.57,186.13 1 0
github.com/actual-software/mcp-bridge/services/gateway/internal/discovery/websocket_discovery.go:187.27,187.27 0 0
github.com/actual-software/mcp-bridge/services/gateway/internal/discovery/websocket_discovery.go:188.24,189.13 1 0
github.com/actual-software/mcp-bridge/services/gateway/internal/discovery/websocket_discovery.go:196.2,196.16 1 0
github.com/actual-software/mcp-bridge/services/gateway/internal/discovery/websocket_discovery.go:200.89,203.13 3 0
github.com/actual-software/mcp-bridge/services/gateway/internal/discovery/websocket_discovery.go:203.13,205.3 1 0
github.com/actual-software/mcp-bridge/services/gateway/internal/discovery/websocket_discovery.go:207.2,207.34 1 0
github.com/actual-software/mcp-bridge/services/gateway/internal/discovery/websocket_discovery.go:207.34,209.3 1 0
github.com/actual-software/mcp-bridge/services/gateway/internal/discovery/websocket_discovery.go:212.2,213.18 2 0
github.com/actual-software/mcp-bridge/services/gateway/internal/discovery/websocket_discovery.go:213.18,215.3 1 0
github.com/actual-software/mcp-bridge/services/gateway/internal/discovery/websocket_discovery.go:217.2,219.63 2 0
github.com/actual-software/mcp-bridge/services/gateway/internal/discovery/websocket_discovery.go:223.143,235.36 5 1
github.com/actual-software/mcp-bridge/services/gateway/internal/discovery/websocket_discovery.go:235.36,237.3 1 1
github.com/actual-software/mcp-bridge/services/gateway/internal/discovery/websocket_discovery.go:239.2,239.26 1 1
github.com/actual-software/mcp-bridge/services/gateway/internal/discovery/websocket_discovery.go:239.26,241.3 1 1
github.com/actual-software/mcp-bridge/services/gateway/internal/discovery/websocket_discovery.go:244.2,245.16 2 1
github.com/actual-software/mcp-bridge/services/gateway/internal/discovery/websocket_discovery.go:245.16,247.3 1 1
github.com/actual-software/mcp-bridge/services/gateway/internal/discovery/websocket_discovery.go:248.2,251.106 2 0
github.com/actual-software/mcp-bridge/services/gateway/internal/discovery/websocket_discovery.go:251.106,253.3 1 0
github.com/actual-software/mcp-bridge/services/gateway/internal/discovery/websocket_discovery.go:256.2,256.12 1 0
github.com/actual-software/mcp-bridge/services/gateway/internal/discovery/websocket_discovery.go:260.123,264.37 2 1
github.com/actual-software/mcp-bridge/services/gateway/internal/discovery/websocket_discovery.go:264.37,266.3 1 1
github.com/actual-software/mcp-bridge/services/gateway/internal/discovery/websocket_discovery.go:269.2,274.26 5 1
github.com/actual-software/mcp-bridge/services/gateway/internal/discovery/websocket_discovery.go:274.26,276.3 1 1
github.com/actual-software/mcp-bridge/services/gateway/internal/discovery/websocket_discovery.go:279.2,279.32 1 1
github.com/actual-software/mcp-bridge/services/gateway/internal/discovery/websocket_discovery.go:279.32,281.3 1 1
github.com/actual-software/mcp-bridge/services/gateway/internal/discovery/websocket_discovery.go:284.2,284.36 1 1
github.com/actual-software/mcp-bridge/services/gateway/internal/discovery/websocket_discovery.go:284.36,290.49 1 1
github.com/actual-software/mcp-bridge/services/gateway/internal/discovery/websocket_discovery.go:290.49,292.4 1 1
github.com/actual-software/mcp-bridge/services/gateway/internal/discovery/websocket_discovery.go:295.2,295.17 1 1
github.com/actual-software/mcp-bridge/services/gateway/internal/discovery/websocket_discovery.go:299.70,302.37 3 1
github.com/actual-software/mcp-bridge/services/gateway/internal/discovery/websocket_discovery.go:302.37,304.3 1 1
github.com/actual-software/mcp-bridge/services/gateway/internal/discovery/websocket_discovery.go:305.2,305.15 1 1
github.com/actual-software/mcp-bridge/services/gateway/internal/discovery/websocket_discovery.go:309.63,311.2 1 1
github.com/actual-software/mcp-bridge/services/gateway/internal/discovery/websocket_discovery.go:314.38,315.2 0 1
github.com/actual-software/mcp-bridge/services/gateway/internal/discovery/websocket_discovery.go:318.72,321.37 3 1
github.com/actual-software/mcp-bridge/services/gateway/internal/discovery/websocket_discovery.go:321.37,322.38 1 1
github.com/actual-software/mcp-bridge/services/gateway/internal/discovery/websocket_discovery.go:322.38,324.4 1 1
github.com/actual-software/mcp-bridge/services/gateway/internal/discovery/websocket_discovery.go:326.2,326.15 1 1
github.com/actual-software/mcp-bridge/services/gateway/internal/discovery/websocket_discovery.go:330.56,333.37 3 1
github.com/actual-software/mcp-bridge/services/gateway/internal/discovery/websocket_discovery.go:333.37,335.3 1 1
github.com/actual-software/mcp-bridge/services/gateway/internal/discovery/websocket_discovery.go:336.2,337.36 2 1
github.com/actual-software/mcp-bridge/services/gateway/internal/discovery/websocket_discovery.go:337.36,339.3 1 1
github.com/actual-software/mcp-bridge/services/gateway/internal/discovery/websocket_discovery.go:340.2,340.15 1 1
