mode: atomic
github.com/poiley/mcp-bridge/services/gateway/pkg/protocol/converter.go:89.75,90.35 1 9
github.com/poiley/mcp-bridge/services/gateway/pkg/protocol/converter.go:90.35,92.3 1 6
github.com/poiley/mcp-bridge/services/gateway/pkg/protocol/converter.go:93.2,93.34 1 9
github.com/poiley/mcp-bridge/services/gateway/pkg/protocol/converter.go:93.34,95.3 1 6
github.com/poiley/mcp-bridge/services/gateway/pkg/protocol/converter.go:96.2,96.33 1 9
github.com/poiley/mcp-bridge/services/gateway/pkg/protocol/converter.go:96.33,98.3 1 7
github.com/poiley/mcp-bridge/services/gateway/pkg/protocol/converter.go:100.2,110.18 2 9
github.com/poiley/mcp-bridge/services/gateway/pkg/protocol/converter.go:114.121,121.90 3 9
github.com/poiley/mcp-bridge/services/gateway/pkg/protocol/converter.go:121.90,123.3 1 6
github.com/poiley/mcp-bridge/services/gateway/pkg/protocol/converter.go:126.2,127.16 2 3
github.com/poiley/mcp-bridge/services/gateway/pkg/protocol/converter.go:127.16,130.3 2 0
github.com/poiley/mcp-bridge/services/gateway/pkg/protocol/converter.go:132.2,138.23 6 3
github.com/poiley/mcp-bridge/services/gateway/pkg/protocol/converter.go:142.93,155.37 2 7
github.com/poiley/mcp-bridge/services/gateway/pkg/protocol/converter.go:155.37,157.3 1 1
github.com/poiley/mcp-bridge/services/gateway/pkg/protocol/converter.go:160.2,164.9 3 7
github.com/poiley/mcp-bridge/services/gateway/pkg/protocol/converter.go:165.68,166.47 1 3
github.com/poiley/mcp-bridge/services/gateway/pkg/protocol/converter.go:167.67,168.46 1 1
github.com/poiley/mcp-bridge/services/gateway/pkg/protocol/converter.go:169.61,170.40 1 1
github.com/poiley/mcp-bridge/services/gateway/pkg/protocol/converter.go:171.62,172.41 1 1
github.com/poiley/mcp-bridge/services/gateway/pkg/protocol/converter.go:173.10,177.37 1 1
github.com/poiley/mcp-bridge/services/gateway/pkg/protocol/converter.go:180.2,180.24 1 1
github.com/poiley/mcp-bridge/services/gateway/pkg/protocol/converter.go:184.81,190.22 3 3
github.com/poiley/mcp-bridge/services/gateway/pkg/protocol/converter.go:190.22,192.3 1 0
github.com/poiley/mcp-bridge/services/gateway/pkg/protocol/converter.go:194.2,194.21 1 3
github.com/poiley/mcp-bridge/services/gateway/pkg/protocol/converter.go:197.80,203.26 3 1
github.com/poiley/mcp-bridge/services/gateway/pkg/protocol/converter.go:203.26,205.3 1 1
github.com/poiley/mcp-bridge/services/gateway/pkg/protocol/converter.go:207.2,207.21 1 1
github.com/poiley/mcp-bridge/services/gateway/pkg/protocol/converter.go:210.74,216.51 3 1
github.com/poiley/mcp-bridge/services/gateway/pkg/protocol/converter.go:216.51,218.3 1 0
github.com/poiley/mcp-bridge/services/gateway/pkg/protocol/converter.go:220.2,220.21 1 1
github.com/poiley/mcp-bridge/services/gateway/pkg/protocol/converter.go:223.75,233.2 5 1
github.com/poiley/mcp-bridge/services/gateway/pkg/protocol/converter.go:236.124,241.13 4 6
github.com/poiley/mcp-bridge/services/gateway/pkg/protocol/converter.go:241.13,244.3 2 2
github.com/poiley/mcp-bridge/services/gateway/pkg/protocol/converter.go:245.2,247.41 2 6
github.com/poiley/mcp-bridge/services/gateway/pkg/protocol/converter.go:251.81,269.2 5 2
github.com/poiley/mcp-bridge/services/gateway/pkg/protocol/converter.go:272.93,280.46 4 8
github.com/poiley/mcp-bridge/services/gateway/pkg/protocol/converter.go:280.46,282.10 1 3
github.com/poiley/mcp-bridge/services/gateway/pkg/protocol/converter.go:283.32,283.32 0 2
github.com/poiley/mcp-bridge/services/gateway/pkg/protocol/converter.go:284.11,284.11 0 1
github.com/poiley/mcp-bridge/services/gateway/pkg/protocol/converter.go:287.8,287.33 1 5
github.com/poiley/mcp-bridge/services/gateway/pkg/protocol/converter.go:287.33,289.57 1 3
github.com/poiley/mcp-bridge/services/gateway/pkg/protocol/converter.go:289.57,290.11 1 1
github.com/poiley/mcp-bridge/services/gateway/pkg/protocol/converter.go:291.33,291.33 0 1
github.com/poiley/mcp-bridge/services/gateway/pkg/protocol/converter.go:292.12,292.12 0 0
github.com/poiley/mcp-bridge/services/gateway/pkg/protocol/converter.go:298.2,299.29 2 8
github.com/poiley/mcp-bridge/services/gateway/pkg/protocol/converter.go:299.29,301.3 1 2
github.com/poiley/mcp-bridge/services/gateway/pkg/protocol/converter.go:302.2,305.22 3 8
github.com/poiley/mcp-bridge/services/gateway/pkg/protocol/converter.go:309.43,312.6 2 3
github.com/poiley/mcp-bridge/services/gateway/pkg/protocol/converter.go:312.6,313.10 1 6
github.com/poiley/mcp-bridge/services/gateway/pkg/protocol/converter.go:314.23,317.10 2 3
github.com/poiley/mcp-bridge/services/gateway/pkg/protocol/converter.go:318.20,319.18 1 3
github.com/poiley/mcp-bridge/services/gateway/pkg/protocol/converter.go:325.39,329.26 3 6
github.com/poiley/mcp-bridge/services/gateway/pkg/protocol/converter.go:329.26,331.3 1 3
github.com/poiley/mcp-bridge/services/gateway/pkg/protocol/converter.go:334.2,334.20 1 3
github.com/poiley/mcp-bridge/services/gateway/pkg/protocol/converter.go:334.20,337.3 2 3
github.com/poiley/mcp-bridge/services/gateway/pkg/protocol/converter.go:340.2,349.9 2 3
github.com/poiley/mcp-bridge/services/gateway/pkg/protocol/converter.go:350.22,350.22 0 1
github.com/poiley/mcp-bridge/services/gateway/pkg/protocol/converter.go:352.10,356.98 1 2
github.com/poiley/mcp-bridge/services/gateway/pkg/protocol/converter.go:360.2,360.29 1 3
github.com/poiley/mcp-bridge/services/gateway/pkg/protocol/converter.go:372.79,373.21 1 13
github.com/poiley/mcp-bridge/services/gateway/pkg/protocol/converter.go:373.21,375.3 1 1
github.com/poiley/mcp-bridge/services/gateway/pkg/protocol/converter.go:377.2,377.30 1 12
github.com/poiley/mcp-bridge/services/gateway/pkg/protocol/converter.go:377.30,378.56 1 8
github.com/poiley/mcp-bridge/services/gateway/pkg/protocol/converter.go:378.56,380.4 1 8
github.com/poiley/mcp-bridge/services/gateway/pkg/protocol/converter.go:384.2,384.25 1 4
github.com/poiley/mcp-bridge/services/gateway/pkg/protocol/converter.go:385.19,386.21 1 1
github.com/poiley/mcp-bridge/services/gateway/pkg/protocol/converter.go:387.23,388.33 1 3
github.com/poiley/mcp-bridge/services/gateway/pkg/protocol/converter.go:388.33,390.4 1 1
github.com/poiley/mcp-bridge/services/gateway/pkg/protocol/converter.go:391.3,391.16 1 2
github.com/poiley/mcp-bridge/services/gateway/pkg/protocol/converter.go:392.10,393.16 1 0
github.com/poiley/mcp-bridge/services/gateway/pkg/protocol/converter.go:397.82,407.2 2 10
github.com/poiley/mcp-bridge/services/gateway/pkg/protocol/converter.go:409.72,411.2 1 6
github.com/poiley/mcp-bridge/services/gateway/pkg/protocol/converter.go:413.55,415.2 1 8
github.com/poiley/mcp-bridge/services/gateway/pkg/protocol/converter.go:417.61,423.19 4 12
github.com/poiley/mcp-bridge/services/gateway/pkg/protocol/converter.go:424.12,425.21 1 9
github.com/poiley/mcp-bridge/services/gateway/pkg/protocol/converter.go:426.13,427.22 1 3
github.com/poiley/mcp-bridge/services/gateway/pkg/protocol/converter.go:428.15,429.22 1 0
github.com/poiley/mcp-bridge/services/gateway/pkg/protocol/converter.go:432.2,432.41 1 12
github.com/poiley/mcp-bridge/services/gateway/pkg/protocol/converter.go:436.48,443.42 5 2
github.com/poiley/mcp-bridge/services/gateway/pkg/protocol/converter.go:443.42,445.3 1 3
github.com/poiley/mcp-bridge/services/gateway/pkg/protocol/converter.go:447.2,447.14 1 2
github.com/poiley/mcp-bridge/services/gateway/pkg/protocol/converter.go:451.57,457.39 4 2
github.com/poiley/mcp-bridge/services/gateway/pkg/protocol/converter.go:457.39,461.3 3 2
github.com/poiley/mcp-bridge/services/gateway/pkg/protocol/converter.go:462.2,465.35 2 2
github.com/poiley/mcp-bridge/services/gateway/pkg/protocol/converter.go:465.35,467.3 1 2
github.com/poiley/mcp-bridge/services/gateway/pkg/protocol/converter.go:470.2,470.24 1 2
github.com/poiley/mcp-bridge/services/gateway/pkg/protocol/converter.go:470.24,472.3 1 2
github.com/poiley/mcp-bridge/services/gateway/pkg/protocol/converter.go:474.2,474.12 1 0
github.com/poiley/mcp-bridge/services/gateway/pkg/protocol/multiplexer.go:87.74,104.2 2 9
github.com/poiley/mcp-bridge/services/gateway/pkg/protocol/multiplexer.go:107.125,108.34 1 0
github.com/poiley/mcp-bridge/services/gateway/pkg/protocol/multiplexer.go:108.34,111.3 1 0
github.com/poiley/mcp-bridge/services/gateway/pkg/protocol/multiplexer.go:113.2,119.13 5 0
github.com/poiley/mcp-bridge/services/gateway/pkg/protocol/multiplexer.go:119.13,124.3 4 0
github.com/poiley/mcp-bridge/services/gateway/pkg/protocol/multiplexer.go:126.2,126.32 1 0
github.com/poiley/mcp-bridge/services/gateway/pkg/protocol/multiplexer.go:130.90,156.2 6 0
github.com/poiley/mcp-bridge/services/gateway/pkg/protocol/multiplexer.go:159.88,161.9 1 0
github.com/poiley/mcp-bridge/services/gateway/pkg/protocol/multiplexer.go:162.29,163.34 1 0
github.com/poiley/mcp-bridge/services/gateway/pkg/protocol/multiplexer.go:163.34,171.4 6 0
github.com/poiley/mcp-bridge/services/gateway/pkg/protocol/multiplexer.go:173.3,173.27 1 0
github.com/poiley/mcp-bridge/services/gateway/pkg/protocol/multiplexer.go:175.20,176.24 1 0
github.com/poiley/mcp-bridge/services/gateway/pkg/protocol/multiplexer.go:178.10,178.10 0 0
github.com/poiley/mcp-bridge/services/gateway/pkg/protocol/multiplexer.go:183.2,184.61 2 0
github.com/poiley/mcp-bridge/services/gateway/pkg/protocol/multiplexer.go:184.61,186.17 2 0
github.com/poiley/mcp-bridge/services/gateway/pkg/protocol/multiplexer.go:186.17,190.4 3 0
github.com/poiley/mcp-bridge/services/gateway/pkg/protocol/multiplexer.go:191.3,195.19 4 0
github.com/poiley/mcp-bridge/services/gateway/pkg/protocol/multiplexer.go:197.2,200.9 2 0
github.com/poiley/mcp-bridge/services/gateway/pkg/protocol/multiplexer.go:201.29,202.34 1 0
github.com/poiley/mcp-bridge/services/gateway/pkg/protocol/multiplexer.go:202.34,210.4 6 0
github.com/poiley/mcp-bridge/services/gateway/pkg/protocol/multiplexer.go:212.3,213.30 2 0
github.com/poiley/mcp-bridge/services/gateway/pkg/protocol/multiplexer.go:215.20,216.24 1 0
github.com/poiley/mcp-bridge/services/gateway/pkg/protocol/multiplexer.go:218.48,220.59 2 0
github.com/poiley/mcp-bridge/services/gateway/pkg/protocol/multiplexer.go:225.91,247.2 4 0
github.com/poiley/mcp-bridge/services/gateway/pkg/protocol/multiplexer.go:250.67,251.34 1 0
github.com/poiley/mcp-bridge/services/gateway/pkg/protocol/multiplexer.go:251.34,254.3 2 0
github.com/poiley/mcp-bridge/services/gateway/pkg/protocol/multiplexer.go:256.2,261.9 4 0
github.com/poiley/mcp-bridge/services/gateway/pkg/protocol/multiplexer.go:262.27,262.27 0 0
github.com/poiley/mcp-bridge/services/gateway/pkg/protocol/multiplexer.go:264.10,266.27 1 0
github.com/poiley/mcp-bridge/services/gateway/pkg/protocol/multiplexer.go:271.75,272.17 1 0
github.com/poiley/mcp-bridge/services/gateway/pkg/protocol/multiplexer.go:272.17,274.3 1 0
github.com/poiley/mcp-bridge/services/gateway/pkg/protocol/multiplexer.go:276.2,280.47 3 0
github.com/poiley/mcp-bridge/services/gateway/pkg/protocol/multiplexer.go:280.47,282.3 1 0
github.com/poiley/mcp-bridge/services/gateway/pkg/protocol/multiplexer.go:285.2,285.56 1 0
github.com/poiley/mcp-bridge/services/gateway/pkg/protocol/multiplexer.go:285.56,287.3 1 0
github.com/poiley/mcp-bridge/services/gateway/pkg/protocol/multiplexer.go:289.2,289.23 1 0
github.com/poiley/mcp-bridge/services/gateway/pkg/protocol/multiplexer.go:293.67,298.34 3 0
github.com/poiley/mcp-bridge/services/gateway/pkg/protocol/multiplexer.go:298.34,299.22 1 0
github.com/poiley/mcp-bridge/services/gateway/pkg/protocol/multiplexer.go:299.22,301.9 2 0
github.com/poiley/mcp-bridge/services/gateway/pkg/protocol/multiplexer.go:308.2,310.37 1 0
github.com/poiley/mcp-bridge/services/gateway/pkg/protocol/multiplexer.go:314.46,318.6 3 0
github.com/poiley/mcp-bridge/services/gateway/pkg/protocol/multiplexer.go:318.6,319.10 1 0
github.com/poiley/mcp-bridge/services/gateway/pkg/protocol/multiplexer.go:320.23,321.10 1 0
github.com/poiley/mcp-bridge/services/gateway/pkg/protocol/multiplexer.go:322.19,323.30 1 0
github.com/poiley/mcp-bridge/services/gateway/pkg/protocol/multiplexer.go:329.51,336.37 5 0
github.com/poiley/mcp-bridge/services/gateway/pkg/protocol/multiplexer.go:336.37,341.13 4 0
github.com/poiley/mcp-bridge/services/gateway/pkg/protocol/multiplexer.go:341.13,346.4 1 0
github.com/poiley/mcp-bridge/services/gateway/pkg/protocol/multiplexer.go:346.9,348.4 1 0
github.com/poiley/mcp-bridge/services/gateway/pkg/protocol/multiplexer.go:351.2,354.22 3 0
github.com/poiley/mcp-bridge/services/gateway/pkg/protocol/multiplexer.go:354.22,358.3 1 0
github.com/poiley/mcp-bridge/services/gateway/pkg/protocol/multiplexer.go:362.42,366.6 3 0
github.com/poiley/mcp-bridge/services/gateway/pkg/protocol/multiplexer.go:366.6,367.10 1 0
github.com/poiley/mcp-bridge/services/gateway/pkg/protocol/multiplexer.go:368.23,369.10 1 0
github.com/poiley/mcp-bridge/services/gateway/pkg/protocol/multiplexer.go:370.19,371.27 1 0
github.com/poiley/mcp-bridge/services/gateway/pkg/protocol/multiplexer.go:377.48,384.35 6 0
github.com/poiley/mcp-bridge/services/gateway/pkg/protocol/multiplexer.go:384.35,385.34 1 0
github.com/poiley/mcp-bridge/services/gateway/pkg/protocol/multiplexer.go:385.34,388.4 2 0
github.com/poiley/mcp-bridge/services/gateway/pkg/protocol/multiplexer.go:391.2,391.24 1 0
github.com/poiley/mcp-bridge/services/gateway/pkg/protocol/multiplexer.go:391.24,395.3 1 0
github.com/poiley/mcp-bridge/services/gateway/pkg/protocol/multiplexer.go:399.74,403.34 1 0
github.com/poiley/mcp-bridge/services/gateway/pkg/protocol/multiplexer.go:403.34,405.3 1 0
github.com/poiley/mcp-bridge/services/gateway/pkg/protocol/multiplexer.go:411.2,411.13 1 0
github.com/poiley/mcp-bridge/services/gateway/pkg/protocol/multiplexer.go:415.134,434.2 4 0
github.com/poiley/mcp-bridge/services/gateway/pkg/protocol/multiplexer.go:437.81,439.2 1 0
github.com/poiley/mcp-bridge/services/gateway/pkg/protocol/multiplexer.go:442.56,452.37 7 0
github.com/poiley/mcp-bridge/services/gateway/pkg/protocol/multiplexer.go:452.37,454.45 2 0
github.com/poiley/mcp-bridge/services/gateway/pkg/protocol/multiplexer.go:454.45,456.4 1 0
github.com/poiley/mcp-bridge/services/gateway/pkg/protocol/multiplexer.go:457.3,457.20 1 0
github.com/poiley/mcp-bridge/services/gateway/pkg/protocol/multiplexer.go:460.2,463.19 3 0
github.com/poiley/mcp-bridge/services/gateway/pkg/protocol/multiplexer.go:464.24,465.27 1 0
github.com/poiley/mcp-bridge/services/gateway/pkg/protocol/multiplexer.go:466.15,467.24 1 0
github.com/poiley/mcp-bridge/services/gateway/pkg/protocol/multiplexer.go:472.59,488.33 8 0
github.com/poiley/mcp-bridge/services/gateway/pkg/protocol/multiplexer.go:488.33,495.3 5 0
github.com/poiley/mcp-bridge/services/gateway/pkg/protocol/multiplexer.go:497.2,500.14 3 0
github.com/poiley/mcp-bridge/services/gateway/pkg/protocol/multiplexer.go:504.69,511.33 4 2
github.com/poiley/mcp-bridge/services/gateway/pkg/protocol/multiplexer.go:511.33,516.41 3 0
github.com/poiley/mcp-bridge/services/gateway/pkg/protocol/multiplexer.go:516.41,519.4 1 0
github.com/poiley/mcp-bridge/services/gateway/pkg/protocol/multiplexer.go:520.3,522.23 2 0
github.com/poiley/mcp-bridge/services/gateway/pkg/protocol/multiplexer.go:525.2,526.12 2 2
