mode: set
github.com/poiley/mcp-bridge/services/gateway/internal/health/checker.go:64.84,79.2 1 1
github.com/poiley/mcp-bridge/services/gateway/internal/health/checker.go:82.38,92.36 6 1
github.com/poiley/mcp-bridge/services/gateway/internal/health/checker.go:92.36,94.3 1 1
github.com/poiley/mcp-bridge/services/gateway/internal/health/checker.go:97.2,98.40 2 1
github.com/poiley/mcp-bridge/services/gateway/internal/health/checker.go:98.40,101.33 2 1
github.com/poiley/mcp-bridge/services/gateway/internal/health/checker.go:101.33,103.4 1 1
github.com/poiley/mcp-bridge/services/gateway/internal/health/checker.go:105.3,112.27 5 1
github.com/poiley/mcp-bridge/services/gateway/internal/health/checker.go:115.2,115.15 1 1
github.com/poiley/mcp-bridge/services/gateway/internal/health/checker.go:119.69,123.32 3 1
github.com/poiley/mcp-bridge/services/gateway/internal/health/checker.go:123.32,125.3 1 0
github.com/poiley/mcp-bridge/services/gateway/internal/health/checker.go:127.2,131.25 3 1
github.com/poiley/mcp-bridge/services/gateway/internal/health/checker.go:135.46,143.2 4 1
github.com/poiley/mcp-bridge/services/gateway/internal/health/checker.go:146.37,160.2 5 1
github.com/poiley/mcp-bridge/services/gateway/internal/health/checker.go:163.65,172.24 3 1
github.com/poiley/mcp-bridge/services/gateway/internal/health/checker.go:172.24,176.3 3 1
github.com/poiley/mcp-bridge/services/gateway/internal/health/checker.go:176.8,181.42 3 1
github.com/poiley/mcp-bridge/services/gateway/internal/health/checker.go:181.42,183.4 1 1
github.com/poiley/mcp-bridge/services/gateway/internal/health/checker.go:185.3,189.59 5 1
github.com/poiley/mcp-bridge/services/gateway/internal/health/checker.go:192.2,193.54 2 1
github.com/poiley/mcp-bridge/services/gateway/internal/health/checker.go:197.63,216.2 7 1
github.com/poiley/mcp-bridge/services/gateway/internal/health/checker.go:219.53,237.2 6 1
github.com/poiley/mcp-bridge/services/gateway/internal/health/checker.go:240.58,259.2 7 1
github.com/poiley/mcp-bridge/services/gateway/internal/health/checker.go:262.41,267.51 3 1
github.com/poiley/mcp-bridge/services/gateway/internal/health/checker.go:267.51,268.25 1 1
github.com/poiley/mcp-bridge/services/gateway/internal/health/checker.go:268.25,272.4 2 1
github.com/poiley/mcp-bridge/services/gateway/internal/health/checker.go:275.2,277.17 2 1
github.com/poiley/mcp-bridge/services/gateway/internal/health/checker.go:277.17,279.3 1 1
github.com/poiley/mcp-bridge/services/gateway/internal/health/checker.go:279.8,279.43 1 1
github.com/poiley/mcp-bridge/services/gateway/internal/health/checker.go:279.43,281.3 1 1
github.com/poiley/mcp-bridge/services/gateway/internal/health/checker.go:281.8,284.3 1 0
github.com/poiley/mcp-bridge/services/gateway/internal/health/checker.go:288.36,293.2 3 1
github.com/poiley/mcp-bridge/services/gateway/internal/health/checker.go:296.34,302.2 3 1
github.com/poiley/mcp-bridge/services/gateway/internal/health/checker.go:305.50,312.6 4 1
github.com/poiley/mcp-bridge/services/gateway/internal/health/checker.go:312.6,313.10 1 1
github.com/poiley/mcp-bridge/services/gateway/internal/health/checker.go:314.21,315.10 1 1
github.com/poiley/mcp-bridge/services/gateway/internal/health/checker.go:316.19,317.21 1 0
github.com/poiley/mcp-bridge/services/gateway/internal/health/checker.go:323.35,335.18 6 1
github.com/poiley/mcp-bridge/services/gateway/internal/health/checker.go:335.18,338.3 2 1
github.com/poiley/mcp-bridge/services/gateway/internal/health/checker.go:341.2,344.34 3 1
github.com/poiley/mcp-bridge/services/gateway/internal/health/checker.go:344.34,345.21 1 1
github.com/poiley/mcp-bridge/services/gateway/internal/health/checker.go:345.21,349.9 3 1
github.com/poiley/mcp-bridge/services/gateway/internal/health/checker.go:354.2,360.14 6 1
github.com/poiley/mcp-bridge/services/gateway/internal/health/checker.go:360.14,362.3 1 1
github.com/poiley/mcp-bridge/services/gateway/internal/health/checker.go:366.55,374.20 3 1
github.com/poiley/mcp-bridge/services/gateway/internal/health/checker.go:374.20,380.3 4 1
github.com/poiley/mcp-bridge/services/gateway/internal/health/checker.go:380.8,382.3 1 1
github.com/poiley/mcp-bridge/services/gateway/internal/health/checker.go:384.2,384.15 1 1
github.com/poiley/mcp-bridge/services/gateway/internal/health/checker.go:388.48,394.41 4 1
github.com/poiley/mcp-bridge/services/gateway/internal/health/checker.go:394.41,395.32 1 1
github.com/poiley/mcp-bridge/services/gateway/internal/health/checker.go:395.32,398.18 2 1
github.com/poiley/mcp-bridge/services/gateway/internal/health/checker.go:398.18,400.5 1 1
github.com/poiley/mcp-bridge/services/gateway/internal/health/checker.go:404.2,415.15 6 1
github.com/poiley/mcp-bridge/services/gateway/internal/health/checker.go:419.39,422.2 2 1
github.com/poiley/mcp-bridge/services/gateway/internal/health/checker.go:425.49,428.19 1 1
github.com/poiley/mcp-bridge/services/gateway/internal/health/checker.go:428.19,434.3 1 1
github.com/poiley/mcp-bridge/services/gateway/internal/health/checker.go:436.2,440.3 1 1
github.com/poiley/mcp-bridge/services/gateway/internal/health/checker.go:452.52,457.2 1 1
github.com/poiley/mcp-bridge/services/gateway/internal/health/checker.go:460.32,462.17 1 1
github.com/poiley/mcp-bridge/services/gateway/internal/health/checker.go:462.17,464.3 1 1
github.com/poiley/mcp-bridge/services/gateway/internal/health/checker.go:466.2,491.79 11 0
github.com/poiley/mcp-bridge/services/gateway/internal/health/checker.go:491.79,493.3 1 0
github.com/poiley/mcp-bridge/services/gateway/internal/health/checker.go:495.2,495.12 1 0
github.com/poiley/mcp-bridge/services/gateway/internal/health/checker.go:499.25,503.21 3 1
github.com/poiley/mcp-bridge/services/gateway/internal/health/checker.go:503.21,504.42 1 0
github.com/poiley/mcp-bridge/services/gateway/internal/health/checker.go:504.42,507.4 1 0
github.com/poiley/mcp-bridge/services/gateway/internal/health/checker.go:512.71,520.21 4 1
github.com/poiley/mcp-bridge/services/gateway/internal/health/checker.go:520.21,522.3 1 1
github.com/poiley/mcp-bridge/services/gateway/internal/health/checker.go:524.2,524.58 1 1
github.com/poiley/mcp-bridge/services/gateway/internal/health/checker.go:524.58,526.3 1 0
github.com/poiley/mcp-bridge/services/gateway/internal/health/checker.go:530.72,534.27 2 1
github.com/poiley/mcp-bridge/services/gateway/internal/health/checker.go:534.27,537.50 2 1
github.com/poiley/mcp-bridge/services/gateway/internal/health/checker.go:537.50,540.4 1 0
github.com/poiley/mcp-bridge/services/gateway/internal/health/checker.go:541.8,544.57 2 1
github.com/poiley/mcp-bridge/services/gateway/internal/health/checker.go:544.57,547.4 1 0
github.com/poiley/mcp-bridge/services/gateway/internal/health/checker.go:552.70,556.25 2 1
github.com/poiley/mcp-bridge/services/gateway/internal/health/checker.go:556.25,559.53 2 1
github.com/poiley/mcp-bridge/services/gateway/internal/health/checker.go:559.53,562.4 1 0
github.com/poiley/mcp-bridge/services/gateway/internal/health/checker.go:563.8,566.57 2 1
github.com/poiley/mcp-bridge/services/gateway/internal/health/checker.go:566.57,569.4 1 0
github.com/poiley/mcp-bridge/services/gateway/internal/health/checker.go:574.76,575.71 1 0
github.com/poiley/mcp-bridge/services/gateway/internal/health/checker.go:575.71,585.19 7 0
github.com/poiley/mcp-bridge/services/gateway/internal/health/checker.go:585.19,587.4 1 0
github.com/poiley/mcp-bridge/services/gateway/internal/health/checker.go:590.3,595.23 3 0
