mode: set
github.com/actual-software/mcp-bridge/services/gateway/pkg/loadbalancer/hybrid.go:33.102,44.22 2 1
github.com/actual-software/mcp-bridge/services/gateway/pkg/loadbalancer/hybrid.go:44.22,46.3 1 1
github.com/actual-software/mcp-bridge/services/gateway/pkg/loadbalancer/hybrid.go:47.2,47.30 1 1
github.com/actual-software/mcp-bridge/services/gateway/pkg/loadbalancer/hybrid.go:47.30,49.3 1 1
github.com/actual-software/mcp-bridge/services/gateway/pkg/loadbalancer/hybrid.go:51.2,52.10 2 1
github.com/actual-software/mcp-bridge/services/gateway/pkg/loadbalancer/hybrid.go:56.57,60.27 3 1
github.com/actual-software/mcp-bridge/services/gateway/pkg/loadbalancer/hybrid.go:60.27,62.3 1 1
github.com/actual-software/mcp-bridge/services/gateway/pkg/loadbalancer/hybrid.go:65.2,65.42 1 1
github.com/actual-software/mcp-bridge/services/gateway/pkg/loadbalancer/hybrid.go:65.42,67.26 2 1
github.com/actual-software/mcp-bridge/services/gateway/pkg/loadbalancer/hybrid.go:67.26,68.12 1 1
github.com/actual-software/mcp-bridge/services/gateway/pkg/loadbalancer/hybrid.go:71.3,74.21 2 1
github.com/actual-software/mcp-bridge/services/gateway/pkg/loadbalancer/hybrid.go:75.28,76.48 1 1
github.com/actual-software/mcp-bridge/services/gateway/pkg/loadbalancer/hybrid.go:77.19,78.40 1 1
github.com/actual-software/mcp-bridge/services/gateway/pkg/loadbalancer/hybrid.go:79.22,80.15 1 1
github.com/actual-software/mcp-bridge/services/gateway/pkg/loadbalancer/hybrid.go:81.11,82.42 1 1
github.com/actual-software/mcp-bridge/services/gateway/pkg/loadbalancer/hybrid.go:85.3,85.22 1 1
github.com/actual-software/mcp-bridge/services/gateway/pkg/loadbalancer/hybrid.go:85.22,87.42 1 1
github.com/actual-software/mcp-bridge/services/gateway/pkg/loadbalancer/hybrid.go:87.42,88.13 1 0
github.com/actual-software/mcp-bridge/services/gateway/pkg/loadbalancer/hybrid.go:92.4,92.41 1 1
github.com/actual-software/mcp-bridge/services/gateway/pkg/loadbalancer/hybrid.go:92.41,94.5 1 1
github.com/actual-software/mcp-bridge/services/gateway/pkg/loadbalancer/hybrid.go:96.4,96.19 1 1
github.com/actual-software/mcp-bridge/services/gateway/pkg/loadbalancer/hybrid.go:101.2,101.20 1 1
github.com/actual-software/mcp-bridge/services/gateway/pkg/loadbalancer/hybrid.go:101.20,103.3 1 0
github.com/actual-software/mcp-bridge/services/gateway/pkg/loadbalancer/hybrid.go:105.2,105.12 1 1
github.com/actual-software/mcp-bridge/services/gateway/pkg/loadbalancer/hybrid.go:109.98,110.25 1 1
github.com/actual-software/mcp-bridge/services/gateway/pkg/loadbalancer/hybrid.go:110.25,112.3 1 0
github.com/actual-software/mcp-bridge/services/gateway/pkg/loadbalancer/hybrid.go:114.2,115.38 2 1
github.com/actual-software/mcp-bridge/services/gateway/pkg/loadbalancer/hybrid.go:115.38,119.35 3 1
github.com/actual-software/mcp-bridge/services/gateway/pkg/loadbalancer/hybrid.go:119.35,121.4 1 1
github.com/actual-software/mcp-bridge/services/gateway/pkg/loadbalancer/hybrid.go:124.2,124.12 1 1
github.com/actual-software/mcp-bridge/services/gateway/pkg/loadbalancer/hybrid.go:128.104,129.25 1 1
github.com/actual-software/mcp-bridge/services/gateway/pkg/loadbalancer/hybrid.go:129.25,131.3 1 0
github.com/actual-software/mcp-bridge/services/gateway/pkg/loadbalancer/hybrid.go:133.2,137.31 3 1
github.com/actual-software/mcp-bridge/services/gateway/pkg/loadbalancer/hybrid.go:137.31,138.35 1 1
github.com/actual-software/mcp-bridge/services/gateway/pkg/loadbalancer/hybrid.go:138.35,139.12 1 0
github.com/actual-software/mcp-bridge/services/gateway/pkg/loadbalancer/hybrid.go:142.3,143.23 2 1
github.com/actual-software/mcp-bridge/services/gateway/pkg/loadbalancer/hybrid.go:143.23,146.4 2 1
github.com/actual-software/mcp-bridge/services/gateway/pkg/loadbalancer/hybrid.go:146.9,146.31 1 1
github.com/actual-software/mcp-bridge/services/gateway/pkg/loadbalancer/hybrid.go:146.31,148.4 1 1
github.com/actual-software/mcp-bridge/services/gateway/pkg/loadbalancer/hybrid.go:151.2,151.26 1 1
github.com/actual-software/mcp-bridge/services/gateway/pkg/loadbalancer/hybrid.go:151.26,153.3 1 0
github.com/actual-software/mcp-bridge/services/gateway/pkg/loadbalancer/hybrid.go:156.2,156.25 1 1
github.com/actual-software/mcp-bridge/services/gateway/pkg/loadbalancer/hybrid.go:156.25,159.3 2 1
github.com/actual-software/mcp-bridge/services/gateway/pkg/loadbalancer/hybrid.go:161.2,161.22 1 1
github.com/actual-software/mcp-bridge/services/gateway/pkg/loadbalancer/hybrid.go:165.96,166.25 1 1
github.com/actual-software/mcp-bridge/services/gateway/pkg/loadbalancer/hybrid.go:166.25,168.3 1 0
github.com/actual-software/mcp-bridge/services/gateway/pkg/loadbalancer/hybrid.go:171.2,174.31 3 1
github.com/actual-software/mcp-bridge/services/gateway/pkg/loadbalancer/hybrid.go:174.31,175.35 1 1
github.com/actual-software/mcp-bridge/services/gateway/pkg/loadbalancer/hybrid.go:175.35,176.12 1 0
github.com/actual-software/mcp-bridge/services/gateway/pkg/loadbalancer/hybrid.go:179.3,180.18 2 1
github.com/actual-software/mcp-bridge/services/gateway/pkg/loadbalancer/hybrid.go:180.18,182.4 1 0
github.com/actual-software/mcp-bridge/services/gateway/pkg/loadbalancer/hybrid.go:184.3,185.50 2 1
github.com/actual-software/mcp-bridge/services/gateway/pkg/loadbalancer/hybrid.go:188.2,188.52 1 1
github.com/actual-software/mcp-bridge/services/gateway/pkg/loadbalancer/hybrid.go:188.52,190.3 1 0
github.com/actual-software/mcp-bridge/services/gateway/pkg/loadbalancer/hybrid.go:193.2,197.38 4 1
github.com/actual-software/mcp-bridge/services/gateway/pkg/loadbalancer/hybrid.go:197.38,199.18 2 1
github.com/actual-software/mcp-bridge/services/gateway/pkg/loadbalancer/hybrid.go:199.18,201.4 1 0
github.com/actual-software/mcp-bridge/services/gateway/pkg/loadbalancer/hybrid.go:203.3,204.31 2 1
github.com/actual-software/mcp-bridge/services/gateway/pkg/loadbalancer/hybrid.go:204.31,206.4 1 1
github.com/actual-software/mcp-bridge/services/gateway/pkg/loadbalancer/hybrid.go:210.2,210.31 1 0
github.com/actual-software/mcp-bridge/services/gateway/pkg/loadbalancer/hybrid.go:210.31,212.3 1 0
github.com/actual-software/mcp-bridge/services/gateway/pkg/loadbalancer/hybrid.go:214.2,214.12 1 0
github.com/actual-software/mcp-bridge/services/gateway/pkg/loadbalancer/hybrid.go:218.79,226.39 5 1
github.com/actual-software/mcp-bridge/services/gateway/pkg/loadbalancer/hybrid.go:226.39,228.32 2 1
github.com/actual-software/mcp-bridge/services/gateway/pkg/loadbalancer/hybrid.go:228.32,229.58 1 1
github.com/actual-software/mcp-bridge/services/gateway/pkg/loadbalancer/hybrid.go:229.58,231.5 1 1
github.com/actual-software/mcp-bridge/services/gateway/pkg/loadbalancer/hybrid.go:233.3,233.25 1 1
github.com/actual-software/mcp-bridge/services/gateway/pkg/loadbalancer/hybrid.go:238.53,241.33 2 1
github.com/actual-software/mcp-bridge/services/gateway/pkg/loadbalancer/hybrid.go:241.33,244.3 2 1
github.com/actual-software/mcp-bridge/services/gateway/pkg/loadbalancer/hybrid.go:248.76,250.49 1 1
github.com/actual-software/mcp-bridge/services/gateway/pkg/loadbalancer/hybrid.go:250.49,252.3 1 1
github.com/actual-software/mcp-bridge/services/gateway/pkg/loadbalancer/hybrid.go:255.2,255.19 1 1
github.com/actual-software/mcp-bridge/services/gateway/pkg/loadbalancer/hybrid.go:256.19,257.21 1 1
github.com/actual-software/mcp-bridge/services/gateway/pkg/loadbalancer/hybrid.go:258.23,260.59 1 1
github.com/actual-software/mcp-bridge/services/gateway/pkg/loadbalancer/hybrid.go:260.59,262.4 1 1
github.com/actual-software/mcp-bridge/services/gateway/pkg/loadbalancer/hybrid.go:263.3,263.16 1 1
github.com/actual-software/mcp-bridge/services/gateway/pkg/loadbalancer/hybrid.go:264.15,265.17 1 0
github.com/actual-software/mcp-bridge/services/gateway/pkg/loadbalancer/hybrid.go:266.10,268.48 1 1
github.com/actual-software/mcp-bridge/services/gateway/pkg/loadbalancer/hybrid.go:268.48,270.4 1 1
github.com/actual-software/mcp-bridge/services/gateway/pkg/loadbalancer/hybrid.go:271.3,271.16 1 0
github.com/actual-software/mcp-bridge/services/gateway/pkg/loadbalancer/hybrid.go:276.64,277.39 1 1
github.com/actual-software/mcp-bridge/services/gateway/pkg/loadbalancer/hybrid.go:277.39,279.3 1 0
github.com/actual-software/mcp-bridge/services/gateway/pkg/loadbalancer/hybrid.go:281.2,284.66 3 1
github.com/actual-software/mcp-bridge/services/gateway/pkg/loadbalancer/hybrid.go:284.66,286.3 1 1
github.com/actual-software/mcp-bridge/services/gateway/pkg/loadbalancer/hybrid.go:290.74,296.52 4 1
github.com/actual-software/mcp-bridge/services/gateway/pkg/loadbalancer/hybrid.go:296.52,301.32 4 1
github.com/actual-software/mcp-bridge/services/gateway/pkg/loadbalancer/hybrid.go:301.32,302.18 1 1
github.com/actual-software/mcp-bridge/services/gateway/pkg/loadbalancer/hybrid.go:302.18,304.5 1 1
github.com/actual-software/mcp-bridge/services/gateway/pkg/loadbalancer/hybrid.go:304.10,306.5 1 1
github.com/actual-software/mcp-bridge/services/gateway/pkg/loadbalancer/hybrid.go:308.4,309.19 2 1
github.com/actual-software/mcp-bridge/services/gateway/pkg/loadbalancer/hybrid.go:309.19,311.5 1 0
github.com/actual-software/mcp-bridge/services/gateway/pkg/loadbalancer/hybrid.go:312.4,312.25 1 1
github.com/actual-software/mcp-bridge/services/gateway/pkg/loadbalancer/hybrid.go:315.3,322.4 1 1
github.com/actual-software/mcp-bridge/services/gateway/pkg/loadbalancer/hybrid.go:325.2,325.14 1 1
github.com/actual-software/mcp-bridge/services/gateway/pkg/loadbalancer/hybrid.go:329.73,330.38 1 1
github.com/actual-software/mcp-bridge/services/gateway/pkg/loadbalancer/hybrid.go:330.38,331.23 1 1
github.com/actual-software/mcp-bridge/services/gateway/pkg/loadbalancer/hybrid.go:331.23,333.4 1 1
github.com/actual-software/mcp-bridge/services/gateway/pkg/loadbalancer/hybrid.go:335.2,335.32 1 0
github.com/actual-software/mcp-bridge/services/gateway/pkg/loadbalancer/loadbalancer.go:25.65,29.2 1 1
github.com/actual-software/mcp-bridge/services/gateway/pkg/loadbalancer/loadbalancer.go:32.50,37.25 4 1
github.com/actual-software/mcp-bridge/services/gateway/pkg/loadbalancer/loadbalancer.go:37.25,39.3 1 1
github.com/actual-software/mcp-bridge/services/gateway/pkg/loadbalancer/loadbalancer.go:42.2,43.38 2 1
github.com/actual-software/mcp-bridge/services/gateway/pkg/loadbalancer/loadbalancer.go:43.38,47.17 3 1
github.com/actual-software/mcp-bridge/services/gateway/pkg/loadbalancer/loadbalancer.go:47.17,49.4 1 1
github.com/actual-software/mcp-bridge/services/gateway/pkg/loadbalancer/loadbalancer.go:52.2,52.12 1 1
github.com/actual-software/mcp-bridge/services/gateway/pkg/loadbalancer/loadbalancer.go:56.72,60.2 3 1
github.com/actual-software/mcp-bridge/services/gateway/pkg/loadbalancer/loadbalancer.go:70.77,75.2 1 1
github.com/actual-software/mcp-bridge/services/gateway/pkg/loadbalancer/loadbalancer.go:78.56,82.28 3 1
github.com/actual-software/mcp-bridge/services/gateway/pkg/loadbalancer/loadbalancer.go:82.28,84.3 1 0
github.com/actual-software/mcp-bridge/services/gateway/pkg/loadbalancer/loadbalancer.go:86.2,90.34 3 1
github.com/actual-software/mcp-bridge/services/gateway/pkg/loadbalancer/loadbalancer.go:90.34,91.18 1 1
github.com/actual-software/mcp-bridge/services/gateway/pkg/loadbalancer/loadbalancer.go:91.18,92.12 1 0
github.com/actual-software/mcp-bridge/services/gateway/pkg/loadbalancer/loadbalancer.go:95.3,98.23 3 1
github.com/actual-software/mcp-bridge/services/gateway/pkg/loadbalancer/loadbalancer.go:98.23,101.4 2 1
github.com/actual-software/mcp-bridge/services/gateway/pkg/loadbalancer/loadbalancer.go:104.2,104.21 1 1
github.com/actual-software/mcp-bridge/services/gateway/pkg/loadbalancer/loadbalancer.go:104.21,107.3 1 1
github.com/actual-software/mcp-bridge/services/gateway/pkg/loadbalancer/loadbalancer.go:109.2,109.17 1 1
github.com/actual-software/mcp-bridge/services/gateway/pkg/loadbalancer/loadbalancer.go:113.78,121.31 5 1
github.com/actual-software/mcp-bridge/services/gateway/pkg/loadbalancer/loadbalancer.go:121.31,122.58 1 1
github.com/actual-software/mcp-bridge/services/gateway/pkg/loadbalancer/loadbalancer.go:122.58,124.4 1 1
github.com/actual-software/mcp-bridge/services/gateway/pkg/loadbalancer/loadbalancer.go:127.2,127.25 1 1
github.com/actual-software/mcp-bridge/services/gateway/pkg/loadbalancer/loadbalancer.go:131.63,135.67 3 1
github.com/actual-software/mcp-bridge/services/gateway/pkg/loadbalancer/loadbalancer.go:135.67,137.3 1 1
github.com/actual-software/mcp-bridge/services/gateway/pkg/loadbalancer/loadbalancer.go:150.61,158.2 3 1
github.com/actual-software/mcp-bridge/services/gateway/pkg/loadbalancer/loadbalancer.go:161.39,163.33 2 1
github.com/actual-software/mcp-bridge/services/gateway/pkg/loadbalancer/loadbalancer.go:163.33,165.18 2 1
github.com/actual-software/mcp-bridge/services/gateway/pkg/loadbalancer/loadbalancer.go:165.18,167.4 1 1
github.com/actual-software/mcp-bridge/services/gateway/pkg/loadbalancer/loadbalancer.go:169.3,170.26 2 1
github.com/actual-software/mcp-bridge/services/gateway/pkg/loadbalancer/loadbalancer.go:175.47,179.49 3 1
github.com/actual-software/mcp-bridge/services/gateway/pkg/loadbalancer/loadbalancer.go:179.49,181.3 1 0
github.com/actual-software/mcp-bridge/services/gateway/pkg/loadbalancer/loadbalancer.go:184.2,189.33 4 1
github.com/actual-software/mcp-bridge/services/gateway/pkg/loadbalancer/loadbalancer.go:189.33,190.18 1 1
github.com/actual-software/mcp-bridge/services/gateway/pkg/loadbalancer/loadbalancer.go:190.18,191.12 1 0
github.com/actual-software/mcp-bridge/services/gateway/pkg/loadbalancer/loadbalancer.go:194.3,195.31 2 1
github.com/actual-software/mcp-bridge/services/gateway/pkg/loadbalancer/loadbalancer.go:195.31,197.4 1 1
github.com/actual-software/mcp-bridge/services/gateway/pkg/loadbalancer/loadbalancer.go:201.2,201.33 1 0
github.com/actual-software/mcp-bridge/services/gateway/pkg/loadbalancer/loadbalancer.go:201.33,202.17 1 0
github.com/actual-software/mcp-bridge/services/gateway/pkg/loadbalancer/loadbalancer.go:202.17,204.4 1 0
github.com/actual-software/mcp-bridge/services/gateway/pkg/loadbalancer/loadbalancer.go:207.2,207.12 1 0
github.com/actual-software/mcp-bridge/services/gateway/pkg/loadbalancer/loadbalancer.go:211.69,217.2 5 1
