mode: set
github.com/actual-software/mcp-bridge/services/gateway/pkg/circuit/breaker.go:23.32,24.11 1 1
github.com/actual-software/mcp-bridge/services/gateway/pkg/circuit/breaker.go:25.19,26.18 1 1
github.com/actual-software/mcp-bridge/services/gateway/pkg/circuit/breaker.go:27.17,28.16 1 1
github.com/actual-software/mcp-bridge/services/gateway/pkg/circuit/breaker.go:29.21,30.21 1 1
github.com/actual-software/mcp-bridge/services/gateway/pkg/circuit/breaker.go:31.10,32.19 1 1
github.com/actual-software/mcp-bridge/services/gateway/pkg/circuit/breaker.go:51.98,59.2 1 1
github.com/actual-software/mcp-bridge/services/gateway/pkg/circuit/breaker.go:62.55,67.27 3 1
github.com/actual-software/mcp-bridge/services/gateway/pkg/circuit/breaker.go:67.27,68.50 1 1
github.com/actual-software/mcp-bridge/services/gateway/pkg/circuit/breaker.go:68.50,71.4 2 1
github.com/actual-software/mcp-bridge/services/gateway/pkg/circuit/breaker.go:71.9,74.4 1 1
github.com/actual-software/mcp-bridge/services/gateway/pkg/circuit/breaker.go:78.2,80.16 2 1
github.com/actual-software/mcp-bridge/services/gateway/pkg/circuit/breaker.go:80.16,82.3 1 1
github.com/actual-software/mcp-bridge/services/gateway/pkg/circuit/breaker.go:82.8,84.3 1 1
github.com/actual-software/mcp-bridge/services/gateway/pkg/circuit/breaker.go:86.2,86.12 1 1
github.com/actual-software/mcp-bridge/services/gateway/pkg/circuit/breaker.go:90.43,94.18 3 1
github.com/actual-software/mcp-bridge/services/gateway/pkg/circuit/breaker.go:95.19,96.36 1 1
github.com/actual-software/mcp-bridge/services/gateway/pkg/circuit/breaker.go:96.36,99.4 2 1
github.com/actual-software/mcp-bridge/services/gateway/pkg/circuit/breaker.go:100.21,103.18 2 1
github.com/actual-software/mcp-bridge/services/gateway/pkg/circuit/breaker.go:108.43,111.18 2 1
github.com/actual-software/mcp-bridge/services/gateway/pkg/circuit/breaker.go:112.21,114.42 2 1
github.com/actual-software/mcp-bridge/services/gateway/pkg/circuit/breaker.go:114.42,117.4 2 1
github.com/actual-software/mcp-bridge/services/gateway/pkg/circuit/breaker.go:122.49,125.2 2 1
github.com/actual-software/mcp-bridge/services/gateway/pkg/circuit/breaker.go:128.44,133.2 3 1
github.com/actual-software/mcp-bridge/services/gateway/pkg/circuit/breaker.go:136.51,141.2 3 1
github.com/actual-software/mcp-bridge/services/gateway/pkg/circuit/breaker.go:144.41,149.2 3 1
github.com/actual-software/mcp-bridge/services/gateway/pkg/circuit/breaker.go:152.35,160.2 6 1
github.com/actual-software/mcp-bridge/services/gateway/pkg/health/predictive.go:157.103,159.37 1 1
github.com/actual-software/mcp-bridge/services/gateway/pkg/health/predictive.go:159.37,161.3 1 1
github.com/actual-software/mcp-bridge/services/gateway/pkg/health/predictive.go:162.2,162.36 1 1
github.com/actual-software/mcp-bridge/services/gateway/pkg/health/predictive.go:162.36,164.3 1 1
github.com/actual-software/mcp-bridge/services/gateway/pkg/health/predictive.go:165.2,165.34 1 1
github.com/actual-software/mcp-bridge/services/gateway/pkg/health/predictive.go:165.34,167.3 1 1
github.com/actual-software/mcp-bridge/services/gateway/pkg/health/predictive.go:168.2,168.34 1 1
github.com/actual-software/mcp-bridge/services/gateway/pkg/health/predictive.go:168.34,170.3 1 1
github.com/actual-software/mcp-bridge/services/gateway/pkg/health/predictive.go:171.2,171.25 1 1
github.com/actual-software/mcp-bridge/services/gateway/pkg/health/predictive.go:171.25,173.3 1 1
github.com/actual-software/mcp-bridge/services/gateway/pkg/health/predictive.go:174.2,174.29 1 1
github.com/actual-software/mcp-bridge/services/gateway/pkg/health/predictive.go:174.29,176.3 1 1
github.com/actual-software/mcp-bridge/services/gateway/pkg/health/predictive.go:177.2,177.34 1 1
github.com/actual-software/mcp-bridge/services/gateway/pkg/health/predictive.go:177.34,179.3 1 1
github.com/actual-software/mcp-bridge/services/gateway/pkg/health/predictive.go:180.2,180.34 1 1
github.com/actual-software/mcp-bridge/services/gateway/pkg/health/predictive.go:180.34,182.3 1 1
github.com/actual-software/mcp-bridge/services/gateway/pkg/health/predictive.go:183.2,183.36 1 1
github.com/actual-software/mcp-bridge/services/gateway/pkg/health/predictive.go:183.36,185.3 1 1
github.com/actual-software/mcp-bridge/services/gateway/pkg/health/predictive.go:186.2,186.40 1 1
github.com/actual-software/mcp-bridge/services/gateway/pkg/health/predictive.go:186.40,188.3 1 1
github.com/actual-software/mcp-bridge/services/gateway/pkg/health/predictive.go:190.2,205.16 4 1
github.com/actual-software/mcp-bridge/services/gateway/pkg/health/predictive.go:209.82,215.44 4 1
github.com/actual-software/mcp-bridge/services/gateway/pkg/health/predictive.go:215.44,217.3 1 0
github.com/actual-software/mcp-bridge/services/gateway/pkg/health/predictive.go:219.2,247.80 6 1
github.com/actual-software/mcp-bridge/services/gateway/pkg/health/predictive.go:251.116,258.13 5 1
github.com/actual-software/mcp-bridge/services/gateway/pkg/health/predictive.go:258.13,263.3 4 1
github.com/actual-software/mcp-bridge/services/gateway/pkg/health/predictive.go:265.2,278.13 8 1
github.com/actual-software/mcp-bridge/services/gateway/pkg/health/predictive.go:278.13,281.3 2 1
github.com/actual-software/mcp-bridge/services/gateway/pkg/health/predictive.go:281.8,284.3 2 1
github.com/actual-software/mcp-bridge/services/gateway/pkg/health/predictive.go:287.2,295.40 6 1
github.com/actual-software/mcp-bridge/services/gateway/pkg/health/predictive.go:295.40,300.3 1 1
github.com/actual-software/mcp-bridge/services/gateway/pkg/health/predictive.go:303.2,303.47 1 1
github.com/actual-software/mcp-bridge/services/gateway/pkg/health/predictive.go:307.80,311.29 2 1
github.com/actual-software/mcp-bridge/services/gateway/pkg/health/predictive.go:311.29,313.3 1 0
github.com/actual-software/mcp-bridge/services/gateway/pkg/health/predictive.go:315.2,319.13 4 1
github.com/actual-software/mcp-bridge/services/gateway/pkg/health/predictive.go:319.13,321.3 1 1
github.com/actual-software/mcp-bridge/services/gateway/pkg/health/predictive.go:323.2,326.29 3 1
github.com/actual-software/mcp-bridge/services/gateway/pkg/health/predictive.go:330.88,337.13 5 1
github.com/actual-software/mcp-bridge/services/gateway/pkg/health/predictive.go:337.13,339.3 1 1
github.com/actual-software/mcp-bridge/services/gateway/pkg/health/predictive.go:341.2,344.31 3 1
github.com/actual-software/mcp-bridge/services/gateway/pkg/health/predictive.go:348.100,349.32 1 1
github.com/actual-software/mcp-bridge/services/gateway/pkg/health/predictive.go:349.32,351.3 1 1
github.com/actual-software/mcp-bridge/services/gateway/pkg/health/predictive.go:353.2,359.13 5 1
github.com/actual-software/mcp-bridge/services/gateway/pkg/health/predictive.go:359.13,361.3 1 1
github.com/actual-software/mcp-bridge/services/gateway/pkg/health/predictive.go:363.2,366.68 3 1
github.com/actual-software/mcp-bridge/services/gateway/pkg/health/predictive.go:370.53,373.12 2 1
github.com/actual-software/mcp-bridge/services/gateway/pkg/health/predictive.go:373.12,376.3 2 1
github.com/actual-software/mcp-bridge/services/gateway/pkg/health/predictive.go:379.2,379.31 1 1
github.com/actual-software/mcp-bridge/services/gateway/pkg/health/predictive.go:379.31,381.13 2 1
github.com/actual-software/mcp-bridge/services/gateway/pkg/health/predictive.go:381.13,384.4 2 1
github.com/actual-software/mcp-bridge/services/gateway/pkg/health/predictive.go:388.2,389.12 2 1
github.com/actual-software/mcp-bridge/services/gateway/pkg/health/predictive.go:389.12,392.3 2 1
github.com/actual-software/mcp-bridge/services/gateway/pkg/health/predictive.go:396.53,400.6 3 1
github.com/actual-software/mcp-bridge/services/gateway/pkg/health/predictive.go:400.6,401.10 1 1
github.com/actual-software/mcp-bridge/services/gateway/pkg/health/predictive.go:402.23,403.10 1 1
github.com/actual-software/mcp-bridge/services/gateway/pkg/health/predictive.go:404.19,405.27 1 0
github.com/actual-software/mcp-bridge/services/gateway/pkg/health/predictive.go:411.52,415.6 3 1
github.com/actual-software/mcp-bridge/services/gateway/pkg/health/predictive.go:415.6,416.10 1 1
github.com/actual-software/mcp-bridge/services/gateway/pkg/health/predictive.go:417.23,418.10 1 1
github.com/actual-software/mcp-bridge/services/gateway/pkg/health/predictive.go:419.19,420.33 1 0
github.com/actual-software/mcp-bridge/services/gateway/pkg/health/predictive.go:426.52,430.6 3 1
github.com/actual-software/mcp-bridge/services/gateway/pkg/health/predictive.go:430.6,431.10 1 1
github.com/actual-software/mcp-bridge/services/gateway/pkg/health/predictive.go:432.23,433.10 1 1
github.com/actual-software/mcp-bridge/services/gateway/pkg/health/predictive.go:434.19,435.24 1 0
github.com/actual-software/mcp-bridge/services/gateway/pkg/health/predictive.go:441.87,443.2 1 1
github.com/actual-software/mcp-bridge/services/gateway/pkg/health/predictive.go:445.123,447.28 2 1
github.com/actual-software/mcp-bridge/services/gateway/pkg/health/predictive.go:447.28,449.3 1 1
github.com/actual-software/mcp-bridge/services/gateway/pkg/health/predictive.go:450.2,450.16 1 1
github.com/actual-software/mcp-bridge/services/gateway/pkg/health/predictive.go:453.115,455.28 2 1
github.com/actual-software/mcp-bridge/services/gateway/pkg/health/predictive.go:455.28,457.3 1 1
github.com/actual-software/mcp-bridge/services/gateway/pkg/health/predictive.go:458.2,458.16 1 1
github.com/actual-software/mcp-bridge/services/gateway/pkg/health/predictive.go:461.100,462.25 1 1
github.com/actual-software/mcp-bridge/services/gateway/pkg/health/predictive.go:462.25,464.3 1 0
github.com/actual-software/mcp-bridge/services/gateway/pkg/health/predictive.go:466.2,467.36 2 1
github.com/actual-software/mcp-bridge/services/gateway/pkg/health/predictive.go:467.36,469.3 1 1
github.com/actual-software/mcp-bridge/services/gateway/pkg/health/predictive.go:471.2,471.46 1 1
github.com/actual-software/mcp-bridge/services/gateway/pkg/health/predictive.go:474.112,477.50 2 1
github.com/actual-software/mcp-bridge/services/gateway/pkg/health/predictive.go:477.50,478.18 1 1
github.com/actual-software/mcp-bridge/services/gateway/pkg/health/predictive.go:478.18,480.4 1 1
github.com/actual-software/mcp-bridge/services/gateway/pkg/health/predictive.go:481.3,481.13 1 1
github.com/actual-software/mcp-bridge/services/gateway/pkg/health/predictive.go:485.2,486.21 2 1
github.com/actual-software/mcp-bridge/services/gateway/pkg/health/predictive.go:486.21,488.3 1 0
github.com/actual-software/mcp-bridge/services/gateway/pkg/health/predictive.go:490.2,490.18 1 1
github.com/actual-software/mcp-bridge/services/gateway/pkg/health/predictive.go:493.96,497.59 2 1
github.com/actual-software/mcp-bridge/services/gateway/pkg/health/predictive.go:497.59,500.3 2 1
github.com/actual-software/mcp-bridge/services/gateway/pkg/health/predictive.go:503.2,506.15 2 1
github.com/actual-software/mcp-bridge/services/gateway/pkg/health/predictive.go:506.15,508.3 1 0
github.com/actual-software/mcp-bridge/services/gateway/pkg/health/predictive.go:510.2,510.14 1 1
github.com/actual-software/mcp-bridge/services/gateway/pkg/health/predictive.go:513.88,517.65 1 1
github.com/actual-software/mcp-bridge/services/gateway/pkg/health/predictive.go:517.65,519.3 1 1
github.com/actual-software/mcp-bridge/services/gateway/pkg/health/predictive.go:522.2,522.56 1 1
github.com/actual-software/mcp-bridge/services/gateway/pkg/health/predictive.go:522.56,524.3 1 1
github.com/actual-software/mcp-bridge/services/gateway/pkg/health/predictive.go:527.2,527.61 1 1
github.com/actual-software/mcp-bridge/services/gateway/pkg/health/predictive.go:527.61,529.3 1 1
github.com/actual-software/mcp-bridge/services/gateway/pkg/health/predictive.go:532.2,532.34 1 1
github.com/actual-software/mcp-bridge/services/gateway/pkg/health/predictive.go:532.34,534.3 1 0
github.com/actual-software/mcp-bridge/services/gateway/pkg/health/predictive.go:536.2,536.13 1 1
github.com/actual-software/mcp-bridge/services/gateway/pkg/health/predictive.go:540.113,545.13 4 1
github.com/actual-software/mcp-bridge/services/gateway/pkg/health/predictive.go:545.13,547.3 1 0
github.com/actual-software/mcp-bridge/services/gateway/pkg/health/predictive.go:549.2,557.14 6 1
github.com/actual-software/mcp-bridge/services/gateway/pkg/health/predictive.go:557.14,561.3 3 1
github.com/actual-software/mcp-bridge/services/gateway/pkg/health/predictive.go:561.8,563.3 1 1
github.com/actual-software/mcp-bridge/services/gateway/pkg/health/predictive.go:566.2,566.49 1 1
github.com/actual-software/mcp-bridge/services/gateway/pkg/health/predictive.go:566.49,569.3 2 0
github.com/actual-software/mcp-bridge/services/gateway/pkg/health/predictive.go:572.2,574.23 2 1
github.com/actual-software/mcp-bridge/services/gateway/pkg/health/predictive.go:575.19,577.76 2 1
github.com/actual-software/mcp-bridge/services/gateway/pkg/health/predictive.go:577.76,584.4 3 1
github.com/actual-software/mcp-bridge/services/gateway/pkg/health/predictive.go:586.17,588.60 1 1
github.com/actual-software/mcp-bridge/services/gateway/pkg/health/predictive.go:588.60,593.4 4 1
github.com/actual-software/mcp-bridge/services/gateway/pkg/health/predictive.go:595.21,596.27 1 0
github.com/actual-software/mcp-bridge/services/gateway/pkg/health/predictive.go:596.27,599.4 2 0
github.com/actual-software/mcp-bridge/services/gateway/pkg/health/predictive.go:599.9,599.67 1 0
github.com/actual-software/mcp-bridge/services/gateway/pkg/health/predictive.go:599.67,604.4 4 0
github.com/actual-software/mcp-bridge/services/gateway/pkg/health/predictive.go:607.2,607.31 1 1
github.com/actual-software/mcp-bridge/services/gateway/pkg/health/predictive.go:607.31,612.3 1 1
github.com/actual-software/mcp-bridge/services/gateway/pkg/health/predictive.go:615.83,620.31 2 0
github.com/actual-software/mcp-bridge/services/gateway/pkg/health/predictive.go:620.31,624.30 2 0
github.com/actual-software/mcp-bridge/services/gateway/pkg/health/predictive.go:624.30,626.4 1 0
github.com/actual-software/mcp-bridge/services/gateway/pkg/health/predictive.go:626.9,626.36 1 0
github.com/actual-software/mcp-bridge/services/gateway/pkg/health/predictive.go:626.36,629.4 1 0
github.com/actual-software/mcp-bridge/services/gateway/pkg/health/predictive.go:629.9,631.4 1 0
github.com/actual-software/mcp-bridge/services/gateway/pkg/health/predictive.go:635.76,640.13 4 1
github.com/actual-software/mcp-bridge/services/gateway/pkg/health/predictive.go:640.13,642.3 1 1
github.com/actual-software/mcp-bridge/services/gateway/pkg/health/predictive.go:644.2,647.37 3 1
github.com/actual-software/mcp-bridge/services/gateway/pkg/health/predictive.go:650.74,651.15 1 1
github.com/actual-software/mcp-bridge/services/gateway/pkg/health/predictive.go:652.19,653.18 1 1
github.com/actual-software/mcp-bridge/services/gateway/pkg/health/predictive.go:654.17,655.16 1 1
github.com/actual-software/mcp-bridge/services/gateway/pkg/health/predictive.go:656.21,657.21 1 1
github.com/actual-software/mcp-bridge/services/gateway/pkg/health/predictive.go:658.10,659.19 1 0
github.com/actual-software/mcp-bridge/services/gateway/pkg/health/predictive.go:664.57,667.2 1 0
github.com/actual-software/mcp-bridge/services/gateway/pkg/health/predictive.go:669.63,676.2 4 0
github.com/actual-software/mcp-bridge/services/gateway/pkg/health/predictive.go:678.54,687.42 7 1
github.com/actual-software/mcp-bridge/services/gateway/pkg/health/predictive.go:687.42,689.27 2 1
github.com/actual-software/mcp-bridge/services/gateway/pkg/health/predictive.go:689.27,691.4 1 1
github.com/actual-software/mcp-bridge/services/gateway/pkg/health/predictive.go:692.3,693.26 2 1
github.com/actual-software/mcp-bridge/services/gateway/pkg/health/predictive.go:695.2,699.44 4 1
github.com/actual-software/mcp-bridge/services/gateway/pkg/health/predictive.go:699.44,701.33 2 1
github.com/actual-software/mcp-bridge/services/gateway/pkg/health/predictive.go:701.33,703.4 1 0
github.com/actual-software/mcp-bridge/services/gateway/pkg/health/predictive.go:704.3,704.23 1 1
github.com/actual-software/mcp-bridge/services/gateway/pkg/health/predictive.go:706.2,714.24 7 1
github.com/actual-software/mcp-bridge/services/gateway/pkg/health/predictive.go:714.24,716.3 1 1
github.com/actual-software/mcp-bridge/services/gateway/pkg/health/predictive.go:720.67,725.2 3 1
github.com/actual-software/mcp-bridge/services/gateway/pkg/health/predictive.go:728.71,735.12 4 1
github.com/actual-software/mcp-bridge/services/gateway/pkg/health/predictive.go:735.12,738.3 2 1
github.com/actual-software/mcp-bridge/services/gateway/pkg/health/predictive.go:740.2,740.9 1 1
github.com/actual-software/mcp-bridge/services/gateway/pkg/health/predictive.go:741.14,743.13 2 1
github.com/actual-software/mcp-bridge/services/gateway/pkg/health/predictive.go:744.20,745.19 1 0
github.com/actual-software/mcp-bridge/services/gateway/internal/errors/backend_errors.go:43.39,44.20 1 0
github.com/actual-software/mcp-bridge/services/gateway/internal/errors/backend_errors.go:44.20,46.3 1 0
github.com/actual-software/mcp-bridge/services/gateway/internal/errors/backend_errors.go:47.2,47.84 1 0
github.com/actual-software/mcp-bridge/services/gateway/internal/errors/backend_errors.go:50.39,52.2 1 0
github.com/actual-software/mcp-bridge/services/gateway/internal/errors/backend_errors.go:55.99,66.2 1 0
github.com/actual-software/mcp-bridge/services/gateway/internal/errors/backend_errors.go:69.81,70.22 1 0
github.com/actual-software/mcp-bridge/services/gateway/internal/errors/backend_errors.go:70.22,72.3 1 0
github.com/actual-software/mcp-bridge/services/gateway/internal/errors/backend_errors.go:73.2,74.10 2 0
github.com/actual-software/mcp-bridge/services/gateway/internal/errors/backend_errors.go:78.68,81.2 2 0
github.com/actual-software/mcp-bridge/services/gateway/internal/errors/backend_errors.go:98.39,99.16 1 0
github.com/actual-software/mcp-bridge/services/gateway/internal/errors/backend_errors.go:99.16,101.3 1 0
github.com/actual-software/mcp-bridge/services/gateway/internal/errors/backend_errors.go:104.2,106.43 1 0
github.com/actual-software/mcp-bridge/services/gateway/internal/errors/backend_errors.go:106.43,108.3 1 0
github.com/actual-software/mcp-bridge/services/gateway/internal/errors/backend_errors.go:111.2,111.57 1 0
github.com/actual-software/mcp-bridge/services/gateway/internal/errors/backend_errors.go:111.57,113.3 1 0
github.com/actual-software/mcp-bridge/services/gateway/internal/errors/backend_errors.go:115.2,115.14 1 0
github.com/actual-software/mcp-bridge/services/gateway/internal/errors/backend_errors.go:120.91,122.2 1 0
github.com/actual-software/mcp-bridge/services/gateway/internal/errors/backend_errors.go:124.102,128.2 1 0
github.com/actual-software/mcp-bridge/services/gateway/internal/errors/backend_errors.go:130.89,132.2 1 0
github.com/actual-software/mcp-bridge/services/gateway/internal/errors/backend_errors.go:134.88,136.2 1 0
github.com/actual-software/mcp-bridge/services/gateway/internal/errors/backend_errors.go:138.87,140.2 1 0
github.com/actual-software/mcp-bridge/services/gateway/internal/errors/backend_errors.go:142.87,144.2 1 0
github.com/actual-software/mcp-bridge/services/gateway/internal/errors/backend_errors.go:146.88,148.2 1 0
github.com/actual-software/mcp-bridge/services/gateway/internal/errors/backend_errors.go:150.89,152.2 1 0
github.com/actual-software/mcp-bridge/services/gateway/internal/errors/backend_errors.go:154.89,156.2 1 0
github.com/actual-software/mcp-bridge/services/gateway/pkg/loadbalancer/hybrid.go:33.102,44.22 2 1
github.com/actual-software/mcp-bridge/services/gateway/pkg/loadbalancer/hybrid.go:44.22,46.3 1 1
github.com/actual-software/mcp-bridge/services/gateway/pkg/loadbalancer/hybrid.go:47.2,47.30 1 1
github.com/actual-software/mcp-bridge/services/gateway/pkg/loadbalancer/hybrid.go:47.30,49.3 1 1
github.com/actual-software/mcp-bridge/services/gateway/pkg/loadbalancer/hybrid.go:51.2,52.10 2 1
github.com/actual-software/mcp-bridge/services/gateway/pkg/loadbalancer/hybrid.go:56.57,60.27 3 1
github.com/actual-software/mcp-bridge/services/gateway/pkg/loadbalancer/hybrid.go:60.27,62.3 1 1
github.com/actual-software/mcp-bridge/services/gateway/pkg/loadbalancer/hybrid.go:65.2,65.42 1 1
github.com/actual-software/mcp-bridge/services/gateway/pkg/loadbalancer/hybrid.go:65.42,67.26 2 1
github.com/actual-software/mcp-bridge/services/gateway/pkg/loadbalancer/hybrid.go:67.26,68.12 1 1
github.com/actual-software/mcp-bridge/services/gateway/pkg/loadbalancer/hybrid.go:71.3,74.21 2 1
github.com/actual-software/mcp-bridge/services/gateway/pkg/loadbalancer/hybrid.go:75.28,76.48 1 1
github.com/actual-software/mcp-bridge/services/gateway/pkg/loadbalancer/hybrid.go:77.19,78.40 1 1
github.com/actual-software/mcp-bridge/services/gateway/pkg/loadbalancer/hybrid.go:79.22,80.15 1 1
github.com/actual-software/mcp-bridge/services/gateway/pkg/loadbalancer/hybrid.go:81.11,82.42 1 1
github.com/actual-software/mcp-bridge/services/gateway/pkg/loadbalancer/hybrid.go:85.3,85.22 1 1
github.com/actual-software/mcp-bridge/services/gateway/pkg/loadbalancer/hybrid.go:85.22,87.42 1 1
github.com/actual-software/mcp-bridge/services/gateway/pkg/loadbalancer/hybrid.go:87.42,88.13 1 0
github.com/actual-software/mcp-bridge/services/gateway/pkg/loadbalancer/hybrid.go:92.4,92.41 1 1
github.com/actual-software/mcp-bridge/services/gateway/pkg/loadbalancer/hybrid.go:92.41,94.5 1 1
github.com/actual-software/mcp-bridge/services/gateway/pkg/loadbalancer/hybrid.go:96.4,96.19 1 1
github.com/actual-software/mcp-bridge/services/gateway/pkg/loadbalancer/hybrid.go:101.2,101.20 1 1
github.com/actual-software/mcp-bridge/services/gateway/pkg/loadbalancer/hybrid.go:101.20,103.3 1 0
github.com/actual-software/mcp-bridge/services/gateway/pkg/loadbalancer/hybrid.go:105.2,105.12 1 1
github.com/actual-software/mcp-bridge/services/gateway/pkg/loadbalancer/hybrid.go:109.98,110.25 1 1
github.com/actual-software/mcp-bridge/services/gateway/pkg/loadbalancer/hybrid.go:110.25,112.3 1 0
github.com/actual-software/mcp-bridge/services/gateway/pkg/loadbalancer/hybrid.go:114.2,115.38 2 1
github.com/actual-software/mcp-bridge/services/gateway/pkg/loadbalancer/hybrid.go:115.38,119.35 3 1
github.com/actual-software/mcp-bridge/services/gateway/pkg/loadbalancer/hybrid.go:119.35,121.4 1 1
github.com/actual-software/mcp-bridge/services/gateway/pkg/loadbalancer/hybrid.go:124.2,124.12 1 1
github.com/actual-software/mcp-bridge/services/gateway/pkg/loadbalancer/hybrid.go:128.104,129.25 1 1
github.com/actual-software/mcp-bridge/services/gateway/pkg/loadbalancer/hybrid.go:129.25,131.3 1 0
github.com/actual-software/mcp-bridge/services/gateway/pkg/loadbalancer/hybrid.go:133.2,137.31 3 1
github.com/actual-software/mcp-bridge/services/gateway/pkg/loadbalancer/hybrid.go:137.31,138.35 1 1
github.com/actual-software/mcp-bridge/services/gateway/pkg/loadbalancer/hybrid.go:138.35,139.12 1 1
github.com/actual-software/mcp-bridge/services/gateway/pkg/loadbalancer/hybrid.go:142.3,143.23 2 1
github.com/actual-software/mcp-bridge/services/gateway/pkg/loadbalancer/hybrid.go:143.23,146.4 2 1
github.com/actual-software/mcp-bridge/services/gateway/pkg/loadbalancer/hybrid.go:146.9,146.31 1 1
github.com/actual-software/mcp-bridge/services/gateway/pkg/loadbalancer/hybrid.go:146.31,148.4 1 1
github.com/actual-software/mcp-bridge/services/gateway/pkg/loadbalancer/hybrid.go:151.2,151.26 1 1
github.com/actual-software/mcp-bridge/services/gateway/pkg/loadbalancer/hybrid.go:151.26,153.3 1 0
github.com/actual-software/mcp-bridge/services/gateway/pkg/loadbalancer/hybrid.go:156.2,156.25 1 1
github.com/actual-software/mcp-bridge/services/gateway/pkg/loadbalancer/hybrid.go:156.25,159.3 2 1
github.com/actual-software/mcp-bridge/services/gateway/pkg/loadbalancer/hybrid.go:161.2,161.22 1 1
github.com/actual-software/mcp-bridge/services/gateway/pkg/loadbalancer/hybrid.go:165.96,166.25 1 1
github.com/actual-software/mcp-bridge/services/gateway/pkg/loadbalancer/hybrid.go:166.25,168.3 1 0
github.com/actual-software/mcp-bridge/services/gateway/pkg/loadbalancer/hybrid.go:171.2,174.31 3 1
github.com/actual-software/mcp-bridge/services/gateway/pkg/loadbalancer/hybrid.go:174.31,175.35 1 1
github.com/actual-software/mcp-bridge/services/gateway/pkg/loadbalancer/hybrid.go:175.35,176.12 1 1
github.com/actual-software/mcp-bridge/services/gateway/pkg/loadbalancer/hybrid.go:179.3,180.18 2 1
github.com/actual-software/mcp-bridge/services/gateway/pkg/loadbalancer/hybrid.go:180.18,182.4 1 1
github.com/actual-software/mcp-bridge/services/gateway/pkg/loadbalancer/hybrid.go:184.3,185.50 2 1
github.com/actual-software/mcp-bridge/services/gateway/pkg/loadbalancer/hybrid.go:188.2,188.52 1 1
github.com/actual-software/mcp-bridge/services/gateway/pkg/loadbalancer/hybrid.go:188.52,190.3 1 0
github.com/actual-software/mcp-bridge/services/gateway/pkg/loadbalancer/hybrid.go:193.2,197.38 4 1
github.com/actual-software/mcp-bridge/services/gateway/pkg/loadbalancer/hybrid.go:197.38,199.18 2 1
github.com/actual-software/mcp-bridge/services/gateway/pkg/loadbalancer/hybrid.go:199.18,201.4 1 1
github.com/actual-software/mcp-bridge/services/gateway/pkg/loadbalancer/hybrid.go:203.3,204.31 2 1
github.com/actual-software/mcp-bridge/services/gateway/pkg/loadbalancer/hybrid.go:204.31,206.4 1 1
github.com/actual-software/mcp-bridge/services/gateway/pkg/loadbalancer/hybrid.go:210.2,210.31 1 0
github.com/actual-software/mcp-bridge/services/gateway/pkg/loadbalancer/hybrid.go:210.31,212.3 1 0
github.com/actual-software/mcp-bridge/services/gateway/pkg/loadbalancer/hybrid.go:214.2,214.12 1 0
github.com/actual-software/mcp-bridge/services/gateway/pkg/loadbalancer/hybrid.go:218.79,226.39 5 1
github.com/actual-software/mcp-bridge/services/gateway/pkg/loadbalancer/hybrid.go:226.39,228.32 2 1
github.com/actual-software/mcp-bridge/services/gateway/pkg/loadbalancer/hybrid.go:228.32,229.58 1 1
github.com/actual-software/mcp-bridge/services/gateway/pkg/loadbalancer/hybrid.go:229.58,231.5 1 1
github.com/actual-software/mcp-bridge/services/gateway/pkg/loadbalancer/hybrid.go:233.3,233.25 1 1
github.com/actual-software/mcp-bridge/services/gateway/pkg/loadbalancer/hybrid.go:238.53,241.33 2 1
github.com/actual-software/mcp-bridge/services/gateway/pkg/loadbalancer/hybrid.go:241.33,244.3 2 1
github.com/actual-software/mcp-bridge/services/gateway/pkg/loadbalancer/hybrid.go:248.76,250.49 1 1
github.com/actual-software/mcp-bridge/services/gateway/pkg/loadbalancer/hybrid.go:250.49,252.3 1 1
github.com/actual-software/mcp-bridge/services/gateway/pkg/loadbalancer/hybrid.go:255.2,255.19 1 1
github.com/actual-software/mcp-bridge/services/gateway/pkg/loadbalancer/hybrid.go:256.19,257.21 1 1
github.com/actual-software/mcp-bridge/services/gateway/pkg/loadbalancer/hybrid.go:258.23,260.59 1 1
github.com/actual-software/mcp-bridge/services/gateway/pkg/loadbalancer/hybrid.go:260.59,262.4 1 1
github.com/actual-software/mcp-bridge/services/gateway/pkg/loadbalancer/hybrid.go:263.3,263.16 1 1
github.com/actual-software/mcp-bridge/services/gateway/pkg/loadbalancer/hybrid.go:264.15,265.17 1 0
github.com/actual-software/mcp-bridge/services/gateway/pkg/loadbalancer/hybrid.go:266.10,268.48 1 1
github.com/actual-software/mcp-bridge/services/gateway/pkg/loadbalancer/hybrid.go:268.48,270.4 1 1
github.com/actual-software/mcp-bridge/services/gateway/pkg/loadbalancer/hybrid.go:271.3,271.16 1 1
github.com/actual-software/mcp-bridge/services/gateway/pkg/loadbalancer/hybrid.go:276.64,277.39 1 1
github.com/actual-software/mcp-bridge/services/gateway/pkg/loadbalancer/hybrid.go:277.39,279.3 1 0
github.com/actual-software/mcp-bridge/services/gateway/pkg/loadbalancer/hybrid.go:281.2,284.66 3 1
github.com/actual-software/mcp-bridge/services/gateway/pkg/loadbalancer/hybrid.go:284.66,286.3 1 1
github.com/actual-software/mcp-bridge/services/gateway/pkg/loadbalancer/hybrid.go:290.74,296.52 4 1
github.com/actual-software/mcp-bridge/services/gateway/pkg/loadbalancer/hybrid.go:296.52,301.32 4 1
github.com/actual-software/mcp-bridge/services/gateway/pkg/loadbalancer/hybrid.go:301.32,302.18 1 1
github.com/actual-software/mcp-bridge/services/gateway/pkg/loadbalancer/hybrid.go:302.18,304.5 1 1
github.com/actual-software/mcp-bridge/services/gateway/pkg/loadbalancer/hybrid.go:304.10,306.5 1 1
github.com/actual-software/mcp-bridge/services/gateway/pkg/loadbalancer/hybrid.go:308.4,309.19 2 1
github.com/actual-software/mcp-bridge/services/gateway/pkg/loadbalancer/hybrid.go:309.19,311.5 1 0
github.com/actual-software/mcp-bridge/services/gateway/pkg/loadbalancer/hybrid.go:312.4,312.25 1 1
github.com/actual-software/mcp-bridge/services/gateway/pkg/loadbalancer/hybrid.go:315.3,322.4 1 1
github.com/actual-software/mcp-bridge/services/gateway/pkg/loadbalancer/hybrid.go:325.2,325.14 1 1
github.com/actual-software/mcp-bridge/services/gateway/pkg/loadbalancer/hybrid.go:329.73,330.38 1 1
github.com/actual-software/mcp-bridge/services/gateway/pkg/loadbalancer/hybrid.go:330.38,331.23 1 1
github.com/actual-software/mcp-bridge/services/gateway/pkg/loadbalancer/hybrid.go:331.23,333.4 1 1
github.com/actual-software/mcp-bridge/services/gateway/pkg/loadbalancer/hybrid.go:335.2,335.32 1 0
github.com/actual-software/mcp-bridge/services/gateway/pkg/loadbalancer/loadbalancer.go:25.65,29.2 1 1
github.com/actual-software/mcp-bridge/services/gateway/pkg/loadbalancer/loadbalancer.go:32.50,37.25 4 1
github.com/actual-software/mcp-bridge/services/gateway/pkg/loadbalancer/loadbalancer.go:37.25,39.3 1 1
github.com/actual-software/mcp-bridge/services/gateway/pkg/loadbalancer/loadbalancer.go:42.2,43.38 2 1
github.com/actual-software/mcp-bridge/services/gateway/pkg/loadbalancer/loadbalancer.go:43.38,47.17 3 1
github.com/actual-software/mcp-bridge/services/gateway/pkg/loadbalancer/loadbalancer.go:47.17,49.4 1 1
github.com/actual-software/mcp-bridge/services/gateway/pkg/loadbalancer/loadbalancer.go:52.2,52.12 1 1
github.com/actual-software/mcp-bridge/services/gateway/pkg/loadbalancer/loadbalancer.go:56.72,60.2 3 1
github.com/actual-software/mcp-bridge/services/gateway/pkg/loadbalancer/loadbalancer.go:70.77,75.2 1 1
github.com/actual-software/mcp-bridge/services/gateway/pkg/loadbalancer/loadbalancer.go:78.56,82.28 3 1
github.com/actual-software/mcp-bridge/services/gateway/pkg/loadbalancer/loadbalancer.go:82.28,84.3 1 0
github.com/actual-software/mcp-bridge/services/gateway/pkg/loadbalancer/loadbalancer.go:86.2,90.34 3 1
github.com/actual-software/mcp-bridge/services/gateway/pkg/loadbalancer/loadbalancer.go:90.34,91.18 1 1
github.com/actual-software/mcp-bridge/services/gateway/pkg/loadbalancer/loadbalancer.go:91.18,92.12 1 0
github.com/actual-software/mcp-bridge/services/gateway/pkg/loadbalancer/loadbalancer.go:95.3,98.23 3 1
github.com/actual-software/mcp-bridge/services/gateway/pkg/loadbalancer/loadbalancer.go:98.23,101.4 2 1
github.com/actual-software/mcp-bridge/services/gateway/pkg/loadbalancer/loadbalancer.go:104.2,104.21 1 1
github.com/actual-software/mcp-bridge/services/gateway/pkg/loadbalancer/loadbalancer.go:104.21,107.3 1 1
github.com/actual-software/mcp-bridge/services/gateway/pkg/loadbalancer/loadbalancer.go:109.2,109.17 1 1
github.com/actual-software/mcp-bridge/services/gateway/pkg/loadbalancer/loadbalancer.go:113.78,121.31 5 1
github.com/actual-software/mcp-bridge/services/gateway/pkg/loadbalancer/loadbalancer.go:121.31,122.58 1 1
github.com/actual-software/mcp-bridge/services/gateway/pkg/loadbalancer/loadbalancer.go:122.58,124.4 1 1
github.com/actual-software/mcp-bridge/services/gateway/pkg/loadbalancer/loadbalancer.go:127.2,127.25 1 1
github.com/actual-software/mcp-bridge/services/gateway/pkg/loadbalancer/loadbalancer.go:131.63,135.67 3 1
github.com/actual-software/mcp-bridge/services/gateway/pkg/loadbalancer/loadbalancer.go:135.67,137.3 1 1
github.com/actual-software/mcp-bridge/services/gateway/pkg/loadbalancer/loadbalancer.go:150.61,158.2 3 1
github.com/actual-software/mcp-bridge/services/gateway/pkg/loadbalancer/loadbalancer.go:161.39,163.33 2 1
github.com/actual-software/mcp-bridge/services/gateway/pkg/loadbalancer/loadbalancer.go:163.33,165.18 2 1
github.com/actual-software/mcp-bridge/services/gateway/pkg/loadbalancer/loadbalancer.go:165.18,167.4 1 1
github.com/actual-software/mcp-bridge/services/gateway/pkg/loadbalancer/loadbalancer.go:169.3,170.26 2 1
github.com/actual-software/mcp-bridge/services/gateway/pkg/loadbalancer/loadbalancer.go:175.47,179.49 3 1
github.com/actual-software/mcp-bridge/services/gateway/pkg/loadbalancer/loadbalancer.go:179.49,181.3 1 0
github.com/actual-software/mcp-bridge/services/gateway/pkg/loadbalancer/loadbalancer.go:184.2,189.33 4 1
github.com/actual-software/mcp-bridge/services/gateway/pkg/loadbalancer/loadbalancer.go:189.33,190.18 1 1
github.com/actual-software/mcp-bridge/services/gateway/pkg/loadbalancer/loadbalancer.go:190.18,191.12 1 0
github.com/actual-software/mcp-bridge/services/gateway/pkg/loadbalancer/loadbalancer.go:194.3,195.31 2 1
github.com/actual-software/mcp-bridge/services/gateway/pkg/loadbalancer/loadbalancer.go:195.31,197.4 1 1
github.com/actual-software/mcp-bridge/services/gateway/pkg/loadbalancer/loadbalancer.go:201.2,201.33 1 0
github.com/actual-software/mcp-bridge/services/gateway/pkg/loadbalancer/loadbalancer.go:201.33,202.17 1 0
github.com/actual-software/mcp-bridge/services/gateway/pkg/loadbalancer/loadbalancer.go:202.17,204.4 1 0
github.com/actual-software/mcp-bridge/services/gateway/pkg/loadbalancer/loadbalancer.go:207.2,207.12 1 0
github.com/actual-software/mcp-bridge/services/gateway/pkg/loadbalancer/loadbalancer.go:211.69,217.2 5 1
github.com/actual-software/mcp-bridge/services/gateway/pkg/wire/auth_message.go:17.70,22.2 1 0
github.com/actual-software/mcp-bridge/services/gateway/pkg/wire/auth_message.go:25.73,30.2 1 0
github.com/actual-software/mcp-bridge/services/gateway/pkg/wire/auth_message.go:33.62,35.55 2 0
github.com/actual-software/mcp-bridge/services/gateway/pkg/wire/auth_message.go:35.55,37.3 1 0
github.com/actual-software/mcp-bridge/services/gateway/pkg/wire/auth_message.go:39.2,39.22 1 0
github.com/actual-software/mcp-bridge/services/gateway/pkg/wire/auth_message.go:43.63,45.16 2 0
github.com/actual-software/mcp-bridge/services/gateway/pkg/wire/auth_message.go:45.16,47.3 1 0
github.com/actual-software/mcp-bridge/services/gateway/pkg/wire/auth_message.go:49.2,50.54 2 0
github.com/actual-software/mcp-bridge/services/gateway/pkg/wire/auth_message.go:50.54,52.3 1 0
github.com/actual-software/mcp-bridge/services/gateway/pkg/wire/auth_message.go:54.2,54.18 1 0
github.com/actual-software/mcp-bridge/services/gateway/pkg/wire/auth_message.go:58.65,60.16 2 0
github.com/actual-software/mcp-bridge/services/gateway/pkg/wire/auth_message.go:60.16,62.3 1 0
github.com/actual-software/mcp-bridge/services/gateway/pkg/wire/auth_message.go:64.2,65.55 2 0
github.com/actual-software/mcp-bridge/services/gateway/pkg/wire/auth_message.go:65.55,67.3 1 0
github.com/actual-software/mcp-bridge/services/gateway/pkg/wire/auth_message.go:69.2,69.19 1 0
github.com/actual-software/mcp-bridge/services/gateway/pkg/wire/protocol.go:62.43,64.70 1 1
github.com/actual-software/mcp-bridge/services/gateway/pkg/wire/protocol.go:64.70,66.3 1 0
github.com/actual-software/mcp-bridge/services/gateway/pkg/wire/protocol.go:69.2,69.69 1 1
github.com/actual-software/mcp-bridge/services/gateway/pkg/wire/protocol.go:69.69,71.3 1 0
github.com/actual-software/mcp-bridge/services/gateway/pkg/wire/protocol.go:74.2,74.73 1 1
github.com/actual-software/mcp-bridge/services/gateway/pkg/wire/protocol.go:74.73,76.3 1 0
github.com/actual-software/mcp-bridge/services/gateway/pkg/wire/protocol.go:79.2,80.70 2 1
github.com/actual-software/mcp-bridge/services/gateway/pkg/wire/protocol.go:80.70,82.3 1 0
github.com/actual-software/mcp-bridge/services/gateway/pkg/wire/protocol.go:85.2,85.24 1 1
github.com/actual-software/mcp-bridge/services/gateway/pkg/wire/protocol.go:85.24,86.47 1 1
github.com/actual-software/mcp-bridge/services/gateway/pkg/wire/protocol.go:86.47,88.4 1 0
github.com/actual-software/mcp-bridge/services/gateway/pkg/wire/protocol.go:91.2,91.12 1 1
github.com/actual-software/mcp-bridge/services/gateway/pkg/wire/protocol.go:95.42,98.65 2 1
github.com/actual-software/mcp-bridge/services/gateway/pkg/wire/protocol.go:98.65,100.3 1 1
github.com/actual-software/mcp-bridge/services/gateway/pkg/wire/protocol.go:102.2,102.25 1 1
github.com/actual-software/mcp-bridge/services/gateway/pkg/wire/protocol.go:102.25,104.3 1 1
github.com/actual-software/mcp-bridge/services/gateway/pkg/wire/protocol.go:107.2,108.67 2 1
github.com/actual-software/mcp-bridge/services/gateway/pkg/wire/protocol.go:108.67,110.3 1 0
github.com/actual-software/mcp-bridge/services/gateway/pkg/wire/protocol.go:113.2,113.50 1 1
github.com/actual-software/mcp-bridge/services/gateway/pkg/wire/protocol.go:113.50,115.3 1 1
github.com/actual-software/mcp-bridge/services/gateway/pkg/wire/protocol.go:118.2,119.67 2 1
github.com/actual-software/mcp-bridge/services/gateway/pkg/wire/protocol.go:119.67,121.3 1 1
github.com/actual-software/mcp-bridge/services/gateway/pkg/wire/protocol.go:124.2,125.70 2 1
github.com/actual-software/mcp-bridge/services/gateway/pkg/wire/protocol.go:125.70,127.3 1 0
github.com/actual-software/mcp-bridge/services/gateway/pkg/wire/protocol.go:130.2,130.31 1 1
github.com/actual-software/mcp-bridge/services/gateway/pkg/wire/protocol.go:130.31,132.3 1 1
github.com/actual-software/mcp-bridge/services/gateway/pkg/wire/protocol.go:135.2,136.20 2 1
github.com/actual-software/mcp-bridge/services/gateway/pkg/wire/protocol.go:136.20,137.52 1 1
github.com/actual-software/mcp-bridge/services/gateway/pkg/wire/protocol.go:137.52,139.4 1 1
github.com/actual-software/mcp-bridge/services/gateway/pkg/wire/protocol.go:142.2,146.8 1 1
github.com/actual-software/mcp-bridge/services/gateway/pkg/wire/protocol.go:150.73,159.43 3 1
github.com/actual-software/mcp-bridge/services/gateway/pkg/wire/protocol.go:159.43,161.3 1 0
github.com/actual-software/mcp-bridge/services/gateway/pkg/wire/protocol.go:163.2,163.25 1 1
github.com/actual-software/mcp-bridge/services/gateway/pkg/wire/protocol.go:167.49,169.2 1 1
github.com/actual-software/mcp-bridge/services/gateway/pkg/wire/protocol.go:185.90,188.30 2 0
github.com/actual-software/mcp-bridge/services/gateway/pkg/wire/protocol.go:188.30,190.3 1 0
github.com/actual-software/mcp-bridge/services/gateway/pkg/wire/protocol.go:192.2,193.30 2 0
github.com/actual-software/mcp-bridge/services/gateway/pkg/wire/protocol.go:193.30,195.3 1 0
github.com/actual-software/mcp-bridge/services/gateway/pkg/wire/protocol.go:198.2,198.33 1 0
github.com/actual-software/mcp-bridge/services/gateway/pkg/wire/protocol.go:198.33,201.3 1 0
github.com/actual-software/mcp-bridge/services/gateway/pkg/wire/protocol.go:204.2,204.26 1 0
github.com/actual-software/mcp-bridge/services/gateway/pkg/wire/protocol.go:208.46,210.2 1 0
github.com/actual-software/mcp-bridge/services/gateway/pkg/wire/transport.go:25.45,31.2 1 1
github.com/actual-software/mcp-bridge/services/gateway/pkg/wire/transport.go:34.57,37.16 2 1
github.com/actual-software/mcp-bridge/services/gateway/pkg/wire/transport.go:37.16,39.3 1 0
github.com/actual-software/mcp-bridge/services/gateway/pkg/wire/transport.go:42.2,52.47 4 1
github.com/actual-software/mcp-bridge/services/gateway/pkg/wire/transport.go:52.47,54.3 1 0
github.com/actual-software/mcp-bridge/services/gateway/pkg/wire/transport.go:56.2,56.41 1 1
github.com/actual-software/mcp-bridge/services/gateway/pkg/wire/transport.go:56.41,58.3 1 0
github.com/actual-software/mcp-bridge/services/gateway/pkg/wire/transport.go:60.2,60.12 1 1
github.com/actual-software/mcp-bridge/services/gateway/pkg/wire/transport.go:64.60,67.16 2 1
github.com/actual-software/mcp-bridge/services/gateway/pkg/wire/transport.go:67.16,69.3 1 0
github.com/actual-software/mcp-bridge/services/gateway/pkg/wire/transport.go:72.2,82.47 4 1
github.com/actual-software/mcp-bridge/services/gateway/pkg/wire/transport.go:82.47,84.3 1 0
github.com/actual-software/mcp-bridge/services/gateway/pkg/wire/transport.go:86.2,86.41 1 1
github.com/actual-software/mcp-bridge/services/gateway/pkg/wire/transport.go:86.41,88.3 1 0
github.com/actual-software/mcp-bridge/services/gateway/pkg/wire/transport.go:90.2,90.12 1 1
github.com/actual-software/mcp-bridge/services/gateway/pkg/wire/transport.go:94.72,100.16 4 1
github.com/actual-software/mcp-bridge/services/gateway/pkg/wire/transport.go:100.16,102.3 1 1
github.com/actual-software/mcp-bridge/services/gateway/pkg/wire/transport.go:105.2,105.27 1 1
github.com/actual-software/mcp-bridge/services/gateway/pkg/wire/transport.go:106.37,108.69 2 0
github.com/actual-software/mcp-bridge/services/gateway/pkg/wire/transport.go:108.69,110.4 1 0
github.com/actual-software/mcp-bridge/services/gateway/pkg/wire/transport.go:112.3,112.46 1 0
github.com/actual-software/mcp-bridge/services/gateway/pkg/wire/transport.go:114.29,116.61 2 0
github.com/actual-software/mcp-bridge/services/gateway/pkg/wire/transport.go:116.61,118.4 1 0
github.com/actual-software/mcp-bridge/services/gateway/pkg/wire/transport.go:120.3,120.38 1 0
github.com/actual-software/mcp-bridge/services/gateway/pkg/wire/transport.go:122.26,125.91 2 1
github.com/actual-software/mcp-bridge/services/gateway/pkg/wire/transport.go:125.91,128.4 1 0
github.com/actual-software/mcp-bridge/services/gateway/pkg/wire/transport.go:131.3,132.61 2 1
github.com/actual-software/mcp-bridge/services/gateway/pkg/wire/transport.go:132.61,134.4 1 0
github.com/actual-software/mcp-bridge/services/gateway/pkg/wire/transport.go:136.3,136.38 1 1
github.com/actual-software/mcp-bridge/services/gateway/pkg/wire/transport.go:138.27,141.91 2 1
github.com/actual-software/mcp-bridge/services/gateway/pkg/wire/transport.go:141.91,144.4 1 0
github.com/actual-software/mcp-bridge/services/gateway/pkg/wire/transport.go:147.3,148.62 2 1
github.com/actual-software/mcp-bridge/services/gateway/pkg/wire/transport.go:148.62,150.4 1 0
github.com/actual-software/mcp-bridge/services/gateway/pkg/wire/transport.go:152.3,152.39 1 1
github.com/actual-software/mcp-bridge/services/gateway/pkg/wire/transport.go:154.30,156.30 1 1
github.com/actual-software/mcp-bridge/services/gateway/pkg/wire/transport.go:156.30,158.4 1 1
github.com/actual-software/mcp-bridge/services/gateway/pkg/wire/transport.go:160.3,161.67 2 0
github.com/actual-software/mcp-bridge/services/gateway/pkg/wire/transport.go:161.67,163.4 1 0
github.com/actual-software/mcp-bridge/services/gateway/pkg/wire/transport.go:165.3,165.43 1 0
github.com/actual-software/mcp-bridge/services/gateway/pkg/wire/transport.go:167.24,169.55 1 1
github.com/actual-software/mcp-bridge/services/gateway/pkg/wire/transport.go:171.26,174.29 2 0
github.com/actual-software/mcp-bridge/services/gateway/pkg/wire/transport.go:174.29,175.66 1 0
github.com/actual-software/mcp-bridge/services/gateway/pkg/wire/transport.go:175.66,177.5 1 0
github.com/actual-software/mcp-bridge/services/gateway/pkg/wire/transport.go:180.3,180.41 1 0
github.com/actual-software/mcp-bridge/services/gateway/pkg/wire/transport.go:182.10,183.95 1 0
github.com/actual-software/mcp-bridge/services/gateway/pkg/wire/transport.go:188.52,198.47 4 1
github.com/actual-software/mcp-bridge/services/gateway/pkg/wire/transport.go:198.47,200.3 1 0
github.com/actual-software/mcp-bridge/services/gateway/pkg/wire/transport.go:202.2,202.41 1 1
github.com/actual-software/mcp-bridge/services/gateway/pkg/wire/transport.go:202.41,204.3 1 0
github.com/actual-software/mcp-bridge/services/gateway/pkg/wire/transport.go:206.2,206.12 1 1
github.com/actual-software/mcp-bridge/services/gateway/pkg/wire/transport.go:210.45,220.47 4 1
github.com/actual-software/mcp-bridge/services/gateway/pkg/wire/transport.go:220.47,222.3 1 0
github.com/actual-software/mcp-bridge/services/gateway/pkg/wire/transport.go:224.2,224.41 1 1
github.com/actual-software/mcp-bridge/services/gateway/pkg/wire/transport.go:224.41,226.3 1 0
github.com/actual-software/mcp-bridge/services/gateway/pkg/wire/transport.go:228.2,228.12 1 1
github.com/actual-software/mcp-bridge/services/gateway/pkg/wire/transport.go:232.71,235.16 2 0
github.com/actual-software/mcp-bridge/services/gateway/pkg/wire/transport.go:235.16,237.3 1 0
github.com/actual-software/mcp-bridge/services/gateway/pkg/wire/transport.go:240.2,250.47 4 0
github.com/actual-software/mcp-bridge/services/gateway/pkg/wire/transport.go:250.47,252.3 1 0
github.com/actual-software/mcp-bridge/services/gateway/pkg/wire/transport.go:254.2,254.41 1 0
github.com/actual-software/mcp-bridge/services/gateway/pkg/wire/transport.go:254.41,256.3 1 0
github.com/actual-software/mcp-bridge/services/gateway/pkg/wire/transport.go:258.2,258.12 1 0
github.com/actual-software/mcp-bridge/services/gateway/pkg/wire/transport.go:262.90,265.16 2 0
github.com/actual-software/mcp-bridge/services/gateway/pkg/wire/transport.go:265.16,267.3 1 0
github.com/actual-software/mcp-bridge/services/gateway/pkg/wire/transport.go:270.2,280.47 4 0
github.com/actual-software/mcp-bridge/services/gateway/pkg/wire/transport.go:280.47,282.3 1 0
github.com/actual-software/mcp-bridge/services/gateway/pkg/wire/transport.go:284.2,284.41 1 0
github.com/actual-software/mcp-bridge/services/gateway/pkg/wire/transport.go:284.41,286.3 1 0
github.com/actual-software/mcp-bridge/services/gateway/pkg/wire/transport.go:288.2,288.12 1 0
github.com/actual-software/mcp-bridge/services/gateway/pkg/wire/transport.go:292.66,295.16 2 0
github.com/actual-software/mcp-bridge/services/gateway/pkg/wire/transport.go:295.16,297.3 1 0
github.com/actual-software/mcp-bridge/services/gateway/pkg/wire/transport.go:300.2,310.47 4 0
github.com/actual-software/mcp-bridge/services/gateway/pkg/wire/transport.go:310.47,312.3 1 0
github.com/actual-software/mcp-bridge/services/gateway/pkg/wire/transport.go:314.2,314.41 1 0
github.com/actual-software/mcp-bridge/services/gateway/pkg/wire/transport.go:314.41,316.3 1 0
github.com/actual-software/mcp-bridge/services/gateway/pkg/wire/transport.go:318.2,318.12 1 0
github.com/actual-software/mcp-bridge/services/gateway/pkg/wire/transport.go:322.35,324.2 1 1
github.com/actual-software/mcp-bridge/services/gateway/pkg/wire/transport.go:327.63,329.2 1 0
github.com/actual-software/mcp-bridge/services/gateway/pkg/wire/transport.go:332.59,334.2 1 0
github.com/actual-software/mcp-bridge/services/gateway/pkg/wire/transport.go:337.63,339.2 1 1
github.com/actual-software/mcp-bridge/services/gateway/pkg/wire/transport.go:342.64,344.2 1 0
github.com/actual-software/mcp-bridge/services/gateway/pkg/wire/transport.go:347.43,349.2 1 1
github.com/actual-software/mcp-bridge/services/gateway/pkg/wire/transport.go:352.42,354.2 1 1
github.com/actual-software/mcp-bridge/services/gateway/pkg/wire/transport.go:357.43,359.2 1 0
github.com/actual-software/mcp-bridge/services/gateway/pkg/wire/transport.go:362.35,367.2 3 0
github.com/actual-software/mcp-bridge/services/gateway/internal/auth/message_auth.go:34.109,47.22 3 1
github.com/actual-software/mcp-bridge/services/gateway/internal/auth/message_auth.go:47.22,49.3 1 1
github.com/actual-software/mcp-bridge/services/gateway/internal/auth/message_auth.go:51.2,51.11 1 1
github.com/actual-software/mcp-bridge/services/gateway/internal/auth/message_auth.go:55.104,56.17 1 1
github.com/actual-software/mcp-bridge/services/gateway/internal/auth/message_auth.go:56.17,58.3 1 1
github.com/actual-software/mcp-bridge/services/gateway/internal/auth/message_auth.go:61.2,61.24 1 1
github.com/actual-software/mcp-bridge/services/gateway/internal/auth/message_auth.go:61.24,62.54 1 1
github.com/actual-software/mcp-bridge/services/gateway/internal/auth/message_auth.go:62.54,64.4 1 1
github.com/actual-software/mcp-bridge/services/gateway/internal/auth/message_auth.go:68.2,69.16 2 1
github.com/actual-software/mcp-bridge/services/gateway/internal/auth/message_auth.go:69.16,71.3 1 1
github.com/actual-software/mcp-bridge/services/gateway/internal/auth/message_auth.go:74.2,74.68 1 1
github.com/actual-software/mcp-bridge/services/gateway/internal/auth/message_auth.go:74.68,76.3 1 1
github.com/actual-software/mcp-bridge/services/gateway/internal/auth/message_auth.go:79.2,79.76 1 1
github.com/actual-software/mcp-bridge/services/gateway/internal/auth/message_auth.go:79.76,81.3 1 1
github.com/actual-software/mcp-bridge/services/gateway/internal/auth/message_auth.go:84.2,84.24 1 1
github.com/actual-software/mcp-bridge/services/gateway/internal/auth/message_auth.go:84.24,86.3 1 1
github.com/actual-software/mcp-bridge/services/gateway/internal/auth/message_auth.go:88.2,88.12 1 1
github.com/actual-software/mcp-bridge/services/gateway/internal/auth/message_auth.go:92.68,96.46 3 1
github.com/actual-software/mcp-bridge/services/gateway/internal/auth/message_auth.go:96.46,97.40 1 1
github.com/actual-software/mcp-bridge/services/gateway/internal/auth/message_auth.go:97.40,99.4 1 1
github.com/actual-software/mcp-bridge/services/gateway/internal/auth/message_auth.go:102.2,102.12 1 1
github.com/actual-software/mcp-bridge/services/gateway/internal/auth/message_auth.go:106.74,112.67 4 1
github.com/actual-software/mcp-bridge/services/gateway/internal/auth/message_auth.go:112.67,114.3 1 0
github.com/actual-software/mcp-bridge/services/gateway/internal/auth/message_auth.go:116.2,119.3 1 1
github.com/actual-software/mcp-bridge/services/gateway/internal/auth/message_auth.go:123.48,127.21 3 1
github.com/actual-software/mcp-bridge/services/gateway/internal/auth/message_auth.go:127.21,131.46 3 0
github.com/actual-software/mcp-bridge/services/gateway/internal/auth/message_auth.go:131.46,132.35 1 0
github.com/actual-software/mcp-bridge/services/gateway/internal/auth/message_auth.go:132.35,134.5 1 0
github.com/actual-software/mcp-bridge/services/gateway/internal/auth/message_auth.go:136.3,136.23 1 0
github.com/actual-software/mcp-bridge/services/gateway/internal/auth/message_auth.go:141.100,153.2 3 1
github.com/actual-software/mcp-bridge/services/gateway/internal/auth/oauth2.go:51.94,54.31 2 1
github.com/actual-software/mcp-bridge/services/gateway/internal/auth/oauth2.go:54.31,56.25 2 1
github.com/actual-software/mcp-bridge/services/gateway/internal/auth/oauth2.go:56.25,58.4 1 1
github.com/actual-software/mcp-bridge/services/gateway/internal/auth/oauth2.go:61.2,74.15 3 1
github.com/actual-software/mcp-bridge/services/gateway/internal/auth/oauth2.go:78.73,81.22 2 1
github.com/actual-software/mcp-bridge/services/gateway/internal/auth/oauth2.go:81.22,83.3 1 1
github.com/actual-software/mcp-bridge/services/gateway/internal/auth/oauth2.go:86.2,87.45 2 1
github.com/actual-software/mcp-bridge/services/gateway/internal/auth/oauth2.go:87.45,89.3 1 1
github.com/actual-software/mcp-bridge/services/gateway/internal/auth/oauth2.go:91.2,93.37 2 1
github.com/actual-software/mcp-bridge/services/gateway/internal/auth/oauth2.go:97.77,99.61 1 1
github.com/actual-software/mcp-bridge/services/gateway/internal/auth/oauth2.go:99.61,101.3 1 1
github.com/actual-software/mcp-bridge/services/gateway/internal/auth/oauth2.go:104.2,104.33 1 1
github.com/actual-software/mcp-bridge/services/gateway/internal/auth/oauth2.go:104.33,105.60 1 1
github.com/actual-software/mcp-bridge/services/gateway/internal/auth/oauth2.go:105.60,109.4 2 0
github.com/actual-software/mcp-bridge/services/gateway/internal/auth/oauth2.go:113.2,114.16 2 1
github.com/actual-software/mcp-bridge/services/gateway/internal/auth/oauth2.go:114.16,116.3 1 1
github.com/actual-software/mcp-bridge/services/gateway/internal/auth/oauth2.go:118.2,118.27 1 1
github.com/actual-software/mcp-bridge/services/gateway/internal/auth/oauth2.go:118.27,120.3 1 1
github.com/actual-software/mcp-bridge/services/gateway/internal/auth/oauth2.go:123.2,128.20 3 1
github.com/actual-software/mcp-bridge/services/gateway/internal/auth/oauth2.go:131.88,138.16 5 1
github.com/actual-software/mcp-bridge/services/gateway/internal/auth/oauth2.go:138.16,140.3 1 0
github.com/actual-software/mcp-bridge/services/gateway/internal/auth/oauth2.go:142.2,147.16 4 1
github.com/actual-software/mcp-bridge/services/gateway/internal/auth/oauth2.go:147.16,149.3 1 1
github.com/actual-software/mcp-bridge/services/gateway/internal/auth/oauth2.go:151.2,151.15 1 1
github.com/actual-software/mcp-bridge/services/gateway/internal/auth/oauth2.go:151.15,152.43 1 1
github.com/actual-software/mcp-bridge/services/gateway/internal/auth/oauth2.go:152.43,155.4 1 0
github.com/actual-software/mcp-bridge/services/gateway/internal/auth/oauth2.go:158.2,158.38 1 1
github.com/actual-software/mcp-bridge/services/gateway/internal/auth/oauth2.go:158.38,160.3 1 1
github.com/actual-software/mcp-bridge/services/gateway/internal/auth/oauth2.go:163.2,164.74 2 1
github.com/actual-software/mcp-bridge/services/gateway/internal/auth/oauth2.go:164.74,166.3 1 1
github.com/actual-software/mcp-bridge/services/gateway/internal/auth/oauth2.go:168.2,168.28 1 1
github.com/actual-software/mcp-bridge/services/gateway/internal/auth/oauth2.go:171.65,175.2 1 1
github.com/actual-software/mcp-bridge/services/gateway/internal/auth/oauth2.go:177.94,198.32 3 1
github.com/actual-software/mcp-bridge/services/gateway/internal/auth/oauth2.go:198.32,200.3 1 1
github.com/actual-software/mcp-bridge/services/gateway/internal/auth/oauth2.go:203.2,203.31 1 1
github.com/actual-software/mcp-bridge/services/gateway/internal/auth/oauth2.go:203.31,204.46 1 1
github.com/actual-software/mcp-bridge/services/gateway/internal/auth/oauth2.go:204.46,207.23 2 1
github.com/actual-software/mcp-bridge/services/gateway/internal/auth/oauth2.go:207.23,209.63 2 1
github.com/actual-software/mcp-bridge/services/gateway/internal/auth/oauth2.go:209.63,211.6 1 1
github.com/actual-software/mcp-bridge/services/gateway/internal/auth/oauth2.go:213.5,213.65 1 1
github.com/actual-software/mcp-bridge/services/gateway/internal/auth/oauth2.go:213.65,215.6 1 1
github.com/actual-software/mcp-bridge/services/gateway/internal/auth/oauth2.go:220.2,220.15 1 1
github.com/actual-software/mcp-bridge/services/gateway/internal/auth/oauth2.go:223.64,228.13 4 1
github.com/actual-software/mcp-bridge/services/gateway/internal/auth/oauth2.go:228.13,230.3 1 1
github.com/actual-software/mcp-bridge/services/gateway/internal/auth/oauth2.go:233.2,233.40 1 1
github.com/actual-software/mcp-bridge/services/gateway/internal/auth/oauth2.go:233.40,235.3 1 1
github.com/actual-software/mcp-bridge/services/gateway/internal/auth/oauth2.go:237.2,237.22 1 1
github.com/actual-software/mcp-bridge/services/gateway/internal/auth/oauth2.go:240.75,246.72 4 1
github.com/actual-software/mcp-bridge/services/gateway/internal/auth/oauth2.go:246.72,248.3 1 1
github.com/actual-software/mcp-bridge/services/gateway/internal/auth/oauth2.go:250.2,253.3 1 1
github.com/actual-software/mcp-bridge/services/gateway/internal/auth/oauth2.go:256.41,260.21 3 1
github.com/actual-software/mcp-bridge/services/gateway/internal/auth/oauth2.go:260.21,264.38 3 0
github.com/actual-software/mcp-bridge/services/gateway/internal/auth/oauth2.go:264.38,265.35 1 0
github.com/actual-software/mcp-bridge/services/gateway/internal/auth/oauth2.go:265.35,267.5 1 0
github.com/actual-software/mcp-bridge/services/gateway/internal/auth/oauth2.go:269.3,269.24 1 0
github.com/actual-software/mcp-bridge/services/gateway/internal/auth/provider.go:45.79,46.22 1 1
github.com/actual-software/mcp-bridge/services/gateway/internal/auth/provider.go:47.13,48.41 1 1
github.com/actual-software/mcp-bridge/services/gateway/internal/auth/provider.go:49.16,50.47 1 0
github.com/actual-software/mcp-bridge/services/gateway/internal/auth/provider.go:51.10,52.72 1 1
github.com/actual-software/mcp-bridge/services/gateway/internal/auth/provider.go:56.85,63.28 2 1
github.com/actual-software/mcp-bridge/services/gateway/internal/auth/provider.go:63.28,65.22 2 1
github.com/actual-software/mcp-bridge/services/gateway/internal/auth/provider.go:65.22,67.4 1 1
github.com/actual-software/mcp-bridge/services/gateway/internal/auth/provider.go:69.3,69.34 1 1
github.com/actual-software/mcp-bridge/services/gateway/internal/auth/provider.go:73.2,73.29 1 1
github.com/actual-software/mcp-bridge/services/gateway/internal/auth/provider.go:73.29,75.17 2 0
github.com/actual-software/mcp-bridge/services/gateway/internal/auth/provider.go:75.17,77.4 1 0
github.com/actual-software/mcp-bridge/services/gateway/internal/auth/provider.go:79.3,80.17 2 0
github.com/actual-software/mcp-bridge/services/gateway/internal/auth/provider.go:80.17,82.4 1 0
github.com/actual-software/mcp-bridge/services/gateway/internal/auth/provider.go:84.3,84.26 1 0
github.com/actual-software/mcp-bridge/services/gateway/internal/auth/provider.go:87.2,87.15 1 1
github.com/actual-software/mcp-bridge/services/gateway/internal/auth/provider.go:91.70,94.22 2 1
github.com/actual-software/mcp-bridge/services/gateway/internal/auth/provider.go:94.22,96.3 1 1
github.com/actual-software/mcp-bridge/services/gateway/internal/auth/provider.go:99.2,100.45 2 1
github.com/actual-software/mcp-bridge/services/gateway/internal/auth/provider.go:100.45,102.3 1 1
github.com/actual-software/mcp-bridge/services/gateway/internal/auth/provider.go:104.2,106.37 2 1
github.com/actual-software/mcp-bridge/services/gateway/internal/auth/provider.go:110.74,112.104 1 1
github.com/actual-software/mcp-bridge/services/gateway/internal/auth/provider.go:112.104,114.30 1 1
github.com/actual-software/mcp-bridge/services/gateway/internal/auth/provider.go:115.31,116.26 1 1
github.com/actual-software/mcp-bridge/services/gateway/internal/auth/provider.go:116.26,118.5 1 0
github.com/actual-software/mcp-bridge/services/gateway/internal/auth/provider.go:120.4,120.27 1 1
github.com/actual-software/mcp-bridge/services/gateway/internal/auth/provider.go:121.30,122.26 1 1
github.com/actual-software/mcp-bridge/services/gateway/internal/auth/provider.go:122.26,124.5 1 0
github.com/actual-software/mcp-bridge/services/gateway/internal/auth/provider.go:126.4,126.27 1 1
github.com/actual-software/mcp-bridge/services/gateway/internal/auth/provider.go:127.11,128.80 1 0
github.com/actual-software/mcp-bridge/services/gateway/internal/auth/provider.go:131.2,131.16 1 1
github.com/actual-software/mcp-bridge/services/gateway/internal/auth/provider.go:131.16,133.3 1 1
github.com/actual-software/mcp-bridge/services/gateway/internal/auth/provider.go:135.2,135.18 1 1
github.com/actual-software/mcp-bridge/services/gateway/internal/auth/provider.go:135.18,137.3 1 0
github.com/actual-software/mcp-bridge/services/gateway/internal/auth/provider.go:139.2,140.9 2 1
github.com/actual-software/mcp-bridge/services/gateway/internal/auth/provider.go:140.9,142.3 1 0
github.com/actual-software/mcp-bridge/services/gateway/internal/auth/provider.go:145.2,148.65 2 1
github.com/actual-software/mcp-bridge/services/gateway/internal/auth/provider.go:148.65,150.3 1 0
github.com/actual-software/mcp-bridge/services/gateway/internal/auth/provider.go:153.2,153.66 1 1
github.com/actual-software/mcp-bridge/services/gateway/internal/auth/provider.go:153.66,155.3 1 0
github.com/actual-software/mcp-bridge/services/gateway/internal/auth/provider.go:158.2,158.63 1 1
github.com/actual-software/mcp-bridge/services/gateway/internal/auth/provider.go:158.63,160.3 1 1
github.com/actual-software/mcp-bridge/services/gateway/internal/auth/provider.go:163.2,163.29 1 1
github.com/actual-software/mcp-bridge/services/gateway/internal/auth/provider.go:163.29,166.39 2 1
github.com/actual-software/mcp-bridge/services/gateway/internal/auth/provider.go:166.39,167.32 1 1
github.com/actual-software/mcp-bridge/services/gateway/internal/auth/provider.go:167.32,170.10 2 1
github.com/actual-software/mcp-bridge/services/gateway/internal/auth/provider.go:174.3,174.21 1 1
github.com/actual-software/mcp-bridge/services/gateway/internal/auth/provider.go:174.21,176.4 1 1
github.com/actual-software/mcp-bridge/services/gateway/internal/auth/provider.go:180.2,180.45 1 1
github.com/actual-software/mcp-bridge/services/gateway/internal/auth/provider.go:180.45,183.3 2 1
github.com/actual-software/mcp-bridge/services/gateway/internal/auth/provider.go:185.2,191.20 2 1
github.com/actual-software/mcp-bridge/services/gateway/internal/auth/provider.go:195.46,196.29 1 1
github.com/actual-software/mcp-bridge/services/gateway/internal/auth/provider.go:196.29,197.17 1 1
github.com/actual-software/mcp-bridge/services/gateway/internal/auth/provider.go:197.17,199.4 1 1
github.com/actual-software/mcp-bridge/services/gateway/internal/auth/provider.go:202.2,202.14 1 1
github.com/actual-software/mcp-bridge/services/gateway/internal/auth/provider.go:206.60,208.25 1 1
github.com/actual-software/mcp-bridge/services/gateway/internal/auth/provider.go:208.25,210.3 1 1
github.com/actual-software/mcp-bridge/services/gateway/internal/auth/provider.go:213.2,214.23 2 1
github.com/actual-software/mcp-bridge/services/gateway/internal/auth/provider.go:214.23,216.3 1 1
github.com/actual-software/mcp-bridge/services/gateway/internal/auth/provider.go:219.2,221.30 2 1
github.com/actual-software/mcp-bridge/services/gateway/internal/backends/factory.go:19.59,29.2 2 1
github.com/actual-software/mcp-bridge/services/gateway/internal/backends/factory.go:35.63,45.2 2 1
github.com/actual-software/mcp-bridge/services/gateway/internal/backends/factory.go:51.57,61.2 2 1
github.com/actual-software/mcp-bridge/services/gateway/internal/backends/factory.go:69.60,73.2 1 1
github.com/actual-software/mcp-bridge/services/gateway/internal/backends/factory.go:76.79,77.25 1 1
github.com/actual-software/mcp-bridge/services/gateway/internal/backends/factory.go:78.15,79.38 1 1
github.com/actual-software/mcp-bridge/services/gateway/internal/backends/factory.go:80.32,81.42 1 1
github.com/actual-software/mcp-bridge/services/gateway/internal/backends/factory.go:82.35,83.36 1 1
github.com/actual-software/mcp-bridge/services/gateway/internal/backends/factory.go:84.10,85.78 1 1
github.com/actual-software/mcp-bridge/services/gateway/internal/backends/factory.go:90.56,92.2 1 1
github.com/actual-software/mcp-bridge/services/gateway/internal/backends/factory.go:95.84,99.65 2 1
github.com/actual-software/mcp-bridge/services/gateway/internal/backends/factory.go:99.65,101.31 2 1
github.com/actual-software/mcp-bridge/services/gateway/internal/backends/factory.go:101.31,102.38 1 1
github.com/actual-software/mcp-bridge/services/gateway/internal/backends/factory.go:102.38,104.5 1 1
github.com/actual-software/mcp-bridge/services/gateway/internal/backends/factory.go:104.10,106.5 1 1
github.com/actual-software/mcp-bridge/services/gateway/internal/backends/factory.go:110.2,110.65 1 1
github.com/actual-software/mcp-bridge/services/gateway/internal/backends/factory.go:110.65,112.3 1 1
github.com/actual-software/mcp-bridge/services/gateway/internal/backends/factory.go:114.2,114.66 1 1
github.com/actual-software/mcp-bridge/services/gateway/internal/backends/factory.go:114.66,116.25 2 1
github.com/actual-software/mcp-bridge/services/gateway/internal/backends/factory.go:116.25,117.34 1 1
github.com/actual-software/mcp-bridge/services/gateway/internal/backends/factory.go:117.34,119.5 1 1
github.com/actual-software/mcp-bridge/services/gateway/internal/backends/factory.go:123.2,123.58 1 1
github.com/actual-software/mcp-bridge/services/gateway/internal/backends/factory.go:123.58,124.56 1 1
github.com/actual-software/mcp-bridge/services/gateway/internal/backends/factory.go:124.56,126.4 1 1
github.com/actual-software/mcp-bridge/services/gateway/internal/backends/factory.go:130.2,130.83 1 1
github.com/actual-software/mcp-bridge/services/gateway/internal/backends/factory.go:130.83,131.55 1 1
github.com/actual-software/mcp-bridge/services/gateway/internal/backends/factory.go:131.55,133.4 1 1
github.com/actual-software/mcp-bridge/services/gateway/internal/backends/factory.go:134.3,134.59 1 1
github.com/actual-software/mcp-bridge/services/gateway/internal/backends/factory.go:134.59,135.58 1 1
github.com/actual-software/mcp-bridge/services/gateway/internal/backends/factory.go:135.58,137.5 1 1
github.com/actual-software/mcp-bridge/services/gateway/internal/backends/factory.go:139.3,139.57 1 1
github.com/actual-software/mcp-bridge/services/gateway/internal/backends/factory.go:139.57,140.57 1 1
github.com/actual-software/mcp-bridge/services/gateway/internal/backends/factory.go:140.57,142.5 1 1
github.com/actual-software/mcp-bridge/services/gateway/internal/backends/factory.go:147.2,147.74 1 1
github.com/actual-software/mcp-bridge/services/gateway/internal/backends/factory.go:147.74,148.59 1 1
github.com/actual-software/mcp-bridge/services/gateway/internal/backends/factory.go:148.59,150.4 1 1
github.com/actual-software/mcp-bridge/services/gateway/internal/backends/factory.go:151.3,151.64 1 1
github.com/actual-software/mcp-bridge/services/gateway/internal/backends/factory.go:151.64,152.62 1 1
github.com/actual-software/mcp-bridge/services/gateway/internal/backends/factory.go:152.62,154.5 1 1
github.com/actual-software/mcp-bridge/services/gateway/internal/backends/factory.go:158.2,158.88 1 1
github.com/actual-software/mcp-bridge/services/gateway/internal/backends/factory.go:162.88,166.69 2 1
github.com/actual-software/mcp-bridge/services/gateway/internal/backends/factory.go:166.69,168.38 2 1
github.com/actual-software/mcp-bridge/services/gateway/internal/backends/factory.go:168.38,169.48 1 1
github.com/actual-software/mcp-bridge/services/gateway/internal/backends/factory.go:169.48,171.5 1 1
github.com/actual-software/mcp-bridge/services/gateway/internal/backends/factory.go:171.10,173.5 1 1
github.com/actual-software/mcp-bridge/services/gateway/internal/backends/factory.go:177.2,177.74 1 1
github.com/actual-software/mcp-bridge/services/gateway/internal/backends/factory.go:177.74,179.29 2 1
github.com/actual-software/mcp-bridge/services/gateway/internal/backends/factory.go:179.29,180.34 1 1
github.com/actual-software/mcp-bridge/services/gateway/internal/backends/factory.go:180.34,182.5 1 1
github.com/actual-software/mcp-bridge/services/gateway/internal/backends/factory.go:186.2,186.56 1 1
github.com/actual-software/mcp-bridge/services/gateway/internal/backends/factory.go:186.56,188.3 1 1
github.com/actual-software/mcp-bridge/services/gateway/internal/backends/factory.go:190.2,190.58 1 1
github.com/actual-software/mcp-bridge/services/gateway/internal/backends/factory.go:190.58,191.56 1 1
github.com/actual-software/mcp-bridge/services/gateway/internal/backends/factory.go:191.56,193.4 1 1
github.com/actual-software/mcp-bridge/services/gateway/internal/backends/factory.go:196.2,196.77 1 1
github.com/actual-software/mcp-bridge/services/gateway/internal/backends/factory.go:196.77,197.65 1 1
github.com/actual-software/mcp-bridge/services/gateway/internal/backends/factory.go:197.65,199.4 1 1
github.com/actual-software/mcp-bridge/services/gateway/internal/backends/factory.go:203.2,203.89 1 1
github.com/actual-software/mcp-bridge/services/gateway/internal/backends/factory.go:203.89,204.58 1 1
github.com/actual-software/mcp-bridge/services/gateway/internal/backends/factory.go:204.58,206.4 1 1
github.com/actual-software/mcp-bridge/services/gateway/internal/backends/factory.go:207.3,207.58 1 1
github.com/actual-software/mcp-bridge/services/gateway/internal/backends/factory.go:207.58,209.4 1 1
github.com/actual-software/mcp-bridge/services/gateway/internal/backends/factory.go:210.3,210.61 1 1
github.com/actual-software/mcp-bridge/services/gateway/internal/backends/factory.go:210.61,211.57 1 1
github.com/actual-software/mcp-bridge/services/gateway/internal/backends/factory.go:211.57,213.5 1 1
github.com/actual-software/mcp-bridge/services/gateway/internal/backends/factory.go:215.3,215.69 1 1
github.com/actual-software/mcp-bridge/services/gateway/internal/backends/factory.go:215.69,216.61 1 1
github.com/actual-software/mcp-bridge/services/gateway/internal/backends/factory.go:216.61,218.5 1 1
github.com/actual-software/mcp-bridge/services/gateway/internal/backends/factory.go:223.2,223.83 1 1
github.com/actual-software/mcp-bridge/services/gateway/internal/backends/factory.go:223.83,224.55 1 1
github.com/actual-software/mcp-bridge/services/gateway/internal/backends/factory.go:224.55,226.4 1 1
github.com/actual-software/mcp-bridge/services/gateway/internal/backends/factory.go:227.3,227.59 1 1
github.com/actual-software/mcp-bridge/services/gateway/internal/backends/factory.go:227.59,228.58 1 1
github.com/actual-software/mcp-bridge/services/gateway/internal/backends/factory.go:228.58,230.5 1 1
github.com/actual-software/mcp-bridge/services/gateway/internal/backends/factory.go:232.3,232.57 1 1
github.com/actual-software/mcp-bridge/services/gateway/internal/backends/factory.go:232.57,233.57 1 1
github.com/actual-software/mcp-bridge/services/gateway/internal/backends/factory.go:233.57,235.5 1 1
github.com/actual-software/mcp-bridge/services/gateway/internal/backends/factory.go:239.2,239.93 1 1
github.com/actual-software/mcp-bridge/services/gateway/internal/backends/factory.go:243.82,247.59 2 1
github.com/actual-software/mcp-bridge/services/gateway/internal/backends/factory.go:247.59,249.3 1 1
github.com/actual-software/mcp-bridge/services/gateway/internal/backends/factory.go:251.2,251.73 1 1
github.com/actual-software/mcp-bridge/services/gateway/internal/backends/factory.go:251.73,253.3 1 1
github.com/actual-software/mcp-bridge/services/gateway/internal/backends/factory.go:255.2,255.75 1 1
github.com/actual-software/mcp-bridge/services/gateway/internal/backends/factory.go:255.75,257.3 1 1
github.com/actual-software/mcp-bridge/services/gateway/internal/backends/factory.go:259.2,259.74 1 1
github.com/actual-software/mcp-bridge/services/gateway/internal/backends/factory.go:259.74,261.29 2 1
github.com/actual-software/mcp-bridge/services/gateway/internal/backends/factory.go:261.29,262.34 1 1
github.com/actual-software/mcp-bridge/services/gateway/internal/backends/factory.go:262.34,264.5 1 1
github.com/actual-software/mcp-bridge/services/gateway/internal/backends/factory.go:268.2,268.58 1 1
github.com/actual-software/mcp-bridge/services/gateway/internal/backends/factory.go:268.58,269.56 1 1
github.com/actual-software/mcp-bridge/services/gateway/internal/backends/factory.go:269.56,271.4 1 1
github.com/actual-software/mcp-bridge/services/gateway/internal/backends/factory.go:274.2,274.73 1 1
github.com/actual-software/mcp-bridge/services/gateway/internal/backends/factory.go:274.73,275.63 1 1
github.com/actual-software/mcp-bridge/services/gateway/internal/backends/factory.go:275.63,277.4 1 1
github.com/actual-software/mcp-bridge/services/gateway/internal/backends/factory.go:280.2,280.68 1 1
github.com/actual-software/mcp-bridge/services/gateway/internal/backends/factory.go:280.68,282.3 1 1
github.com/actual-software/mcp-bridge/services/gateway/internal/backends/factory.go:285.2,285.83 1 1
github.com/actual-software/mcp-bridge/services/gateway/internal/backends/factory.go:285.83,286.55 1 1
github.com/actual-software/mcp-bridge/services/gateway/internal/backends/factory.go:286.55,288.4 1 1
github.com/actual-software/mcp-bridge/services/gateway/internal/backends/factory.go:289.3,289.59 1 1
github.com/actual-software/mcp-bridge/services/gateway/internal/backends/factory.go:289.59,290.58 1 1
github.com/actual-software/mcp-bridge/services/gateway/internal/backends/factory.go:290.58,292.5 1 1
github.com/actual-software/mcp-bridge/services/gateway/internal/backends/factory.go:294.3,294.57 1 1
github.com/actual-software/mcp-bridge/services/gateway/internal/backends/factory.go:294.57,295.57 1 1
github.com/actual-software/mcp-bridge/services/gateway/internal/backends/factory.go:295.57,297.5 1 1
github.com/actual-software/mcp-bridge/services/gateway/internal/backends/factory.go:301.2,301.82 1 1
github.com/actual-software/mcp-bridge/services/gateway/pkg/protocol/converter.go:89.75,90.35 1 1
github.com/actual-software/mcp-bridge/services/gateway/pkg/protocol/converter.go:90.35,92.3 1 1
github.com/actual-software/mcp-bridge/services/gateway/pkg/protocol/converter.go:93.2,93.34 1 1
github.com/actual-software/mcp-bridge/services/gateway/pkg/protocol/converter.go:93.34,95.3 1 1
github.com/actual-software/mcp-bridge/services/gateway/pkg/protocol/converter.go:96.2,96.33 1 1
github.com/actual-software/mcp-bridge/services/gateway/pkg/protocol/converter.go:96.33,98.3 1 1
github.com/actual-software/mcp-bridge/services/gateway/pkg/protocol/converter.go:100.2,110.18 2 1
github.com/actual-software/mcp-bridge/services/gateway/pkg/protocol/converter.go:114.121,121.90 3 1
github.com/actual-software/mcp-bridge/services/gateway/pkg/protocol/converter.go:121.90,123.3 1 1
github.com/actual-software/mcp-bridge/services/gateway/pkg/protocol/converter.go:126.2,127.16 2 1
github.com/actual-software/mcp-bridge/services/gateway/pkg/protocol/converter.go:127.16,130.3 2 0
github.com/actual-software/mcp-bridge/services/gateway/pkg/protocol/converter.go:132.2,138.23 6 1
github.com/actual-software/mcp-bridge/services/gateway/pkg/protocol/converter.go:142.93,155.37 2 1
github.com/actual-software/mcp-bridge/services/gateway/pkg/protocol/converter.go:155.37,157.3 1 1
github.com/actual-software/mcp-bridge/services/gateway/pkg/protocol/converter.go:160.2,164.9 3 1
github.com/actual-software/mcp-bridge/services/gateway/pkg/protocol/converter.go:165.68,166.47 1 1
github.com/actual-software/mcp-bridge/services/gateway/pkg/protocol/converter.go:167.67,168.46 1 1
github.com/actual-software/mcp-bridge/services/gateway/pkg/protocol/converter.go:169.61,170.40 1 1
github.com/actual-software/mcp-bridge/services/gateway/pkg/protocol/converter.go:171.62,172.41 1 1
github.com/actual-software/mcp-bridge/services/gateway/pkg/protocol/converter.go:173.10,177.37 1 1
github.com/actual-software/mcp-bridge/services/gateway/pkg/protocol/converter.go:180.2,180.24 1 1
github.com/actual-software/mcp-bridge/services/gateway/pkg/protocol/converter.go:184.81,190.22 3 1
github.com/actual-software/mcp-bridge/services/gateway/pkg/protocol/converter.go:190.22,192.3 1 0
github.com/actual-software/mcp-bridge/services/gateway/pkg/protocol/converter.go:194.2,194.21 1 1
github.com/actual-software/mcp-bridge/services/gateway/pkg/protocol/converter.go:197.80,203.26 3 1
github.com/actual-software/mcp-bridge/services/gateway/pkg/protocol/converter.go:203.26,205.3 1 1
github.com/actual-software/mcp-bridge/services/gateway/pkg/protocol/converter.go:207.2,207.21 1 1
github.com/actual-software/mcp-bridge/services/gateway/pkg/protocol/converter.go:210.74,216.51 3 1
github.com/actual-software/mcp-bridge/services/gateway/pkg/protocol/converter.go:216.51,218.3 1 0
github.com/actual-software/mcp-bridge/services/gateway/pkg/protocol/converter.go:220.2,220.21 1 1
github.com/actual-software/mcp-bridge/services/gateway/pkg/protocol/converter.go:223.75,233.2 5 1
github.com/actual-software/mcp-bridge/services/gateway/pkg/protocol/converter.go:236.124,241.13 4 1
github.com/actual-software/mcp-bridge/services/gateway/pkg/protocol/converter.go:241.13,244.3 2 1
github.com/actual-software/mcp-bridge/services/gateway/pkg/protocol/converter.go:245.2,247.41 2 1
github.com/actual-software/mcp-bridge/services/gateway/pkg/protocol/converter.go:251.81,269.2 5 1
github.com/actual-software/mcp-bridge/services/gateway/pkg/protocol/converter.go:272.93,280.46 4 1
github.com/actual-software/mcp-bridge/services/gateway/pkg/protocol/converter.go:280.46,282.10 1 1
github.com/actual-software/mcp-bridge/services/gateway/pkg/protocol/converter.go:283.32,283.32 0 1
github.com/actual-software/mcp-bridge/services/gateway/pkg/protocol/converter.go:284.11,284.11 0 1
github.com/actual-software/mcp-bridge/services/gateway/pkg/protocol/converter.go:287.8,287.33 1 1
github.com/actual-software/mcp-bridge/services/gateway/pkg/protocol/converter.go:287.33,289.57 1 1
github.com/actual-software/mcp-bridge/services/gateway/pkg/protocol/converter.go:289.57,290.11 1 1
github.com/actual-software/mcp-bridge/services/gateway/pkg/protocol/converter.go:291.33,291.33 0 1
github.com/actual-software/mcp-bridge/services/gateway/pkg/protocol/converter.go:292.12,292.12 0 0
github.com/actual-software/mcp-bridge/services/gateway/pkg/protocol/converter.go:298.2,299.29 2 1
github.com/actual-software/mcp-bridge/services/gateway/pkg/protocol/converter.go:299.29,301.3 1 1
github.com/actual-software/mcp-bridge/services/gateway/pkg/protocol/converter.go:302.2,305.22 3 1
github.com/actual-software/mcp-bridge/services/gateway/pkg/protocol/converter.go:309.43,312.6 2 1
github.com/actual-software/mcp-bridge/services/gateway/pkg/protocol/converter.go:312.6,313.10 1 1
github.com/actual-software/mcp-bridge/services/gateway/pkg/protocol/converter.go:314.23,317.10 2 1
github.com/actual-software/mcp-bridge/services/gateway/pkg/protocol/converter.go:318.20,319.18 1 1
github.com/actual-software/mcp-bridge/services/gateway/pkg/protocol/converter.go:325.39,329.26 3 1
github.com/actual-software/mcp-bridge/services/gateway/pkg/protocol/converter.go:329.26,331.3 1 1
github.com/actual-software/mcp-bridge/services/gateway/pkg/protocol/converter.go:334.2,334.20 1 1
github.com/actual-software/mcp-bridge/services/gateway/pkg/protocol/converter.go:334.20,337.3 2 1
github.com/actual-software/mcp-bridge/services/gateway/pkg/protocol/converter.go:340.2,349.9 2 1
github.com/actual-software/mcp-bridge/services/gateway/pkg/protocol/converter.go:350.22,350.22 0 1
github.com/actual-software/mcp-bridge/services/gateway/pkg/protocol/converter.go:352.10,356.98 1 1
github.com/actual-software/mcp-bridge/services/gateway/pkg/protocol/converter.go:360.2,360.29 1 1
github.com/actual-software/mcp-bridge/services/gateway/pkg/protocol/converter.go:372.79,373.21 1 1
github.com/actual-software/mcp-bridge/services/gateway/pkg/protocol/converter.go:373.21,375.3 1 1
github.com/actual-software/mcp-bridge/services/gateway/pkg/protocol/converter.go:377.2,377.30 1 1
github.com/actual-software/mcp-bridge/services/gateway/pkg/protocol/converter.go:377.30,378.56 1 1
github.com/actual-software/mcp-bridge/services/gateway/pkg/protocol/converter.go:378.56,380.4 1 1
github.com/actual-software/mcp-bridge/services/gateway/pkg/protocol/converter.go:384.2,384.25 1 1
github.com/actual-software/mcp-bridge/services/gateway/pkg/protocol/converter.go:385.19,386.21 1 1
github.com/actual-software/mcp-bridge/services/gateway/pkg/protocol/converter.go:387.23,388.33 1 1
github.com/actual-software/mcp-bridge/services/gateway/pkg/protocol/converter.go:388.33,390.4 1 1
github.com/actual-software/mcp-bridge/services/gateway/pkg/protocol/converter.go:391.3,391.16 1 1
github.com/actual-software/mcp-bridge/services/gateway/pkg/protocol/converter.go:392.10,393.16 1 0
github.com/actual-software/mcp-bridge/services/gateway/pkg/protocol/converter.go:397.82,407.2 2 1
github.com/actual-software/mcp-bridge/services/gateway/pkg/protocol/converter.go:409.72,411.2 1 1
github.com/actual-software/mcp-bridge/services/gateway/pkg/protocol/converter.go:413.55,415.2 1 1
github.com/actual-software/mcp-bridge/services/gateway/pkg/protocol/converter.go:417.61,423.19 4 1
github.com/actual-software/mcp-bridge/services/gateway/pkg/protocol/converter.go:424.12,425.21 1 1
github.com/actual-software/mcp-bridge/services/gateway/pkg/protocol/converter.go:426.13,427.22 1 1
github.com/actual-software/mcp-bridge/services/gateway/pkg/protocol/converter.go:428.15,429.22 1 0
github.com/actual-software/mcp-bridge/services/gateway/pkg/protocol/converter.go:432.2,432.41 1 1
github.com/actual-software/mcp-bridge/services/gateway/pkg/protocol/converter.go:436.48,443.42 5 1
github.com/actual-software/mcp-bridge/services/gateway/pkg/protocol/converter.go:443.42,445.3 1 1
github.com/actual-software/mcp-bridge/services/gateway/pkg/protocol/converter.go:447.2,447.14 1 1
github.com/actual-software/mcp-bridge/services/gateway/pkg/protocol/converter.go:451.57,457.39 4 1
github.com/actual-software/mcp-bridge/services/gateway/pkg/protocol/converter.go:457.39,461.3 3 1
github.com/actual-software/mcp-bridge/services/gateway/pkg/protocol/converter.go:462.2,465.35 2 1
github.com/actual-software/mcp-bridge/services/gateway/pkg/protocol/converter.go:465.35,467.3 1 1
[...]
github.com/actual-software/mcp-bridge/services/gateway/internal/server/server.go:1147.38,1148.42 1 1
github.com/actual-software/mcp-bridge/services/gateway/internal/server/server.go:1149.10,1150.11 1 1
github.com/actual-software/mcp-bridge/services/gateway/internal/server/server.go:1155.83,1156.71 1 0
github.com/actual-software/mcp-bridge/services/gateway/internal/server/server.go:1156.71,1165.19 6 0
github.com/actual-software/mcp-bridge/services/gateway/internal/server/server.go:1165.19,1167.4 1 0
github.com/actual-software/mcp-bridge/services/gateway/internal/server/server.go:1170.3,1173.82 2 0
github.com/actual-software/mcp-bridge/services/gateway/internal/server/server.go:1173.82,1178.4 4 0
github.com/actual-software/mcp-bridge/services/gateway/internal/server/server.go:1181.3,1181.28 1 0
github.com/actual-software/mcp-bridge/services/gateway/internal/server/server.go:1181.28,1185.4 2 0
github.com/actual-software/mcp-bridge/services/gateway/internal/server/server.go:1188.3,1188.23 1 0
github.com/actual-software/mcp-bridge/services/gateway/internal/server/server.go:1193.61,1198.2 1 0
github.com/actual-software/mcp-bridge/services/gateway/internal/server/server.go:1201.83,1203.32 1 0
github.com/actual-software/mcp-bridge/services/gateway/internal/server/server.go:1203.32,1207.3 2 0
github.com/actual-software/mcp-bridge/services/gateway/internal/server/server.go:1210.2,1225.16 3 0
github.com/actual-software/mcp-bridge/services/gateway/internal/server/server.go:1225.16,1228.3 2 0
github.com/actual-software/mcp-bridge/services/gateway/internal/server/server.go:1232.78,1237.21 3 0
github.com/actual-software/mcp-bridge/services/gateway/internal/server/server.go:1237.21,1239.3 1 0
github.com/actual-software/mcp-bridge/services/gateway/internal/server/server.go:1241.2,1241.58 1 0
github.com/actual-software/mcp-bridge/services/gateway/internal/server/server.go:1241.58,1243.3 1 0
github.com/actual-software/mcp-bridge/services/gateway/internal/server/server.go:1247.79,1248.26 1 0
github.com/actual-software/mcp-bridge/services/gateway/internal/server/server.go:1248.26,1251.50 2 0
github.com/actual-software/mcp-bridge/services/gateway/internal/server/server.go:1251.50,1253.4 1 0
github.com/actual-software/mcp-bridge/services/gateway/internal/server/server.go:1254.8,1257.57 2 0
github.com/actual-software/mcp-bridge/services/gateway/internal/server/server.go:1257.57,1259.4 1 0
github.com/actual-software/mcp-bridge/services/gateway/internal/server/server.go:1264.77,1265.24 1 0
github.com/actual-software/mcp-bridge/services/gateway/internal/server/server.go:1265.24,1268.53 2 0
github.com/actual-software/mcp-bridge/services/gateway/internal/server/server.go:1268.53,1270.4 1 0
github.com/actual-software/mcp-bridge/services/gateway/internal/server/server.go:1271.8,1274.57 2 0
github.com/actual-software/mcp-bridge/services/gateway/internal/server/server.go:1274.57,1276.4 1 0
github.com/actual-software/mcp-bridge/services/gateway/internal/server/tcp_handler.go:42.15,52.2 1 1
github.com/actual-software/mcp-bridge/services/gateway/internal/server/tcp_handler.go:55.75,58.15 2 1
github.com/actual-software/mcp-bridge/services/gateway/internal/server/tcp_handler.go:58.15,59.43 1 1
github.com/actual-software/mcp-bridge/services/gateway/internal/server/tcp_handler.go:59.43,61.4 1 0
github.com/actual-software/mcp-bridge/services/gateway/internal/server/tcp_handler.go:64.2,77.15 8 1
github.com/actual-software/mcp-bridge/services/gateway/internal/server/tcp_handler.go:77.15,79.46 1 1
github.com/actual-software/mcp-bridge/services/gateway/internal/server/tcp_handler.go:79.46,82.4 1 0
github.com/actual-software/mcp-bridge/services/gateway/internal/server/tcp_handler.go:84.3,84.75 1 1
github.com/actual-software/mcp-bridge/services/gateway/internal/server/tcp_handler.go:87.2,93.6 5 1
github.com/actual-software/mcp-bridge/services/gateway/internal/server/tcp_handler.go:93.6,94.10 1 1
github.com/actual-software/mcp-bridge/services/gateway/internal/server/tcp_handler.go:95.25,98.10 2 1
github.com/actual-software/mcp-bridge/services/gateway/internal/server/tcp_handler.go:99.11,99.11 0 1
github.com/actual-software/mcp-bridge/services/gateway/internal/server/tcp_handler.go:103.3,103.80 1 1
github.com/actual-software/mcp-bridge/services/gateway/internal/server/tcp_handler.go:103.80,105.4 1 1
github.com/actual-software/mcp-bridge/services/gateway/internal/server/tcp_handler.go:108.3,109.17 2 1
github.com/actual-software/mcp-bridge/services/gateway/internal/server/tcp_handler.go:109.17,113.51 3 1
github.com/actual-software/mcp-bridge/services/gateway/internal/server/tcp_handler.go:113.51,118.33 3 0
github.com/actual-software/mcp-bridge/services/gateway/internal/server/tcp_handler.go:118.33,119.56 1 0
github.com/actual-software/mcp-bridge/services/gateway/internal/server/tcp_handler.go:119.56,126.34 3 0
github.com/actual-software/mcp-bridge/services/gateway/internal/server/tcp_handler.go:126.34,130.16 2 0
github.com/actual-software/mcp-bridge/services/gateway/internal/server/tcp_handler.go:134.7,138.13 2 0
github.com/actual-software/mcp-bridge/services/gateway/internal/server/tcp_handler.go:141.6,141.11 1 0
github.com/actual-software/mcp-bridge/services/gateway/internal/server/tcp_handler.go:144.5,144.13 1 0
github.com/actual-software/mcp-bridge/services/gateway/internal/server/tcp_handler.go:147.4,149.10 2 1
github.com/actual-software/mcp-bridge/services/gateway/internal/server/tcp_handler.go:153.3,153.74 1 1
github.com/actual-software/mcp-bridge/services/gateway/internal/server/tcp_handler.go:153.74,161.4 3 1
github.com/actual-software/mcp-bridge/services/gateway/internal/server/tcp_handler.go:164.3,164.18 1 1
github.com/actual-software/mcp-bridge/services/gateway/internal/server/tcp_handler.go:165.43,168.25 2 1
github.com/actual-software/mcp-bridge/services/gateway/internal/server/tcp_handler.go:168.25,171.13 2 0
github.com/actual-software/mcp-bridge/services/gateway/internal/server/tcp_handler.go:175.4,176.11 2 1
github.com/actual-software/mcp-bridge/services/gateway/internal/server/tcp_handler.go:176.11,179.13 2 0
github.com/actual-software/mcp-bridge/services/gateway/internal/server/tcp_handler.go:183.4,186.18 2 1
github.com/actual-software/mcp-bridge/services/gateway/internal/server/tcp_handler.go:186.18,194.5 3 0
github.com/actual-software/mcp-bridge/services/gateway/internal/server/tcp_handler.go:196.4,203.59 4 1
github.com/actual-software/mcp-bridge/services/gateway/internal/server/tcp_handler.go:203.59,207.5 2 0
github.com/actual-software/mcp-bridge/services/gateway/internal/server/tcp_handler.go:209.4,213.12 2 1
github.com/actual-software/mcp-bridge/services/gateway/internal/server/tcp_handler.go:214.32,222.50 4 1
github.com/actual-software/mcp-bridge/services/gateway/internal/server/tcp_handler.go:222.50,226.19 3 0
github.com/actual-software/mcp-bridge/services/gateway/internal/server/tcp_handler.go:226.19,229.14 2 0
github.com/actual-software/mcp-bridge/services/gateway/internal/server/tcp_handler.go:231.10,231.46 1 1
github.com/actual-software/mcp-bridge/services/gateway/internal/server/tcp_handler.go:231.46,233.5 1 1
github.com/actual-software/mcp-bridge/services/gateway/internal/server/tcp_handler.go:233.10,236.13 2 0
github.com/actual-software/mcp-bridge/services/gateway/internal/server/tcp_handler.go:240.4,240.63 1 1
github.com/actual-software/mcp-bridge/services/gateway/internal/server/tcp_handler.go:240.63,243.13 2 0
github.com/actual-software/mcp-bridge/services/gateway/internal/server/tcp_handler.go:247.4,247.64 1 1
github.com/actual-software/mcp-bridge/services/gateway/internal/server/tcp_handler.go:247.64,250.13 2 0
github.com/actual-software/mcp-bridge/services/gateway/internal/server/tcp_handler.go:254.4,254.22 1 1
github.com/actual-software/mcp-bridge/services/gateway/internal/server/tcp_handler.go:254.22,255.35 1 1
github.com/actual-software/mcp-bridge/services/gateway/internal/server/tcp_handler.go:255.35,258.14 2 0
github.com/actual-software/mcp-bridge/services/gateway/internal/server/tcp_handler.go:262.5,263.12 2 1
github.com/actual-software/mcp-bridge/services/gateway/internal/server/tcp_handler.go:263.12,266.14 2 0
github.com/actual-software/mcp-bridge/services/gateway/internal/server/tcp_handler.go:269.5,270.12 2 1
github.com/actual-software/mcp-bridge/services/gateway/internal/server/tcp_handler.go:270.12,273.14 2 0
github.com/actual-software/mcp-bridge/services/gateway/internal/server/tcp_handler.go:277.5,277.59 1 1
github.com/actual-software/mcp-bridge/services/gateway/internal/server/tcp_handler.go:277.59,280.14 2 0
github.com/actual-software/mcp-bridge/services/gateway/internal/server/tcp_handler.go:284.5,285.19 2 1
github.com/actual-software/mcp-bridge/services/gateway/internal/server/tcp_handler.go:285.19,293.6 4 1
github.com/actual-software/mcp-bridge/services/gateway/internal/server/tcp_handler.go:296.5,297.19 2 1
github.com/actual-software/mcp-bridge/services/gateway/internal/server/tcp_handler.go:297.19,302.6 3 0
github.com/actual-software/mcp-bridge/services/gateway/internal/server/tcp_handler.go:304.5,315.56 3 1
github.com/actual-software/mcp-bridge/services/gateway/internal/server/tcp_handler.go:315.56,320.6 3 0
github.com/actual-software/mcp-bridge/services/gateway/internal/server/tcp_handler.go:322.5,324.13 2 1
github.com/actual-software/mcp-bridge/services/gateway/internal/server/tcp_handler.go:328.4,328.47 1 1
github.com/actual-software/mcp-bridge/services/gateway/internal/server/tcp_handler.go:328.47,329.94 1 0
github.com/actual-software/mcp-bridge/services/gateway/internal/server/tcp_handler.go:329.94,336.14 4 0
github.com/actual-software/mcp-bridge/services/gateway/internal/server/tcp_handler.go:341.4,342.18 2 1
github.com/actual-software/mcp-bridge/services/gateway/internal/server/tcp_handler.go:342.18,346.13 3 0
github.com/actual-software/mcp-bridge/services/gateway/internal/server/tcp_handler.go:349.4,349.16 1 1
github.com/actual-software/mcp-bridge/services/gateway/internal/server/tcp_handler.go:349.16,353.13 3 1
github.com/actual-software/mcp-bridge/services/gateway/internal/server/tcp_handler.go:357.4,359.30 2 1
github.com/actual-software/mcp-bridge/services/gateway/internal/server/tcp_handler.go:359.30,362.5 2 1
github.com/actual-software/mcp-bridge/services/gateway/internal/server/tcp_handler.go:364.36,370.32 4 1
github.com/actual-software/mcp-bridge/services/gateway/internal/server/tcp_handler.go:370.32,371.55 1 1
github.com/actual-software/mcp-bridge/services/gateway/internal/server/tcp_handler.go:371.55,380.33 4 0
github.com/actual-software/mcp-bridge/services/gateway/internal/server/tcp_handler.go:380.33,384.15 2 0
github.com/actual-software/mcp-bridge/services/gateway/internal/server/tcp_handler.go:388.6,392.12 2 0
github.com/actual-software/mcp-bridge/services/gateway/internal/server/tcp_handler.go:395.5,397.10 2 1
github.com/actual-software/mcp-bridge/services/gateway/internal/server/tcp_handler.go:400.32,404.11 3 0
github.com/actual-software/mcp-bridge/services/gateway/internal/server/tcp_handler.go:404.11,407.13 2 0
github.com/actual-software/mcp-bridge/services/gateway/internal/server/tcp_handler.go:410.4,410.71 1 0
github.com/actual-software/mcp-bridge/services/gateway/internal/server/tcp_handler.go:410.71,419.54 4 0
github.com/actual-software/mcp-bridge/services/gateway/internal/server/tcp_handler.go:419.54,421.6 1 0
github.com/actual-software/mcp-bridge/services/gateway/internal/server/tcp_handler.go:423.5,423.11 1 0
github.com/actual-software/mcp-bridge/services/gateway/internal/server/tcp_handler.go:426.11,429.38 1 0
github.com/actual-software/mcp-bridge/services/gateway/internal/server/tcp_handler.go:435.86,437.12 2 1
github.com/actual-software/mcp-bridge/services/gateway/internal/server/tcp_handler.go:437.12,440.3 2 1
github.com/actual-software/mcp-bridge/services/gateway/internal/server/tcp_handler.go:442.2,442.9 1 1
github.com/actual-software/mcp-bridge/services/gateway/internal/server/tcp_handler.go:443.14,444.14 1 1
github.com/actual-software/mcp-bridge/services/gateway/internal/server/tcp_handler.go:445.29,446.15 1 1
github.com/actual-software/mcp-bridge/services/gateway/internal/server/tcp_handler.go:451.128,453.15 2 1
github.com/actual-software/mcp-bridge/services/gateway/internal/server/tcp_handler.go:453.15,457.3 2 1
github.com/actual-software/mcp-bridge/services/gateway/internal/server/tcp_handler.go:460.2,470.59 7 1
github.com/actual-software/mcp-bridge/services/gateway/internal/server/tcp_handler.go:470.59,471.49 1 1
github.com/actual-software/mcp-bridge/services/gateway/internal/server/tcp_handler.go:471.49,473.4 1 0
github.com/actual-software/mcp-bridge/services/gateway/internal/server/tcp_handler.go:477.2,477.27 1 1
github.com/actual-software/mcp-bridge/services/gateway/internal/server/tcp_handler.go:477.27,478.71 1 0
github.com/actual-software/mcp-bridge/services/gateway/internal/server/tcp_handler.go:478.71,484.4 4 0
github.com/actual-software/mcp-bridge/services/gateway/internal/server/tcp_handler.go:488.2,497.16 4 1
github.com/actual-software/mcp-bridge/services/gateway/internal/server/tcp_handler.go:497.16,506.3 5 0
github.com/actual-software/mcp-bridge/services/gateway/internal/server/tcp_handler.go:509.2,509.53 1 1
github.com/actual-software/mcp-bridge/services/gateway/internal/server/tcp_handler.go:509.53,515.3 4 0
github.com/actual-software/mcp-bridge/services/gateway/internal/server/tcp_handler.go:518.2,522.66 4 1
github.com/actual-software/mcp-bridge/services/gateway/internal/server/tcp_handler.go:526.91,536.53 2 1
github.com/actual-software/mcp-bridge/services/gateway/internal/server/tcp_handler.go:536.53,539.3 2 0
github.com/actual-software/mcp-bridge/services/gateway/internal/server/tcp_handler.go:539.8,541.3 1 1
github.com/actual-software/mcp-bridge/services/gateway/internal/server/tcp_handler.go:545.83,552.60 2 1
github.com/actual-software/mcp-bridge/services/gateway/internal/server/tcp_handler.go:552.60,556.3 2 0
github.com/actual-software/mcp-bridge/services/gateway/internal/server/tcp_handler.go:558.2,558.42 1 1
github.com/actual-software/mcp-bridge/services/gateway/internal/server/tcp_handler.go:558.42,560.3 1 1
github.com/actual-software/mcp-bridge/services/gateway/internal/server/tcp_handler.go:564.99,566.16 2 1
github.com/actual-software/mcp-bridge/services/gateway/internal/server/tcp_handler.go:566.16,568.3 1 0
github.com/actual-software/mcp-bridge/services/gateway/internal/server/tcp_handler.go:570.2,576.60 2 1
github.com/actual-software/mcp-bridge/services/gateway/internal/server/tcp_handler.go:576.60,578.3 1 0
github.com/actual-software/mcp-bridge/services/gateway/internal/server/tcp_handler.go:580.2,580.42 1 1
github.com/actual-software/mcp-bridge/services/gateway/internal/server/tcp_handler.go:580.42,582.3 1 0
github.com/actual-software/mcp-bridge/services/gateway/internal/server/tcp_handler.go:584.2,586.12 2 1
github.com/actual-software/mcp-bridge/services/gateway/internal/server/tcp_health.go:33.124,44.2 2 1
github.com/actual-software/mcp-bridge/services/gateway/internal/server/tcp_health.go:47.41,51.17 3 1
github.com/actual-software/mcp-bridge/services/gateway/internal/server/tcp_health.go:51.17,54.3 1 1
github.com/actual-software/mcp-bridge/services/gateway/internal/server/tcp_health.go:57.2,60.16 3 1
github.com/actual-software/mcp-bridge/services/gateway/internal/server/tcp_health.go:60.16,62.3 1 0
github.com/actual-software/mcp-bridge/services/gateway/internal/server/tcp_health.go:64.2,70.12 4 1
github.com/actual-software/mcp-bridge/services/gateway/internal/server/tcp_health.go:74.40,82.23 4 1
github.com/actual-software/mcp-bridge/services/gateway/internal/server/tcp_health.go:82.23,83.44 1 1
github.com/actual-software/mcp-bridge/services/gateway/internal/server/tcp_health.go:83.44,85.4 1 0
github.com/actual-software/mcp-bridge/services/gateway/internal/server/tcp_health.go:89.2,93.12 3 1
github.com/actual-software/mcp-bridge/services/gateway/internal/server/tcp_health.go:97.40,100.6 2 1
github.com/actual-software/mcp-bridge/services/gateway/internal/server/tcp_health.go:100.6,101.10 1 1
github.com/actual-software/mcp-bridge/services/gateway/internal/server/tcp_health.go:102.23,103.10 1 0
github.com/actual-software/mcp-bridge/services/gateway/internal/server/tcp_health.go:104.11,104.11 0 1
github.com/actual-software/mcp-bridge/services/gateway/internal/server/tcp_health.go:108.3,108.59 1 1
github.com/actual-software/mcp-bridge/services/gateway/internal/server/tcp_health.go:108.59,109.79 1 1
github.com/actual-software/mcp-bridge/services/gateway/internal/server/tcp_health.go:109.79,111.5 1 0
github.com/actual-software/mcp-bridge/services/gateway/internal/server/tcp_health.go:114.3,115.17 2 1
github.com/actual-software/mcp-bridge/services/gateway/internal/server/tcp_health.go:115.17,117.51 2 1
github.com/actual-software/mcp-bridge/services/gateway/internal/server/tcp_health.go:117.51,118.13 1 0
github.com/actual-software/mcp-bridge/services/gateway/internal/server/tcp_health.go:121.4,121.26 1 1
github.com/actual-software/mcp-bridge/services/gateway/internal/server/tcp_health.go:121.26,123.5 1 1
github.com/actual-software/mcp-bridge/services/gateway/internal/server/tcp_health.go:125.4,127.12 2 0
github.com/actual-software/mcp-bridge/services/gateway/internal/server/tcp_health.go:131.3,133.13 2 1
github.com/actual-software/mcp-bridge/services/gateway/internal/server/tcp_health.go:133.13,136.4 2 1
github.com/actual-software/mcp-bridge/services/gateway/internal/server/tcp_health.go:141.59,142.15 1 1
github.com/actual-software/mcp-bridge/services/gateway/internal/server/tcp_health.go:142.15,143.38 1 1
github.com/actual-software/mcp-bridge/services/gateway/internal/server/tcp_health.go:143.38,145.4 1 1
github.com/actual-software/mcp-bridge/services/gateway/internal/server/tcp_health.go:148.2,153.15 4 1
github.com/actual-software/mcp-bridge/services/gateway/internal/server/tcp_health.go:153.15,154.43 1 1
github.com/actual-software/mcp-bridge/services/gateway/internal/server/tcp_health.go:154.43,156.4 1 0
github.com/actual-software/mcp-bridge/services/gateway/internal/server/tcp_health.go:160.2,160.83 1 1
github.com/actual-software/mcp-bridge/services/gateway/internal/server/tcp_health.go:160.83,162.3 1 0
github.com/actual-software/mcp-bridge/services/gateway/internal/server/tcp_health.go:165.2,166.16 2 1
github.com/actual-software/mcp-bridge/services/gateway/internal/server/tcp_health.go:166.16,171.3 3 1
github.com/actual-software/mcp-bridge/services/gateway/internal/server/tcp_health.go:174.2,174.44 1 1
github.com/actual-software/mcp-bridge/services/gateway/internal/server/tcp_health.go:174.44,181.3 3 1
github.com/actual-software/mcp-bridge/services/gateway/internal/server/tcp_health.go:183.2,196.49 4 1
github.com/actual-software/mcp-bridge/services/gateway/internal/server/tcp_health.go:196.49,197.49 1 1
github.com/actual-software/mcp-bridge/services/gateway/internal/server/tcp_health.go:197.49,199.21 1 1
github.com/actual-software/mcp-bridge/services/gateway/internal/server/tcp_health.go:200.18,204.6 1 1
github.com/actual-software/mcp-bridge/services/gateway/internal/server/tcp_health.go:205.20,205.20 0 1
github.com/actual-software/mcp-bridge/services/gateway/internal/server/tcp_health.go:207.12,207.12 0 0
github.com/actual-software/mcp-bridge/services/gateway/internal/server/tcp_health.go:214.2,215.16 2 1
github.com/actual-software/mcp-bridge/services/gateway/internal/server/tcp_health.go:215.16,219.3 2 0
github.com/actual-software/mcp-bridge/services/gateway/internal/server/tcp_health.go:222.2,228.60 2 1
github.com/actual-software/mcp-bridge/services/gateway/internal/server/tcp_health.go:228.60,233.3 3 0
github.com/actual-software/mcp-bridge/services/gateway/internal/server/tcp_health.go:235.2,235.42 1 1
github.com/actual-software/mcp-bridge/services/gateway/internal/server/tcp_health.go:235.42,240.3 3 0
github.com/actual-software/mcp-bridge/services/gateway/internal/server/tcp_health.go:242.2,245.39 2 1
