mode: set
github.com/poiley/mcp-bridge/services/gateway/cmd/mcp-gateway/admin.go:18.32,31.2 6 1
github.com/poiley/mcp-bridge/services/gateway/cmd/mcp-gateway/admin.go:34.33,38.55 1 1
github.com/poiley/mcp-bridge/services/gateway/cmd/mcp-gateway/admin.go:38.55,53.4 11 1
github.com/poiley/mcp-bridge/services/gateway/cmd/mcp-gateway/admin.go:58.32,69.2 5 1
github.com/poiley/mcp-bridge/services/gateway/cmd/mcp-gateway/admin.go:72.38,76.55 1 1
github.com/poiley/mcp-bridge/services/gateway/cmd/mcp-gateway/admin.go:76.55,79.18 2 1
github.com/poiley/mcp-bridge/services/gateway/cmd/mcp-gateway/admin.go:79.18,81.5 1 0
github.com/poiley/mcp-bridge/services/gateway/cmd/mcp-gateway/admin.go:82.4,83.18 2 1
github.com/poiley/mcp-bridge/services/gateway/cmd/mcp-gateway/admin.go:83.18,85.5 1 0
github.com/poiley/mcp-bridge/services/gateway/cmd/mcp-gateway/admin.go:86.4,87.18 2 1
github.com/poiley/mcp-bridge/services/gateway/cmd/mcp-gateway/admin.go:87.18,89.5 1 0
github.com/poiley/mcp-bridge/services/gateway/cmd/mcp-gateway/admin.go:92.4,93.23 2 1
github.com/poiley/mcp-bridge/services/gateway/cmd/mcp-gateway/admin.go:93.23,95.5 1 1
github.com/poiley/mcp-bridge/services/gateway/cmd/mcp-gateway/admin.go:98.4,99.20 2 1
github.com/poiley/mcp-bridge/services/gateway/cmd/mcp-gateway/admin.go:99.20,101.19 2 1
github.com/poiley/mcp-bridge/services/gateway/cmd/mcp-gateway/admin.go:101.19,103.6 1 1
github.com/poiley/mcp-bridge/services/gateway/cmd/mcp-gateway/admin.go:104.5,104.41 1 1
github.com/poiley/mcp-bridge/services/gateway/cmd/mcp-gateway/admin.go:108.4,109.23 2 1
github.com/poiley/mcp-bridge/services/gateway/cmd/mcp-gateway/admin.go:109.23,113.5 2 1
github.com/poiley/mcp-bridge/services/gateway/cmd/mcp-gateway/admin.go:116.4,135.18 4 1
github.com/poiley/mcp-bridge/services/gateway/cmd/mcp-gateway/admin.go:135.18,137.5 1 0
github.com/poiley/mcp-bridge/services/gateway/cmd/mcp-gateway/admin.go:140.4,149.14 9 1
github.com/poiley/mcp-bridge/services/gateway/cmd/mcp-gateway/admin.go:153.2,157.12 4 1
github.com/poiley/mcp-bridge/services/gateway/cmd/mcp-gateway/admin.go:161.36,165.55 1 1
github.com/poiley/mcp-bridge/services/gateway/cmd/mcp-gateway/admin.go:165.55,178.4 11 1
github.com/poiley/mcp-bridge/services/gateway/cmd/mcp-gateway/admin.go:183.38,188.55 1 1
github.com/poiley/mcp-bridge/services/gateway/cmd/mcp-gateway/admin.go:188.55,195.4 4 1
github.com/poiley/mcp-bridge/services/gateway/cmd/mcp-gateway/admin.go:200.36,209.2 3 1
github.com/poiley/mcp-bridge/services/gateway/cmd/mcp-gateway/admin.go:212.40,216.55 1 1
github.com/poiley/mcp-bridge/services/gateway/cmd/mcp-gateway/admin.go:216.55,251.34 5 1
github.com/poiley/mcp-bridge/services/gateway/cmd/mcp-gateway/admin.go:251.34,258.5 6 1
github.com/poiley/mcp-bridge/services/gateway/cmd/mcp-gateway/admin.go:260.4,260.14 1 1
github.com/poiley/mcp-bridge/services/gateway/cmd/mcp-gateway/admin.go:266.32,276.2 4 1
github.com/poiley/mcp-bridge/services/gateway/cmd/mcp-gateway/admin.go:279.38,283.55 1 1
github.com/poiley/mcp-bridge/services/gateway/cmd/mcp-gateway/admin.go:283.55,299.33 5 1
github.com/poiley/mcp-bridge/services/gateway/cmd/mcp-gateway/admin.go:299.33,301.27 2 1
github.com/poiley/mcp-bridge/services/gateway/cmd/mcp-gateway/admin.go:301.27,303.6 1 1
github.com/poiley/mcp-bridge/services/gateway/cmd/mcp-gateway/admin.go:306.4,309.14 3 1
github.com/poiley/mcp-bridge/services/gateway/cmd/mcp-gateway/admin.go:315.39,319.55 1 1
github.com/poiley/mcp-bridge/services/gateway/cmd/mcp-gateway/admin.go:319.55,333.37 5 1
github.com/poiley/mcp-bridge/services/gateway/cmd/mcp-gateway/admin.go:333.37,335.5 1 1
github.com/poiley/mcp-bridge/services/gateway/cmd/mcp-gateway/admin.go:337.4,337.14 1 1
github.com/poiley/mcp-bridge/services/gateway/cmd/mcp-gateway/admin.go:343.36,345.44 2 1
github.com/poiley/mcp-bridge/services/gateway/cmd/mcp-gateway/admin.go:345.44,348.3 1 0
github.com/poiley/mcp-bridge/services/gateway/cmd/mcp-gateway/admin.go:350.2,350.49 1 1
github.com/poiley/mcp-bridge/services/gateway/cmd/mcp-gateway/admin.go:354.31,356.44 2 1
github.com/poiley/mcp-bridge/services/gateway/cmd/mcp-gateway/admin.go:356.44,359.3 1 0
github.com/poiley/mcp-bridge/services/gateway/cmd/mcp-gateway/admin.go:361.2,361.75 1 1
github.com/poiley/mcp-bridge/services/gateway/cmd/mcp-gateway/main.go:33.13,49.42 6 0
github.com/poiley/mcp-bridge/services/gateway/cmd/mcp-gateway/main.go:49.42,52.3 2 0
github.com/poiley/mcp-bridge/services/gateway/cmd/mcp-gateway/main.go:55.51,58.16 2 1
github.com/poiley/mcp-bridge/services/gateway/cmd/mcp-gateway/main.go:58.16,60.3 1 1
github.com/poiley/mcp-bridge/services/gateway/cmd/mcp-gateway/main.go:62.2,62.17 1 1
github.com/poiley/mcp-bridge/services/gateway/cmd/mcp-gateway/main.go:62.17,69.3 5 1
github.com/poiley/mcp-bridge/services/gateway/cmd/mcp-gateway/main.go:72.2,73.16 2 1
github.com/poiley/mcp-bridge/services/gateway/cmd/mcp-gateway/main.go:73.16,75.3 1 0
github.com/poiley/mcp-bridge/services/gateway/cmd/mcp-gateway/main.go:77.2,78.16 2 1
github.com/poiley/mcp-bridge/services/gateway/cmd/mcp-gateway/main.go:78.16,80.3 1 1
github.com/poiley/mcp-bridge/services/gateway/cmd/mcp-gateway/main.go:82.2,82.15 1 1
github.com/poiley/mcp-bridge/services/gateway/cmd/mcp-gateway/main.go:82.15,83.47 1 1
github.com/poiley/mcp-bridge/services/gateway/cmd/mcp-gateway/main.go:83.47,85.4 1 1
github.com/poiley/mcp-bridge/services/gateway/cmd/mcp-gateway/main.go:89.2,90.16 2 1
github.com/poiley/mcp-bridge/services/gateway/cmd/mcp-gateway/main.go:90.16,92.3 1 0
github.com/poiley/mcp-bridge/services/gateway/cmd/mcp-gateway/main.go:94.2,95.16 2 1
github.com/poiley/mcp-bridge/services/gateway/cmd/mcp-gateway/main.go:95.16,97.3 1 1
github.com/poiley/mcp-bridge/services/gateway/cmd/mcp-gateway/main.go:100.2,115.16 8 1
github.com/poiley/mcp-bridge/services/gateway/cmd/mcp-gateway/main.go:115.16,117.3 1 0
github.com/poiley/mcp-bridge/services/gateway/cmd/mcp-gateway/main.go:120.2,121.16 2 1
github.com/poiley/mcp-bridge/services/gateway/cmd/mcp-gateway/main.go:121.16,123.3 1 0
github.com/poiley/mcp-bridge/services/gateway/cmd/mcp-gateway/main.go:126.2,127.16 2 1
github.com/poiley/mcp-bridge/services/gateway/cmd/mcp-gateway/main.go:127.16,129.3 1 1
github.com/poiley/mcp-bridge/services/gateway/cmd/mcp-gateway/main.go:132.2,132.52 1 0
github.com/poiley/mcp-bridge/services/gateway/cmd/mcp-gateway/main.go:132.52,134.3 1 0
github.com/poiley/mcp-bridge/services/gateway/cmd/mcp-gateway/main.go:137.2,143.67 3 0
github.com/poiley/mcp-bridge/services/gateway/cmd/mcp-gateway/main.go:143.67,145.19 2 0
github.com/poiley/mcp-bridge/services/gateway/cmd/mcp-gateway/main.go:145.19,147.4 1 0
github.com/poiley/mcp-bridge/services/gateway/cmd/mcp-gateway/main.go:149.3,149.35 1 0
github.com/poiley/mcp-bridge/services/gateway/cmd/mcp-gateway/main.go:153.2,154.38 2 0
github.com/poiley/mcp-bridge/services/gateway/cmd/mcp-gateway/main.go:154.38,158.3 2 0
github.com/poiley/mcp-bridge/services/gateway/cmd/mcp-gateway/main.go:158.8,162.3 2 0
github.com/poiley/mcp-bridge/services/gateway/cmd/mcp-gateway/main.go:165.2,182.12 3 0
github.com/poiley/mcp-bridge/services/gateway/cmd/mcp-gateway/main.go:182.12,185.87 2 0
github.com/poiley/mcp-bridge/services/gateway/cmd/mcp-gateway/main.go:185.87,187.4 1 0
github.com/poiley/mcp-bridge/services/gateway/cmd/mcp-gateway/main.go:191.2,192.12 2 0
github.com/poiley/mcp-bridge/services/gateway/cmd/mcp-gateway/main.go:192.12,193.46 1 0
github.com/poiley/mcp-bridge/services/gateway/cmd/mcp-gateway/main.go:193.46,195.4 1 0
github.com/poiley/mcp-bridge/services/gateway/cmd/mcp-gateway/main.go:199.2,200.12 2 0
github.com/poiley/mcp-bridge/services/gateway/cmd/mcp-gateway/main.go:200.12,207.3 2 0
github.com/poiley/mcp-bridge/services/gateway/cmd/mcp-gateway/main.go:210.2,210.9 1 0
github.com/poiley/mcp-bridge/services/gateway/cmd/mcp-gateway/main.go:211.17,212.42 1 0
github.com/poiley/mcp-bridge/services/gateway/cmd/mcp-gateway/main.go:213.30,214.17 1 0
github.com/poiley/mcp-bridge/services/gateway/cmd/mcp-gateway/main.go:214.17,218.4 2 0
github.com/poiley/mcp-bridge/services/gateway/cmd/mcp-gateway/main.go:222.2,228.60 4 0
github.com/poiley/mcp-bridge/services/gateway/cmd/mcp-gateway/main.go:228.60,230.3 1 0
github.com/poiley/mcp-bridge/services/gateway/cmd/mcp-gateway/main.go:233.2,233.60 1 0
github.com/poiley/mcp-bridge/services/gateway/cmd/mcp-gateway/main.go:233.60,235.3 1 0
github.com/poiley/mcp-bridge/services/gateway/cmd/mcp-gateway/main.go:238.2,246.43 4 0
github.com/poiley/mcp-bridge/services/gateway/cmd/mcp-gateway/main.go:246.43,248.3 1 0
github.com/poiley/mcp-bridge/services/gateway/cmd/mcp-gateway/main.go:250.2,252.12 2 0
github.com/poiley/mcp-bridge/services/gateway/cmd/mcp-gateway/main.go:255.52,258.62 2 1
github.com/poiley/mcp-bridge/services/gateway/cmd/mcp-gateway/main.go:258.62,260.3 1 1
github.com/poiley/mcp-bridge/services/gateway/cmd/mcp-gateway/main.go:263.2,279.16 6 1
github.com/poiley/mcp-bridge/services/gateway/cmd/mcp-gateway/main.go:279.16,281.3 1 0
github.com/poiley/mcp-bridge/services/gateway/cmd/mcp-gateway/main.go:283.2,283.63 1 1
